{
  "instant" : {
    "epochSecond" : 1657187283,
    "nanoOfSecond" : 752300300
  },
  "thread" : "JavaFX Application Thread",
  "level" : "DEBUG",
  "loggerName" : "com.wimfra.tourplanner.TourPlannerApplication",
  "message" : "Program is starting",
  "endOfBatch" : false,
  "loggerFqcn" : "org.apache.logging.log4j.spi.AbstractLogger",
  "threadId" : 18,
  "threadPriority" : 5
}
{
  "instant" : {
    "epochSecond" : 1657187283,
    "nanoOfSecond" : 905295500
  },
  "thread" : "JavaFX Application Thread",
  "level" : "DEBUG",
  "loggerName" : "com.wimfra.tourplanner.TourPlannerApplication",
  "message" : "Loading stage...",
  "endOfBatch" : false,
  "loggerFqcn" : "org.apache.logging.log4j.spi.AbstractLogger",
  "threadId" : 18,
  "threadPriority" : 5
}
{
  "instant" : {
    "epochSecond" : 1657187284,
    "nanoOfSecond" : 146282900
  },
  "thread" : "JavaFX Application Thread",
  "level" : "DEBUG",
  "loggerName" : "com.wimfra.tourplanner.configuration.PropertyConfigurationReader",
  "message" : "Reading properties from file",
  "endOfBatch" : false,
  "loggerFqcn" : "org.apache.logging.log4j.spi.AbstractLogger",
  "threadId" : 18,
  "threadPriority" : 5
}
{
  "instant" : {
    "epochSecond" : 1657187288,
    "nanoOfSecond" : 352243100
  },
  "thread" : "JavaFX Application Thread",
  "level" : "DEBUG",
  "loggerName" : "com.wimfra.tourplanner.TourPlannerApplication",
  "message" : "Loading completed!",
  "endOfBatch" : false,
  "loggerFqcn" : "org.apache.logging.log4j.spi.AbstractLogger",
  "threadId" : 18,
  "threadPriority" : 5
}
{
  "instant" : {
    "epochSecond" : 1657187434,
    "nanoOfSecond" : 134676100
  },
  "thread" : "JavaFX Application Thread",
  "level" : "DEBUG",
  "loggerName" : "com.wimfra.tourplanner.TourPlannerApplication",
  "message" : "Program is starting",
  "endOfBatch" : false,
  "loggerFqcn" : "org.apache.logging.log4j.spi.AbstractLogger",
  "threadId" : 20,
  "threadPriority" : 5
}
{
  "instant" : {
    "epochSecond" : 1657187434,
    "nanoOfSecond" : 347753700
  },
  "thread" : "JavaFX Application Thread",
  "level" : "DEBUG",
  "loggerName" : "com.wimfra.tourplanner.TourPlannerApplication",
  "message" : "Loading stage...",
  "endOfBatch" : false,
  "loggerFqcn" : "org.apache.logging.log4j.spi.AbstractLogger",
  "threadId" : 20,
  "threadPriority" : 5
}
{
  "instant" : {
    "epochSecond" : 1657187434,
    "nanoOfSecond" : 419662600
  },
  "thread" : "JavaFX Application Thread",
  "level" : "DEBUG",
  "loggerName" : "com.wimfra.tourplanner.configuration.PropertyConfigurationReader",
  "message" : "Reading properties from file",
  "endOfBatch" : false,
  "loggerFqcn" : "org.apache.logging.log4j.spi.AbstractLogger",
  "threadId" : 20,
  "threadPriority" : 5
}
{
  "instant" : {
    "epochSecond" : 1657187438,
    "nanoOfSecond" : 59293800
  },
  "thread" : "JavaFX Application Thread",
  "level" : "DEBUG",
  "loggerName" : "com.wimfra.tourplanner.TourPlannerApplication",
  "message" : "Loading completed!",
  "endOfBatch" : false,
  "loggerFqcn" : "org.apache.logging.log4j.spi.AbstractLogger",
  "threadId" : 20,
  "threadPriority" : 5
}
{
  "instant" : {
    "epochSecond" : 1657187684,
    "nanoOfSecond" : 688725500
  },
  "thread" : "JavaFX Application Thread",
  "level" : "DEBUG",
  "loggerName" : "com.wimfra.tourplanner.TourPlannerApplication",
  "message" : "Program is starting",
  "endOfBatch" : false,
  "loggerFqcn" : "org.apache.logging.log4j.spi.AbstractLogger",
  "threadId" : 18,
  "threadPriority" : 5
}
{
  "instant" : {
    "epochSecond" : 1657187684,
    "nanoOfSecond" : 847725900
  },
  "thread" : "JavaFX Application Thread",
  "level" : "DEBUG",
  "loggerName" : "com.wimfra.tourplanner.TourPlannerApplication",
  "message" : "Loading stage...",
  "endOfBatch" : false,
  "loggerFqcn" : "org.apache.logging.log4j.spi.AbstractLogger",
  "threadId" : 18,
  "threadPriority" : 5
}
{
  "instant" : {
    "epochSecond" : 1657187684,
    "nanoOfSecond" : 908731000
  },
  "thread" : "JavaFX Application Thread",
  "level" : "DEBUG",
  "loggerName" : "com.wimfra.tourplanner.configuration.PropertyConfigurationReader",
  "message" : "Reading properties from file",
  "endOfBatch" : false,
  "loggerFqcn" : "org.apache.logging.log4j.spi.AbstractLogger",
  "threadId" : 18,
  "threadPriority" : 5
}
{
  "instant" : {
    "epochSecond" : 1657187688,
    "nanoOfSecond" : 270117900
  },
  "thread" : "JavaFX Application Thread",
  "level" : "DEBUG",
  "loggerName" : "com.wimfra.tourplanner.TourPlannerApplication",
  "message" : "Loading completed!",
  "endOfBatch" : false,
  "loggerFqcn" : "org.apache.logging.log4j.spi.AbstractLogger",
  "threadId" : 18,
  "threadPriority" : 5
}
{
  "instant" : {
    "epochSecond" : 1657203658,
    "nanoOfSecond" : 182789900
  },
  "thread" : "JavaFX Application Thread",
  "level" : "DEBUG",
  "loggerName" : "com.wimfra.tourplanner.TourPlannerApplication",
  "message" : "Program is starting",
  "endOfBatch" : false,
  "loggerFqcn" : "org.apache.logging.log4j.spi.AbstractLogger",
  "threadId" : 18,
  "threadPriority" : 5
}
{
  "instant" : {
    "epochSecond" : 1657203658,
    "nanoOfSecond" : 280787300
  },
  "thread" : "JavaFX Application Thread",
  "level" : "DEBUG",
  "loggerName" : "com.wimfra.tourplanner.TourPlannerApplication",
  "message" : "Loading stage...",
  "endOfBatch" : false,
  "loggerFqcn" : "org.apache.logging.log4j.spi.AbstractLogger",
  "threadId" : 18,
  "threadPriority" : 5
}
{
  "instant" : {
    "epochSecond" : 1657203658,
    "nanoOfSecond" : 334787700
  },
  "thread" : "JavaFX Application Thread",
  "level" : "DEBUG",
  "loggerName" : "com.wimfra.tourplanner.configuration.PropertyConfigurationReader",
  "message" : "Reading properties from file",
  "endOfBatch" : false,
  "loggerFqcn" : "org.apache.logging.log4j.spi.AbstractLogger",
  "threadId" : 18,
  "threadPriority" : 5
}
{
  "instant" : {
    "epochSecond" : 1657203661,
    "nanoOfSecond" : 184162600
  },
  "thread" : "JavaFX Application Thread",
  "level" : "DEBUG",
  "loggerName" : "com.wimfra.tourplanner.TourPlannerApplication",
  "message" : "Loading completed!",
  "endOfBatch" : false,
  "loggerFqcn" : "org.apache.logging.log4j.spi.AbstractLogger",
  "threadId" : 18,
  "threadPriority" : 5
}
{
  "instant" : {
    "epochSecond" : 1657204159,
    "nanoOfSecond" : 679952500
  },
  "thread" : "JavaFX Application Thread",
  "level" : "DEBUG",
  "loggerName" : "com.wimfra.tourplanner.TourPlannerApplication",
  "message" : "Program is starting",
  "endOfBatch" : false,
  "loggerFqcn" : "org.apache.logging.log4j.spi.AbstractLogger",
  "threadId" : 18,
  "threadPriority" : 5
}
{
  "instant" : {
    "epochSecond" : 1657204159,
    "nanoOfSecond" : 804953300
  },
  "thread" : "JavaFX Application Thread",
  "level" : "DEBUG",
  "loggerName" : "com.wimfra.tourplanner.TourPlannerApplication",
  "message" : "Loading stage...",
  "endOfBatch" : false,
  "loggerFqcn" : "org.apache.logging.log4j.spi.AbstractLogger",
  "threadId" : 18,
  "threadPriority" : 5
}
{
  "instant" : {
    "epochSecond" : 1657204159,
    "nanoOfSecond" : 884955300
  },
  "thread" : "JavaFX Application Thread",
  "level" : "DEBUG",
  "loggerName" : "com.wimfra.tourplanner.configuration.PropertyConfigurationReader",
  "message" : "Reading properties from file",
  "endOfBatch" : false,
  "loggerFqcn" : "org.apache.logging.log4j.spi.AbstractLogger",
  "threadId" : 18,
  "threadPriority" : 5
}
{
  "instant" : {
    "epochSecond" : 1657204163,
    "nanoOfSecond" : 129832200
  },
  "thread" : "JavaFX Application Thread",
  "level" : "DEBUG",
  "loggerName" : "com.wimfra.tourplanner.TourPlannerApplication",
  "message" : "Loading completed!",
  "endOfBatch" : false,
  "loggerFqcn" : "org.apache.logging.log4j.spi.AbstractLogger",
  "threadId" : 18,
  "threadPriority" : 5
}
{
  "instant" : {
    "epochSecond" : 1657204412,
    "nanoOfSecond" : 66485300
  },
  "thread" : "JavaFX Application Thread",
  "level" : "DEBUG",
  "loggerName" : "com.wimfra.tourplanner.TourPlannerApplication",
  "message" : "Program is starting",
  "endOfBatch" : false,
  "loggerFqcn" : "org.apache.logging.log4j.spi.AbstractLogger",
  "threadId" : 18,
  "threadPriority" : 5
}
{
  "instant" : {
    "epochSecond" : 1657204412,
    "nanoOfSecond" : 192485600
  },
  "thread" : "JavaFX Application Thread",
  "level" : "DEBUG",
  "loggerName" : "com.wimfra.tourplanner.TourPlannerApplication",
  "message" : "Loading stage...",
  "endOfBatch" : false,
  "loggerFqcn" : "org.apache.logging.log4j.spi.AbstractLogger",
  "threadId" : 18,
  "threadPriority" : 5
}
{
  "instant" : {
    "epochSecond" : 1657204412,
    "nanoOfSecond" : 256479600
  },
  "thread" : "JavaFX Application Thread",
  "level" : "DEBUG",
  "loggerName" : "com.wimfra.tourplanner.configuration.PropertyConfigurationReader",
  "message" : "Reading properties from file",
  "endOfBatch" : false,
  "loggerFqcn" : "org.apache.logging.log4j.spi.AbstractLogger",
  "threadId" : 18,
  "threadPriority" : 5
}
{
  "instant" : {
    "epochSecond" : 1657204414,
    "nanoOfSecond" : 686374000
  },
  "thread" : "JavaFX Application Thread",
  "level" : "DEBUG",
  "loggerName" : "com.wimfra.tourplanner.TourPlannerApplication",
  "message" : "Loading completed!",
  "endOfBatch" : false,
  "loggerFqcn" : "org.apache.logging.log4j.spi.AbstractLogger",
  "threadId" : 18,
  "threadPriority" : 5
}
{
  "instant" : {
    "epochSecond" : 1657205045,
    "nanoOfSecond" : 298309900
  },
  "thread" : "JavaFX Application Thread",
  "level" : "DEBUG",
  "loggerName" : "com.wimfra.tourplanner.TourPlannerApplication",
  "message" : "Program is starting",
  "endOfBatch" : false,
  "loggerFqcn" : "org.apache.logging.log4j.spi.AbstractLogger",
  "threadId" : 18,
  "threadPriority" : 5
}
{
  "instant" : {
    "epochSecond" : 1657205045,
    "nanoOfSecond" : 400313200
  },
  "thread" : "JavaFX Application Thread",
  "level" : "DEBUG",
  "loggerName" : "com.wimfra.tourplanner.TourPlannerApplication",
  "message" : "Loading stage...",
  "endOfBatch" : false,
  "loggerFqcn" : "org.apache.logging.log4j.spi.AbstractLogger",
  "threadId" : 18,
  "threadPriority" : 5
}
{
  "instant" : {
    "epochSecond" : 1657205045,
    "nanoOfSecond" : 460302200
  },
  "thread" : "JavaFX Application Thread",
  "level" : "DEBUG",
  "loggerName" : "com.wimfra.tourplanner.configuration.PropertyConfigurationReader",
  "message" : "Reading properties from file",
  "endOfBatch" : false,
  "loggerFqcn" : "org.apache.logging.log4j.spi.AbstractLogger",
  "threadId" : 18,
  "threadPriority" : 5
}
{
  "instant" : {
    "epochSecond" : 1657205047,
    "nanoOfSecond" : 984222300
  },
  "thread" : "JavaFX Application Thread",
  "level" : "DEBUG",
  "loggerName" : "com.wimfra.tourplanner.TourPlannerApplication",
  "message" : "Loading completed!",
  "endOfBatch" : false,
  "loggerFqcn" : "org.apache.logging.log4j.spi.AbstractLogger",
  "threadId" : 18,
  "threadPriority" : 5
}
{
  "instant" : {
    "epochSecond" : 1657205611,
    "nanoOfSecond" : 741068700
  },
  "thread" : "JavaFX Application Thread",
  "level" : "DEBUG",
  "loggerName" : "com.wimfra.tourplanner.TourPlannerApplication",
  "message" : "Program is starting",
  "endOfBatch" : false,
  "loggerFqcn" : "org.apache.logging.log4j.spi.AbstractLogger",
  "threadId" : 18,
  "threadPriority" : 5
}
{
  "instant" : {
    "epochSecond" : 1657205611,
    "nanoOfSecond" : 860063400
  },
  "thread" : "JavaFX Application Thread",
  "level" : "DEBUG",
  "loggerName" : "com.wimfra.tourplanner.TourPlannerApplication",
  "message" : "Loading stage...",
  "endOfBatch" : false,
  "loggerFqcn" : "org.apache.logging.log4j.spi.AbstractLogger",
  "threadId" : 18,
  "threadPriority" : 5
}
{
  "instant" : {
    "epochSecond" : 1657205611,
    "nanoOfSecond" : 914053700
  },
  "thread" : "JavaFX Application Thread",
  "level" : "DEBUG",
  "loggerName" : "com.wimfra.tourplanner.configuration.PropertyConfigurationReader",
  "message" : "Reading properties from file",
  "endOfBatch" : false,
  "loggerFqcn" : "org.apache.logging.log4j.spi.AbstractLogger",
  "threadId" : 18,
  "threadPriority" : 5
}
{
  "instant" : {
    "epochSecond" : 1657205614,
    "nanoOfSecond" : 437837400
  },
  "thread" : "JavaFX Application Thread",
  "level" : "DEBUG",
  "loggerName" : "com.wimfra.tourplanner.TourPlannerApplication",
  "message" : "Loading completed!",
  "endOfBatch" : false,
  "loggerFqcn" : "org.apache.logging.log4j.spi.AbstractLogger",
  "threadId" : 18,
  "threadPriority" : 5
}
{
  "instant" : {
    "epochSecond" : 1657205754,
    "nanoOfSecond" : 644505500
  },
  "thread" : "JavaFX Application Thread",
  "level" : "DEBUG",
  "loggerName" : "com.wimfra.tourplanner.TourPlannerApplication",
  "message" : "Program is starting",
  "endOfBatch" : false,
  "loggerFqcn" : "org.apache.logging.log4j.spi.AbstractLogger",
  "threadId" : 18,
  "threadPriority" : 5
}
{
  "instant" : {
    "epochSecond" : 1657205754,
    "nanoOfSecond" : 740508500
  },
  "thread" : "JavaFX Application Thread",
  "level" : "DEBUG",
  "loggerName" : "com.wimfra.tourplanner.TourPlannerApplication",
  "message" : "Loading stage...",
  "endOfBatch" : false,
  "loggerFqcn" : "org.apache.logging.log4j.spi.AbstractLogger",
  "threadId" : 18,
  "threadPriority" : 5
}
{
  "instant" : {
    "epochSecond" : 1657205754,
    "nanoOfSecond" : 783504400
  },
  "thread" : "JavaFX Application Thread",
  "level" : "DEBUG",
  "loggerName" : "com.wimfra.tourplanner.configuration.PropertyConfigurationReader",
  "message" : "Reading properties from file",
  "endOfBatch" : false,
  "loggerFqcn" : "org.apache.logging.log4j.spi.AbstractLogger",
  "threadId" : 18,
  "threadPriority" : 5
}
{
  "instant" : {
    "epochSecond" : 1657205757,
    "nanoOfSecond" : 619252200
  },
  "thread" : "JavaFX Application Thread",
  "level" : "DEBUG",
  "loggerName" : "com.wimfra.tourplanner.TourPlannerApplication",
  "message" : "Loading completed!",
  "endOfBatch" : false,
  "loggerFqcn" : "org.apache.logging.log4j.spi.AbstractLogger",
  "threadId" : 18,
  "threadPriority" : 5
}
{
  "instant" : {
    "epochSecond" : 1657205969,
    "nanoOfSecond" : 596006300
  },
  "thread" : "JavaFX Application Thread",
  "level" : "DEBUG",
  "loggerName" : "com.wimfra.tourplanner.TourPlannerApplication",
  "message" : "Program is starting",
  "endOfBatch" : false,
  "loggerFqcn" : "org.apache.logging.log4j.spi.AbstractLogger",
  "threadId" : 18,
  "threadPriority" : 5
}
{
  "instant" : {
    "epochSecond" : 1657205969,
    "nanoOfSecond" : 701021600
  },
  "thread" : "JavaFX Application Thread",
  "level" : "DEBUG",
  "loggerName" : "com.wimfra.tourplanner.TourPlannerApplication",
  "message" : "Loading stage...",
  "endOfBatch" : false,
  "loggerFqcn" : "org.apache.logging.log4j.spi.AbstractLogger",
  "threadId" : 18,
  "threadPriority" : 5
}
{
  "instant" : {
    "epochSecond" : 1657205969,
    "nanoOfSecond" : 754004800
  },
  "thread" : "JavaFX Application Thread",
  "level" : "DEBUG",
  "loggerName" : "com.wimfra.tourplanner.configuration.PropertyConfigurationReader",
  "message" : "Reading properties from file",
  "endOfBatch" : false,
  "loggerFqcn" : "org.apache.logging.log4j.spi.AbstractLogger",
  "threadId" : 18,
  "threadPriority" : 5
}
{
  "instant" : {
    "epochSecond" : 1657205972,
    "nanoOfSecond" : 580636500
  },
  "thread" : "JavaFX Application Thread",
  "level" : "DEBUG",
  "loggerName" : "com.wimfra.tourplanner.TourPlannerApplication",
  "message" : "Loading completed!",
  "endOfBatch" : false,
  "loggerFqcn" : "org.apache.logging.log4j.spi.AbstractLogger",
  "threadId" : 18,
  "threadPriority" : 5
}
{
  "instant" : {
    "epochSecond" : 1657206159,
    "nanoOfSecond" : 478466800
  },
  "thread" : "JavaFX Application Thread",
  "level" : "DEBUG",
  "loggerName" : "com.wimfra.tourplanner.TourPlannerApplication",
  "message" : "Program is starting",
  "endOfBatch" : false,
  "loggerFqcn" : "org.apache.logging.log4j.spi.AbstractLogger",
  "threadId" : 18,
  "threadPriority" : 5
}
{
  "instant" : {
    "epochSecond" : 1657206159,
    "nanoOfSecond" : 627479100
  },
  "thread" : "JavaFX Application Thread",
  "level" : "DEBUG",
  "loggerName" : "com.wimfra.tourplanner.TourPlannerApplication",
  "message" : "Loading stage...",
  "endOfBatch" : false,
  "loggerFqcn" : "org.apache.logging.log4j.spi.AbstractLogger",
  "threadId" : 18,
  "threadPriority" : 5
}
{
  "instant" : {
    "epochSecond" : 1657206159,
    "nanoOfSecond" : 714467600
  },
  "thread" : "JavaFX Application Thread",
  "level" : "DEBUG",
  "loggerName" : "com.wimfra.tourplanner.configuration.PropertyConfigurationReader",
  "message" : "Reading properties from file",
  "endOfBatch" : false,
  "loggerFqcn" : "org.apache.logging.log4j.spi.AbstractLogger",
  "threadId" : 18,
  "threadPriority" : 5
}
{
  "instant" : {
    "epochSecond" : 1657206163,
    "nanoOfSecond" : 374149300
  },
  "thread" : "JavaFX Application Thread",
  "level" : "DEBUG",
  "loggerName" : "com.wimfra.tourplanner.TourPlannerApplication",
  "message" : "Loading completed!",
  "endOfBatch" : false,
  "loggerFqcn" : "org.apache.logging.log4j.spi.AbstractLogger",
  "threadId" : 18,
  "threadPriority" : 5
}
{
  "instant" : {
    "epochSecond" : 1657206260,
    "nanoOfSecond" : 881308600
  },
  "thread" : "JavaFX Application Thread",
  "level" : "DEBUG",
  "loggerName" : "com.wimfra.tourplanner.TourPlannerApplication",
  "message" : "Program is starting",
  "endOfBatch" : false,
  "loggerFqcn" : "org.apache.logging.log4j.spi.AbstractLogger",
  "threadId" : 18,
  "threadPriority" : 5
}
{
  "instant" : {
    "epochSecond" : 1657206260,
    "nanoOfSecond" : 992311000
  },
  "thread" : "JavaFX Application Thread",
  "level" : "DEBUG",
  "loggerName" : "com.wimfra.tourplanner.TourPlannerApplication",
  "message" : "Loading stage...",
  "endOfBatch" : false,
  "loggerFqcn" : "org.apache.logging.log4j.spi.AbstractLogger",
  "threadId" : 18,
  "threadPriority" : 5
}
{
  "instant" : {
    "epochSecond" : 1657206261,
    "nanoOfSecond" : 44315300
  },
  "thread" : "JavaFX Application Thread",
  "level" : "DEBUG",
  "loggerName" : "com.wimfra.tourplanner.configuration.PropertyConfigurationReader",
  "message" : "Reading properties from file",
  "endOfBatch" : false,
  "loggerFqcn" : "org.apache.logging.log4j.spi.AbstractLogger",
  "threadId" : 18,
  "threadPriority" : 5
}
{
  "instant" : {
    "epochSecond" : 1657206263,
    "nanoOfSecond" : 877424000
  },
  "thread" : "JavaFX Application Thread",
  "level" : "DEBUG",
  "loggerName" : "com.wimfra.tourplanner.TourPlannerApplication",
  "message" : "Loading completed!",
  "endOfBatch" : false,
  "loggerFqcn" : "org.apache.logging.log4j.spi.AbstractLogger",
  "threadId" : 18,
  "threadPriority" : 5
}
{
  "instant" : {
    "epochSecond" : 1657206371,
    "nanoOfSecond" : 367134900
  },
  "thread" : "JavaFX Application Thread",
  "level" : "DEBUG",
  "loggerName" : "com.wimfra.tourplanner.TourPlannerApplication",
  "message" : "Program is starting",
  "endOfBatch" : false,
  "loggerFqcn" : "org.apache.logging.log4j.spi.AbstractLogger",
  "threadId" : 18,
  "threadPriority" : 5
}
{
  "instant" : {
    "epochSecond" : 1657206371,
    "nanoOfSecond" : 519137300
  },
  "thread" : "JavaFX Application Thread",
  "level" : "DEBUG",
  "loggerName" : "com.wimfra.tourplanner.TourPlannerApplication",
  "message" : "Loading stage...",
  "endOfBatch" : false,
  "loggerFqcn" : "org.apache.logging.log4j.spi.AbstractLogger",
  "threadId" : 18,
  "threadPriority" : 5
}
{
  "instant" : {
    "epochSecond" : 1657206371,
    "nanoOfSecond" : 583138400
  },
  "thread" : "JavaFX Application Thread",
  "level" : "DEBUG",
  "loggerName" : "com.wimfra.tourplanner.configuration.PropertyConfigurationReader",
  "message" : "Reading properties from file",
  "endOfBatch" : false,
  "loggerFqcn" : "org.apache.logging.log4j.spi.AbstractLogger",
  "threadId" : 18,
  "threadPriority" : 5
}
{
  "instant" : {
    "epochSecond" : 1657206374,
    "nanoOfSecond" : 349837800
  },
  "thread" : "JavaFX Application Thread",
  "level" : "DEBUG",
  "loggerName" : "com.wimfra.tourplanner.TourPlannerApplication",
  "message" : "Loading completed!",
  "endOfBatch" : false,
  "loggerFqcn" : "org.apache.logging.log4j.spi.AbstractLogger",
  "threadId" : 18,
  "threadPriority" : 5
}
{
  "instant" : {
    "epochSecond" : 1657206522,
    "nanoOfSecond" : 808741500
  },
  "thread" : "JavaFX Application Thread",
  "level" : "DEBUG",
  "loggerName" : "com.wimfra.tourplanner.TourPlannerApplication",
  "message" : "Program is starting",
  "endOfBatch" : false,
  "loggerFqcn" : "org.apache.logging.log4j.spi.AbstractLogger",
  "threadId" : 18,
  "threadPriority" : 5
}
{
  "instant" : {
    "epochSecond" : 1657206523,
    "nanoOfSecond" : 39283900
  },
  "thread" : "JavaFX Application Thread",
  "level" : "DEBUG",
  "loggerName" : "com.wimfra.tourplanner.TourPlannerApplication",
  "message" : "Loading stage...",
  "endOfBatch" : false,
  "loggerFqcn" : "org.apache.logging.log4j.spi.AbstractLogger",
  "threadId" : 18,
  "threadPriority" : 5
}
{
  "instant" : {
    "epochSecond" : 1657206523,
    "nanoOfSecond" : 107269200
  },
  "thread" : "JavaFX Application Thread",
  "level" : "DEBUG",
  "loggerName" : "com.wimfra.tourplanner.configuration.PropertyConfigurationReader",
  "message" : "Reading properties from file",
  "endOfBatch" : false,
  "loggerFqcn" : "org.apache.logging.log4j.spi.AbstractLogger",
  "threadId" : 18,
  "threadPriority" : 5
}
{
  "instant" : {
    "epochSecond" : 1657206526,
    "nanoOfSecond" : 454425000
  },
  "thread" : "JavaFX Application Thread",
  "level" : "DEBUG",
  "loggerName" : "com.wimfra.tourplanner.TourPlannerApplication",
  "message" : "Loading completed!",
  "endOfBatch" : false,
  "loggerFqcn" : "org.apache.logging.log4j.spi.AbstractLogger",
  "threadId" : 18,
  "threadPriority" : 5
}
{
  "instant" : {
    "epochSecond" : 1657206538,
    "nanoOfSecond" : 808997800
  },
  "thread" : "JavaFX Application Thread",
  "level" : "DEBUG",
  "loggerName" : "com.wimfra.tourplanner.TourPlannerApplication",
  "message" : "Program is starting",
  "endOfBatch" : false,
  "loggerFqcn" : "org.apache.logging.log4j.spi.AbstractLogger",
  "threadId" : 18,
  "threadPriority" : 5
}
{
  "instant" : {
    "epochSecond" : 1657206539,
    "nanoOfSecond" : 12549500
  },
  "thread" : "JavaFX Application Thread",
  "level" : "DEBUG",
  "loggerName" : "com.wimfra.tourplanner.TourPlannerApplication",
  "message" : "Loading stage...",
  "endOfBatch" : false,
  "loggerFqcn" : "org.apache.logging.log4j.spi.AbstractLogger",
  "threadId" : 18,
  "threadPriority" : 5
}
{
  "instant" : {
    "epochSecond" : 1657206539,
    "nanoOfSecond" : 60538700
  },
  "thread" : "JavaFX Application Thread",
  "level" : "DEBUG",
  "loggerName" : "com.wimfra.tourplanner.configuration.PropertyConfigurationReader",
  "message" : "Reading properties from file",
  "endOfBatch" : false,
  "loggerFqcn" : "org.apache.logging.log4j.spi.AbstractLogger",
  "threadId" : 18,
  "threadPriority" : 5
}
{
  "instant" : {
    "epochSecond" : 1657206541,
    "nanoOfSecond" : 712835300
  },
  "thread" : "JavaFX Application Thread",
  "level" : "DEBUG",
  "loggerName" : "com.wimfra.tourplanner.TourPlannerApplication",
  "message" : "Loading completed!",
  "endOfBatch" : false,
  "loggerFqcn" : "org.apache.logging.log4j.spi.AbstractLogger",
  "threadId" : 18,
  "threadPriority" : 5
}
{
  "instant" : {
    "epochSecond" : 1657206614,
    "nanoOfSecond" : 455705600
  },
  "thread" : "JavaFX Application Thread",
  "level" : "DEBUG",
  "loggerName" : "com.wimfra.tourplanner.TourPlannerApplication",
  "message" : "Program is starting",
  "endOfBatch" : false,
  "loggerFqcn" : "org.apache.logging.log4j.spi.AbstractLogger",
  "threadId" : 18,
  "threadPriority" : 5
}
{
  "instant" : {
    "epochSecond" : 1657206614,
    "nanoOfSecond" : 564713000
  },
  "thread" : "JavaFX Application Thread",
  "level" : "DEBUG",
  "loggerName" : "com.wimfra.tourplanner.TourPlannerApplication",
  "message" : "Loading stage...",
  "endOfBatch" : false,
  "loggerFqcn" : "org.apache.logging.log4j.spi.AbstractLogger",
  "threadId" : 18,
  "threadPriority" : 5
}
{
  "instant" : {
    "epochSecond" : 1657206614,
    "nanoOfSecond" : 615708200
  },
  "thread" : "JavaFX Application Thread",
  "level" : "DEBUG",
  "loggerName" : "com.wimfra.tourplanner.configuration.PropertyConfigurationReader",
  "message" : "Reading properties from file",
  "endOfBatch" : false,
  "loggerFqcn" : "org.apache.logging.log4j.spi.AbstractLogger",
  "threadId" : 18,
  "threadPriority" : 5
}
{
  "instant" : {
    "epochSecond" : 1657206617,
    "nanoOfSecond" : 349421900
  },
  "thread" : "JavaFX Application Thread",
  "level" : "DEBUG",
  "loggerName" : "com.wimfra.tourplanner.TourPlannerApplication",
  "message" : "Loading completed!",
  "endOfBatch" : false,
  "loggerFqcn" : "org.apache.logging.log4j.spi.AbstractLogger",
  "threadId" : 18,
  "threadPriority" : 5
}
{
  "instant" : {
    "epochSecond" : 1657207250,
    "nanoOfSecond" : 428535000
  },
  "thread" : "JavaFX Application Thread",
  "level" : "DEBUG",
  "loggerName" : "com.wimfra.tourplanner.TourPlannerApplication",
  "message" : "Program is starting",
  "endOfBatch" : false,
  "loggerFqcn" : "org.apache.logging.log4j.spi.AbstractLogger",
  "threadId" : 18,
  "threadPriority" : 5
}
{
  "instant" : {
    "epochSecond" : 1657207250,
    "nanoOfSecond" : 582539300
  },
  "thread" : "JavaFX Application Thread",
  "level" : "DEBUG",
  "loggerName" : "com.wimfra.tourplanner.TourPlannerApplication",
  "message" : "Loading stage...",
  "endOfBatch" : false,
  "loggerFqcn" : "org.apache.logging.log4j.spi.AbstractLogger",
  "threadId" : 18,
  "threadPriority" : 5
}
{
  "instant" : {
    "epochSecond" : 1657207250,
    "nanoOfSecond" : 636321700
  },
  "thread" : "JavaFX Application Thread",
  "level" : "DEBUG",
  "loggerName" : "com.wimfra.tourplanner.configuration.PropertyConfigurationReader",
  "message" : "Reading properties from file",
  "endOfBatch" : false,
  "loggerFqcn" : "org.apache.logging.log4j.spi.AbstractLogger",
  "threadId" : 18,
  "threadPriority" : 5
}
{
  "instant" : {
    "epochSecond" : 1657207253,
    "nanoOfSecond" : 449759500
  },
  "thread" : "JavaFX Application Thread",
  "level" : "DEBUG",
  "loggerName" : "com.wimfra.tourplanner.TourPlannerApplication",
  "message" : "Loading completed!",
  "endOfBatch" : false,
  "loggerFqcn" : "org.apache.logging.log4j.spi.AbstractLogger",
  "threadId" : 18,
  "threadPriority" : 5
}
{
  "instant" : {
    "epochSecond" : 1657222366,
    "nanoOfSecond" : 616142800
  },
  "thread" : "JavaFX Application Thread",
  "level" : "DEBUG",
  "loggerName" : "com.wimfra.tourplanner.TourPlannerApplication",
  "message" : "Program is starting",
  "endOfBatch" : false,
  "loggerFqcn" : "org.apache.logging.log4j.spi.AbstractLogger",
  "threadId" : 18,
  "threadPriority" : 5
}
{
  "instant" : {
    "epochSecond" : 1657222366,
    "nanoOfSecond" : 804145600
  },
  "thread" : "JavaFX Application Thread",
  "level" : "DEBUG",
  "loggerName" : "com.wimfra.tourplanner.TourPlannerApplication",
  "message" : "Loading stage...",
  "endOfBatch" : false,
  "loggerFqcn" : "org.apache.logging.log4j.spi.AbstractLogger",
  "threadId" : 18,
  "threadPriority" : 5
}
{
  "instant" : {
    "epochSecond" : 1657222366,
    "nanoOfSecond" : 916141200
  },
  "thread" : "JavaFX Application Thread",
  "level" : "DEBUG",
  "loggerName" : "com.wimfra.tourplanner.configuration.PropertyConfigurationReader",
  "message" : "Reading properties from file",
  "endOfBatch" : false,
  "loggerFqcn" : "org.apache.logging.log4j.spi.AbstractLogger",
  "threadId" : 18,
  "threadPriority" : 5
}
{
  "instant" : {
    "epochSecond" : 1657222370,
    "nanoOfSecond" : 484870200
  },
  "thread" : "JavaFX Application Thread",
  "level" : "DEBUG",
  "loggerName" : "com.wimfra.tourplanner.TourPlannerApplication",
  "message" : "Loading completed!",
  "endOfBatch" : false,
  "loggerFqcn" : "org.apache.logging.log4j.spi.AbstractLogger",
  "threadId" : 18,
  "threadPriority" : 5
}
{
  "instant" : {
    "epochSecond" : 1657222465,
    "nanoOfSecond" : 889842200
  },
  "thread" : "JavaFX Application Thread",
  "level" : "DEBUG",
  "loggerName" : "com.wimfra.tourplanner.TourPlannerApplication",
  "message" : "Program is starting",
  "endOfBatch" : false,
  "loggerFqcn" : "org.apache.logging.log4j.spi.AbstractLogger",
  "threadId" : 18,
  "threadPriority" : 5
}
{
  "instant" : {
    "epochSecond" : 1657222466,
    "nanoOfSecond" : 34842700
  },
  "thread" : "JavaFX Application Thread",
  "level" : "DEBUG",
  "loggerName" : "com.wimfra.tourplanner.TourPlannerApplication",
  "message" : "Loading stage...",
  "endOfBatch" : false,
  "loggerFqcn" : "org.apache.logging.log4j.spi.AbstractLogger",
  "threadId" : 18,
  "threadPriority" : 5
}
{
  "instant" : {
    "epochSecond" : 1657222466,
    "nanoOfSecond" : 96845100
  },
  "thread" : "JavaFX Application Thread",
  "level" : "DEBUG",
  "loggerName" : "com.wimfra.tourplanner.configuration.PropertyConfigurationReader",
  "message" : "Reading properties from file",
  "endOfBatch" : false,
  "loggerFqcn" : "org.apache.logging.log4j.spi.AbstractLogger",
  "threadId" : 18,
  "threadPriority" : 5
}
{
  "instant" : {
    "epochSecond" : 1657222469,
    "nanoOfSecond" : 409771200
  },
  "thread" : "JavaFX Application Thread",
  "level" : "DEBUG",
  "loggerName" : "com.wimfra.tourplanner.TourPlannerApplication",
  "message" : "Loading completed!",
  "endOfBatch" : false,
  "loggerFqcn" : "org.apache.logging.log4j.spi.AbstractLogger",
  "threadId" : 18,
  "threadPriority" : 5
}
{
  "instant" : {
    "epochSecond" : 1657222906,
    "nanoOfSecond" : 540657900
  },
  "thread" : "JavaFX Application Thread",
  "level" : "DEBUG",
  "loggerName" : "com.wimfra.tourplanner.TourPlannerApplication",
  "message" : "Program is starting",
  "endOfBatch" : false,
  "loggerFqcn" : "org.apache.logging.log4j.spi.AbstractLogger",
  "threadId" : 18,
  "threadPriority" : 5
}
{
  "instant" : {
    "epochSecond" : 1657222906,
    "nanoOfSecond" : 674647500
  },
  "thread" : "JavaFX Application Thread",
  "level" : "DEBUG",
  "loggerName" : "com.wimfra.tourplanner.TourPlannerApplication",
  "message" : "Loading stage...",
  "endOfBatch" : false,
  "loggerFqcn" : "org.apache.logging.log4j.spi.AbstractLogger",
  "threadId" : 18,
  "threadPriority" : 5
}
{
  "instant" : {
    "epochSecond" : 1657222906,
    "nanoOfSecond" : 761642800
  },
  "thread" : "JavaFX Application Thread",
  "level" : "DEBUG",
  "loggerName" : "com.wimfra.tourplanner.configuration.PropertyConfigurationReader",
  "message" : "Reading properties from file",
  "endOfBatch" : false,
  "loggerFqcn" : "org.apache.logging.log4j.spi.AbstractLogger",
  "threadId" : 18,
  "threadPriority" : 5
}
{
  "instant" : {
    "epochSecond" : 1657222909,
    "nanoOfSecond" : 740895500
  },
  "thread" : "JavaFX Application Thread",
  "level" : "DEBUG",
  "loggerName" : "com.wimfra.tourplanner.TourPlannerApplication",
  "message" : "Loading completed!",
  "endOfBatch" : false,
  "loggerFqcn" : "org.apache.logging.log4j.spi.AbstractLogger",
  "threadId" : 18,
  "threadPriority" : 5
}
{
  "instant" : {
    "epochSecond" : 1657222964,
    "nanoOfSecond" : 377714600
  },
  "thread" : "JavaFX Application Thread",
  "level" : "DEBUG",
  "loggerName" : "com.wimfra.tourplanner.TourPlannerApplication",
  "message" : "Program is starting",
  "endOfBatch" : false,
  "loggerFqcn" : "org.apache.logging.log4j.spi.AbstractLogger",
  "threadId" : 18,
  "threadPriority" : 5
}
{
  "instant" : {
    "epochSecond" : 1657222964,
    "nanoOfSecond" : 553704800
  },
  "thread" : "JavaFX Application Thread",
  "level" : "DEBUG",
  "loggerName" : "com.wimfra.tourplanner.TourPlannerApplication",
  "message" : "Loading stage...",
  "endOfBatch" : false,
  "loggerFqcn" : "org.apache.logging.log4j.spi.AbstractLogger",
  "threadId" : 18,
  "threadPriority" : 5
}
{
  "instant" : {
    "epochSecond" : 1657222964,
    "nanoOfSecond" : 656699700
  },
  "thread" : "JavaFX Application Thread",
  "level" : "DEBUG",
  "loggerName" : "com.wimfra.tourplanner.configuration.PropertyConfigurationReader",
  "message" : "Reading properties from file",
  "endOfBatch" : false,
  "loggerFqcn" : "org.apache.logging.log4j.spi.AbstractLogger",
  "threadId" : 18,
  "threadPriority" : 5
}
{
  "instant" : {
    "epochSecond" : 1657222967,
    "nanoOfSecond" : 520551400
  },
  "thread" : "JavaFX Application Thread",
  "level" : "DEBUG",
  "loggerName" : "com.wimfra.tourplanner.TourPlannerApplication",
  "message" : "Loading completed!",
  "endOfBatch" : false,
  "loggerFqcn" : "org.apache.logging.log4j.spi.AbstractLogger",
  "threadId" : 18,
  "threadPriority" : 5
}
{
  "instant" : {
    "epochSecond" : 1657223042,
    "nanoOfSecond" : 584599200
  },
  "thread" : "JavaFX Application Thread",
  "level" : "DEBUG",
  "loggerName" : "com.wimfra.tourplanner.TourPlannerApplication",
  "message" : "Program is starting",
  "endOfBatch" : false,
  "loggerFqcn" : "org.apache.logging.log4j.spi.AbstractLogger",
  "threadId" : 18,
  "threadPriority" : 5
}
{
  "instant" : {
    "epochSecond" : 1657223042,
    "nanoOfSecond" : 751595100
  },
  "thread" : "JavaFX Application Thread",
  "level" : "DEBUG",
  "loggerName" : "com.wimfra.tourplanner.TourPlannerApplication",
  "message" : "Loading stage...",
  "endOfBatch" : false,
  "loggerFqcn" : "org.apache.logging.log4j.spi.AbstractLogger",
  "threadId" : 18,
  "threadPriority" : 5
}
{
  "instant" : {
    "epochSecond" : 1657223042,
    "nanoOfSecond" : 819586400
  },
  "thread" : "JavaFX Application Thread",
  "level" : "DEBUG",
  "loggerName" : "com.wimfra.tourplanner.configuration.PropertyConfigurationReader",
  "message" : "Reading properties from file",
  "endOfBatch" : false,
  "loggerFqcn" : "org.apache.logging.log4j.spi.AbstractLogger",
  "threadId" : 18,
  "threadPriority" : 5
}
{
  "instant" : {
    "epochSecond" : 1657223045,
    "nanoOfSecond" : 538560700
  },
  "thread" : "JavaFX Application Thread",
  "level" : "DEBUG",
  "loggerName" : "com.wimfra.tourplanner.TourPlannerApplication",
  "message" : "Loading completed!",
  "endOfBatch" : false,
  "loggerFqcn" : "org.apache.logging.log4j.spi.AbstractLogger",
  "threadId" : 18,
  "threadPriority" : 5
}
{
  "instant" : {
    "epochSecond" : 1657223106,
    "nanoOfSecond" : 707456200
  },
  "thread" : "JavaFX Application Thread",
  "level" : "DEBUG",
  "loggerName" : "com.wimfra.tourplanner.TourPlannerApplication",
  "message" : "Program is starting",
  "endOfBatch" : false,
  "loggerFqcn" : "org.apache.logging.log4j.spi.AbstractLogger",
  "threadId" : 18,
  "threadPriority" : 5
}
{
  "instant" : {
    "epochSecond" : 1657223106,
    "nanoOfSecond" : 828455400
  },
  "thread" : "JavaFX Application Thread",
  "level" : "DEBUG",
  "loggerName" : "com.wimfra.tourplanner.TourPlannerApplication",
  "message" : "Loading stage...",
  "endOfBatch" : false,
  "loggerFqcn" : "org.apache.logging.log4j.spi.AbstractLogger",
  "threadId" : 18,
  "threadPriority" : 5
}
{
  "instant" : {
    "epochSecond" : 1657223106,
    "nanoOfSecond" : 874447500
  },
  "thread" : "JavaFX Application Thread",
  "level" : "DEBUG",
  "loggerName" : "com.wimfra.tourplanner.configuration.PropertyConfigurationReader",
  "message" : "Reading properties from file",
  "endOfBatch" : false,
  "loggerFqcn" : "org.apache.logging.log4j.spi.AbstractLogger",
  "threadId" : 18,
  "threadPriority" : 5
}
{
  "instant" : {
    "epochSecond" : 1657223110,
    "nanoOfSecond" : 312279400
  },
  "thread" : "JavaFX Application Thread",
  "level" : "DEBUG",
  "loggerName" : "com.wimfra.tourplanner.TourPlannerApplication",
  "message" : "Loading completed!",
  "endOfBatch" : false,
  "loggerFqcn" : "org.apache.logging.log4j.spi.AbstractLogger",
  "threadId" : 18,
  "threadPriority" : 5
}
{
  "instant" : {
    "epochSecond" : 1657223147,
    "nanoOfSecond" : 718926400
  },
  "thread" : "JavaFX Application Thread",
  "level" : "DEBUG",
  "loggerName" : "com.wimfra.tourplanner.TourPlannerApplication",
  "message" : "Program is starting",
  "endOfBatch" : false,
  "loggerFqcn" : "org.apache.logging.log4j.spi.AbstractLogger",
  "threadId" : 18,
  "threadPriority" : 5
}
{
  "instant" : {
    "epochSecond" : 1657223147,
    "nanoOfSecond" : 858919800
  },
  "thread" : "JavaFX Application Thread",
  "level" : "DEBUG",
  "loggerName" : "com.wimfra.tourplanner.TourPlannerApplication",
  "message" : "Loading stage...",
  "endOfBatch" : false,
  "loggerFqcn" : "org.apache.logging.log4j.spi.AbstractLogger",
  "threadId" : 18,
  "threadPriority" : 5
}
{
  "instant" : {
    "epochSecond" : 1657223147,
    "nanoOfSecond" : 919916600
  },
  "thread" : "JavaFX Application Thread",
  "level" : "DEBUG",
  "loggerName" : "com.wimfra.tourplanner.configuration.PropertyConfigurationReader",
  "message" : "Reading properties from file",
  "endOfBatch" : false,
  "loggerFqcn" : "org.apache.logging.log4j.spi.AbstractLogger",
  "threadId" : 18,
  "threadPriority" : 5
}
{
  "instant" : {
    "epochSecond" : 1657223150,
    "nanoOfSecond" : 584433200
  },
  "thread" : "JavaFX Application Thread",
  "level" : "DEBUG",
  "loggerName" : "com.wimfra.tourplanner.TourPlannerApplication",
  "message" : "Loading completed!",
  "endOfBatch" : false,
  "loggerFqcn" : "org.apache.logging.log4j.spi.AbstractLogger",
  "threadId" : 18,
  "threadPriority" : 5
}
{
  "instant" : {
    "epochSecond" : 1657223183,
    "nanoOfSecond" : 740332700
  },
  "thread" : "JavaFX Application Thread",
  "level" : "DEBUG",
  "loggerName" : "com.wimfra.tourplanner.TourPlannerApplication",
  "message" : "Program is starting",
  "endOfBatch" : false,
  "loggerFqcn" : "org.apache.logging.log4j.spi.AbstractLogger",
  "threadId" : 18,
  "threadPriority" : 5
}
{
  "instant" : {
    "epochSecond" : 1657223184,
    "nanoOfSecond" : 3377700
  },
  "thread" : "JavaFX Application Thread",
  "level" : "DEBUG",
  "loggerName" : "com.wimfra.tourplanner.TourPlannerApplication",
  "message" : "Loading stage...",
  "endOfBatch" : false,
  "loggerFqcn" : "org.apache.logging.log4j.spi.AbstractLogger",
  "threadId" : 18,
  "threadPriority" : 5
}
{
  "instant" : {
    "epochSecond" : 1657223184,
    "nanoOfSecond" : 131373600
  },
  "thread" : "JavaFX Application Thread",
  "level" : "DEBUG",
  "loggerName" : "com.wimfra.tourplanner.configuration.PropertyConfigurationReader",
  "message" : "Reading properties from file",
  "endOfBatch" : false,
  "loggerFqcn" : "org.apache.logging.log4j.spi.AbstractLogger",
  "threadId" : 18,
  "threadPriority" : 5
}
{
  "instant" : {
    "epochSecond" : 1657223189,
    "nanoOfSecond" : 413341200
  },
  "thread" : "JavaFX Application Thread",
  "level" : "DEBUG",
  "loggerName" : "com.wimfra.tourplanner.TourPlannerApplication",
  "message" : "Loading completed!",
  "endOfBatch" : false,
  "loggerFqcn" : "org.apache.logging.log4j.spi.AbstractLogger",
  "threadId" : 18,
  "threadPriority" : 5
}
{
  "instant" : {
    "epochSecond" : 1657223458,
    "nanoOfSecond" : 945930300
  },
  "thread" : "JavaFX Application Thread",
  "level" : "DEBUG",
  "loggerName" : "com.wimfra.tourplanner.TourPlannerApplication",
  "message" : "Program is starting",
  "endOfBatch" : false,
  "loggerFqcn" : "org.apache.logging.log4j.spi.AbstractLogger",
  "threadId" : 18,
  "threadPriority" : 5
}
{
  "instant" : {
    "epochSecond" : 1657223459,
    "nanoOfSecond" : 363963200
  },
  "thread" : "JavaFX Application Thread",
  "level" : "DEBUG",
  "loggerName" : "com.wimfra.tourplanner.TourPlannerApplication",
  "message" : "Loading stage...",
  "endOfBatch" : false,
  "loggerFqcn" : "org.apache.logging.log4j.spi.AbstractLogger",
  "threadId" : 18,
  "threadPriority" : 5
}
{
  "instant" : {
    "epochSecond" : 1657223459,
    "nanoOfSecond" : 509486700
  },
  "thread" : "JavaFX Application Thread",
  "level" : "DEBUG",
  "loggerName" : "com.wimfra.tourplanner.configuration.PropertyConfigurationReader",
  "message" : "Reading properties from file",
  "endOfBatch" : false,
  "loggerFqcn" : "org.apache.logging.log4j.spi.AbstractLogger",
  "threadId" : 18,
  "threadPriority" : 5
}
{
  "instant" : {
    "epochSecond" : 1657223464,
    "nanoOfSecond" : 286986200
  },
  "thread" : "JavaFX Application Thread",
  "level" : "DEBUG",
  "loggerName" : "com.wimfra.tourplanner.TourPlannerApplication",
  "message" : "Loading completed!",
  "endOfBatch" : false,
  "loggerFqcn" : "org.apache.logging.log4j.spi.AbstractLogger",
  "threadId" : 18,
  "threadPriority" : 5
}
{
  "instant" : {
    "epochSecond" : 1657223657,
    "nanoOfSecond" : 962631900
  },
  "thread" : "JavaFX Application Thread",
  "level" : "DEBUG",
  "loggerName" : "com.wimfra.tourplanner.TourPlannerApplication",
  "message" : "Program is starting",
  "endOfBatch" : false,
  "loggerFqcn" : "org.apache.logging.log4j.spi.AbstractLogger",
  "threadId" : 18,
  "threadPriority" : 5
}
{
  "instant" : {
    "epochSecond" : 1657223658,
    "nanoOfSecond" : 98628000
  },
  "thread" : "JavaFX Application Thread",
  "level" : "DEBUG",
  "loggerName" : "com.wimfra.tourplanner.TourPlannerApplication",
  "message" : "Loading stage...",
  "endOfBatch" : false,
  "loggerFqcn" : "org.apache.logging.log4j.spi.AbstractLogger",
  "threadId" : 18,
  "threadPriority" : 5
}
{
  "instant" : {
    "epochSecond" : 1657223658,
    "nanoOfSecond" : 152628100
  },
  "thread" : "JavaFX Application Thread",
  "level" : "DEBUG",
  "loggerName" : "com.wimfra.tourplanner.configuration.PropertyConfigurationReader",
  "message" : "Reading properties from file",
  "endOfBatch" : false,
  "loggerFqcn" : "org.apache.logging.log4j.spi.AbstractLogger",
  "threadId" : 18,
  "threadPriority" : 5
}
{
  "instant" : {
    "epochSecond" : 1657223661,
    "nanoOfSecond" : 976714700
  },
  "thread" : "JavaFX Application Thread",
  "level" : "DEBUG",
  "loggerName" : "com.wimfra.tourplanner.TourPlannerApplication",
  "message" : "Loading completed!",
  "endOfBatch" : false,
  "loggerFqcn" : "org.apache.logging.log4j.spi.AbstractLogger",
  "threadId" : 18,
  "threadPriority" : 5
}
{
  "instant" : {
    "epochSecond" : 1657223723,
    "nanoOfSecond" : 783652600
  },
  "thread" : "JavaFX Application Thread",
  "level" : "DEBUG",
  "loggerName" : "com.wimfra.tourplanner.TourPlannerApplication",
  "message" : "Program is starting",
  "endOfBatch" : false,
  "loggerFqcn" : "org.apache.logging.log4j.spi.AbstractLogger",
  "threadId" : 18,
  "threadPriority" : 5
}
{
  "instant" : {
    "epochSecond" : 1657223723,
    "nanoOfSecond" : 961642000
  },
  "thread" : "JavaFX Application Thread",
  "level" : "DEBUG",
  "loggerName" : "com.wimfra.tourplanner.TourPlannerApplication",
  "message" : "Loading stage...",
  "endOfBatch" : false,
  "loggerFqcn" : "org.apache.logging.log4j.spi.AbstractLogger",
  "threadId" : 18,
  "threadPriority" : 5
}
{
  "instant" : {
    "epochSecond" : 1657223724,
    "nanoOfSecond" : 19632000
  },
  "thread" : "JavaFX Application Thread",
  "level" : "DEBUG",
  "loggerName" : "com.wimfra.tourplanner.configuration.PropertyConfigurationReader",
  "message" : "Reading properties from file",
  "endOfBatch" : false,
  "loggerFqcn" : "org.apache.logging.log4j.spi.AbstractLogger",
  "threadId" : 18,
  "threadPriority" : 5
}
{
  "instant" : {
    "epochSecond" : 1657223727,
    "nanoOfSecond" : 6177000
  },
  "thread" : "JavaFX Application Thread",
  "level" : "DEBUG",
  "loggerName" : "com.wimfra.tourplanner.TourPlannerApplication",
  "message" : "Loading completed!",
  "endOfBatch" : false,
  "loggerFqcn" : "org.apache.logging.log4j.spi.AbstractLogger",
  "threadId" : 18,
  "threadPriority" : 5
}
{
  "instant" : {
    "epochSecond" : 1657223811,
    "nanoOfSecond" : 79285800
  },
  "thread" : "JavaFX Application Thread",
  "level" : "DEBUG",
  "loggerName" : "com.wimfra.tourplanner.TourPlannerApplication",
  "message" : "Program is starting",
  "endOfBatch" : false,
  "loggerFqcn" : "org.apache.logging.log4j.spi.AbstractLogger",
  "threadId" : 18,
  "threadPriority" : 5
}
{
  "instant" : {
    "epochSecond" : 1657223811,
    "nanoOfSecond" : 308284800
  },
  "thread" : "JavaFX Application Thread",
  "level" : "DEBUG",
  "loggerName" : "com.wimfra.tourplanner.TourPlannerApplication",
  "message" : "Loading stage...",
  "endOfBatch" : false,
  "loggerFqcn" : "org.apache.logging.log4j.spi.AbstractLogger",
  "threadId" : 18,
  "threadPriority" : 5
}
{
  "instant" : {
    "epochSecond" : 1657223811,
    "nanoOfSecond" : 495267700
  },
  "thread" : "JavaFX Application Thread",
  "level" : "DEBUG",
  "loggerName" : "com.wimfra.tourplanner.configuration.PropertyConfigurationReader",
  "message" : "Reading properties from file",
  "endOfBatch" : false,
  "loggerFqcn" : "org.apache.logging.log4j.spi.AbstractLogger",
  "threadId" : 18,
  "threadPriority" : 5
}
{
  "instant" : {
    "epochSecond" : 1657223814,
    "nanoOfSecond" : 722287300
  },
  "thread" : "JavaFX Application Thread",
  "level" : "DEBUG",
  "loggerName" : "com.wimfra.tourplanner.TourPlannerApplication",
  "message" : "Loading completed!",
  "endOfBatch" : false,
  "loggerFqcn" : "org.apache.logging.log4j.spi.AbstractLogger",
  "threadId" : 18,
  "threadPriority" : 5
}
{
  "instant" : {
    "epochSecond" : 1657223924,
    "nanoOfSecond" : 468746700
  },
  "thread" : "JavaFX Application Thread",
  "level" : "DEBUG",
  "loggerName" : "com.wimfra.tourplanner.TourPlannerApplication",
  "message" : "Program is starting",
  "endOfBatch" : false,
  "loggerFqcn" : "org.apache.logging.log4j.spi.AbstractLogger",
  "threadId" : 18,
  "threadPriority" : 5
}
{
  "instant" : {
    "epochSecond" : 1657223924,
    "nanoOfSecond" : 633745700
  },
  "thread" : "JavaFX Application Thread",
  "level" : "DEBUG",
  "loggerName" : "com.wimfra.tourplanner.TourPlannerApplication",
  "message" : "Loading stage...",
  "endOfBatch" : false,
  "loggerFqcn" : "org.apache.logging.log4j.spi.AbstractLogger",
  "threadId" : 18,
  "threadPriority" : 5
}
{
  "instant" : {
    "epochSecond" : 1657223924,
    "nanoOfSecond" : 690737100
  },
  "thread" : "JavaFX Application Thread",
  "level" : "DEBUG",
  "loggerName" : "com.wimfra.tourplanner.configuration.PropertyConfigurationReader",
  "message" : "Reading properties from file",
  "endOfBatch" : false,
  "loggerFqcn" : "org.apache.logging.log4j.spi.AbstractLogger",
  "threadId" : 18,
  "threadPriority" : 5
}
{
  "instant" : {
    "epochSecond" : 1657223927,
    "nanoOfSecond" : 892347100
  },
  "thread" : "JavaFX Application Thread",
  "level" : "DEBUG",
  "loggerName" : "com.wimfra.tourplanner.TourPlannerApplication",
  "message" : "Loading completed!",
  "endOfBatch" : false,
  "loggerFqcn" : "org.apache.logging.log4j.spi.AbstractLogger",
  "threadId" : 18,
  "threadPriority" : 5
}
{
  "instant" : {
    "epochSecond" : 1657224042,
    "nanoOfSecond" : 344731700
  },
  "thread" : "JavaFX Application Thread",
  "level" : "DEBUG",
  "loggerName" : "com.wimfra.tourplanner.TourPlannerApplication",
  "message" : "Program is starting",
  "endOfBatch" : false,
  "loggerFqcn" : "org.apache.logging.log4j.spi.AbstractLogger",
  "threadId" : 18,
  "threadPriority" : 5
}
{
  "instant" : {
    "epochSecond" : 1657224042,
    "nanoOfSecond" : 484726000
  },
  "thread" : "JavaFX Application Thread",
  "level" : "DEBUG",
  "loggerName" : "com.wimfra.tourplanner.TourPlannerApplication",
  "message" : "Loading stage...",
  "endOfBatch" : false,
  "loggerFqcn" : "org.apache.logging.log4j.spi.AbstractLogger",
  "threadId" : 18,
  "threadPriority" : 5
}
{
  "instant" : {
    "epochSecond" : 1657224042,
    "nanoOfSecond" : 548718500
  },
  "thread" : "JavaFX Application Thread",
  "level" : "DEBUG",
  "loggerName" : "com.wimfra.tourplanner.configuration.PropertyConfigurationReader",
  "message" : "Reading properties from file",
  "endOfBatch" : false,
  "loggerFqcn" : "org.apache.logging.log4j.spi.AbstractLogger",
  "threadId" : 18,
  "threadPriority" : 5
}
{
  "instant" : {
    "epochSecond" : 1657224045,
    "nanoOfSecond" : 572899900
  },
  "thread" : "JavaFX Application Thread",
  "level" : "DEBUG",
  "loggerName" : "com.wimfra.tourplanner.TourPlannerApplication",
  "message" : "Loading completed!",
  "endOfBatch" : false,
  "loggerFqcn" : "org.apache.logging.log4j.spi.AbstractLogger",
  "threadId" : 18,
  "threadPriority" : 5
}
{
  "instant" : {
    "epochSecond" : 1657224139,
    "nanoOfSecond" : 373575100
  },
  "thread" : "JavaFX Application Thread",
  "level" : "DEBUG",
  "loggerName" : "com.wimfra.tourplanner.TourPlannerApplication",
  "message" : "Program is starting",
  "endOfBatch" : false,
  "loggerFqcn" : "org.apache.logging.log4j.spi.AbstractLogger",
  "threadId" : 18,
  "threadPriority" : 5
}
{
  "instant" : {
    "epochSecond" : 1657224139,
    "nanoOfSecond" : 579573800
  },
  "thread" : "JavaFX Application Thread",
  "level" : "DEBUG",
  "loggerName" : "com.wimfra.tourplanner.TourPlannerApplication",
  "message" : "Loading stage...",
  "endOfBatch" : false,
  "loggerFqcn" : "org.apache.logging.log4j.spi.AbstractLogger",
  "threadId" : 18,
  "threadPriority" : 5
}
{
  "instant" : {
    "epochSecond" : 1657224139,
    "nanoOfSecond" : 639561700
  },
  "thread" : "JavaFX Application Thread",
  "level" : "DEBUG",
  "loggerName" : "com.wimfra.tourplanner.configuration.PropertyConfigurationReader",
  "message" : "Reading properties from file",
  "endOfBatch" : false,
  "loggerFqcn" : "org.apache.logging.log4j.spi.AbstractLogger",
  "threadId" : 18,
  "threadPriority" : 5
}
{
  "instant" : {
    "epochSecond" : 1657224142,
    "nanoOfSecond" : 599858800
  },
  "thread" : "JavaFX Application Thread",
  "level" : "DEBUG",
  "loggerName" : "com.wimfra.tourplanner.TourPlannerApplication",
  "message" : "Loading completed!",
  "endOfBatch" : false,
  "loggerFqcn" : "org.apache.logging.log4j.spi.AbstractLogger",
  "threadId" : 18,
  "threadPriority" : 5
}
{
  "instant" : {
    "epochSecond" : 1657224612,
    "nanoOfSecond" : 626201400
  },
  "thread" : "JavaFX Application Thread",
  "level" : "DEBUG",
  "loggerName" : "com.wimfra.tourplanner.TourPlannerApplication",
  "message" : "Program is starting",
  "endOfBatch" : false,
  "loggerFqcn" : "org.apache.logging.log4j.spi.AbstractLogger",
  "threadId" : 18,
  "threadPriority" : 5
}
{
  "instant" : {
    "epochSecond" : 1657224612,
    "nanoOfSecond" : 760197200
  },
  "thread" : "JavaFX Application Thread",
  "level" : "DEBUG",
  "loggerName" : "com.wimfra.tourplanner.TourPlannerApplication",
  "message" : "Loading stage...",
  "endOfBatch" : false,
  "loggerFqcn" : "org.apache.logging.log4j.spi.AbstractLogger",
  "threadId" : 18,
  "threadPriority" : 5
}
{
  "instant" : {
    "epochSecond" : 1657224612,
    "nanoOfSecond" : 960183000
  },
  "thread" : "JavaFX Application Thread",
  "level" : "DEBUG",
  "loggerName" : "com.wimfra.tourplanner.configuration.PropertyConfigurationReader",
  "message" : "Reading properties from file",
  "endOfBatch" : false,
  "loggerFqcn" : "org.apache.logging.log4j.spi.AbstractLogger",
  "threadId" : 18,
  "threadPriority" : 5
}
{
  "instant" : {
    "epochSecond" : 1657224616,
    "nanoOfSecond" : 986208800
  },
  "thread" : "JavaFX Application Thread",
  "level" : "DEBUG",
  "loggerName" : "com.wimfra.tourplanner.TourPlannerApplication",
  "message" : "Loading completed!",
  "endOfBatch" : false,
  "loggerFqcn" : "org.apache.logging.log4j.spi.AbstractLogger",
  "threadId" : 18,
  "threadPriority" : 5
}
{
  "instant" : {
    "epochSecond" : 1657224687,
    "nanoOfSecond" : 479808300
  },
  "thread" : "JavaFX Application Thread",
  "level" : "DEBUG",
  "loggerName" : "com.wimfra.tourplanner.TourPlannerApplication",
  "message" : "Program is starting",
  "endOfBatch" : false,
  "loggerFqcn" : "org.apache.logging.log4j.spi.AbstractLogger",
  "threadId" : 18,
  "threadPriority" : 5
}
{
  "instant" : {
    "epochSecond" : 1657224687,
    "nanoOfSecond" : 607807500
  },
  "thread" : "JavaFX Application Thread",
  "level" : "DEBUG",
  "loggerName" : "com.wimfra.tourplanner.TourPlannerApplication",
  "message" : "Loading stage...",
  "endOfBatch" : false,
  "loggerFqcn" : "org.apache.logging.log4j.spi.AbstractLogger",
  "threadId" : 18,
  "threadPriority" : 5
}
{
  "instant" : {
    "epochSecond" : 1657224687,
    "nanoOfSecond" : 679800400
  },
  "thread" : "JavaFX Application Thread",
  "level" : "DEBUG",
  "loggerName" : "com.wimfra.tourplanner.configuration.PropertyConfigurationReader",
  "message" : "Reading properties from file",
  "endOfBatch" : false,
  "loggerFqcn" : "org.apache.logging.log4j.spi.AbstractLogger",
  "threadId" : 18,
  "threadPriority" : 5
}
{
  "instant" : {
    "epochSecond" : 1657224690,
    "nanoOfSecond" : 658709100
  },
  "thread" : "JavaFX Application Thread",
  "level" : "DEBUG",
  "loggerName" : "com.wimfra.tourplanner.TourPlannerApplication",
  "message" : "Loading completed!",
  "endOfBatch" : false,
  "loggerFqcn" : "org.apache.logging.log4j.spi.AbstractLogger",
  "threadId" : 18,
  "threadPriority" : 5
}
{
  "instant" : {
    "epochSecond" : 1657224738,
    "nanoOfSecond" : 261696600
  },
  "thread" : "JavaFX Application Thread",
  "level" : "DEBUG",
  "loggerName" : "com.wimfra.tourplanner.TourPlannerApplication",
  "message" : "Program is starting",
  "endOfBatch" : false,
  "loggerFqcn" : "org.apache.logging.log4j.spi.AbstractLogger",
  "threadId" : 18,
  "threadPriority" : 5
}
{
  "instant" : {
    "epochSecond" : 1657224738,
    "nanoOfSecond" : 401700300
  },
  "thread" : "JavaFX Application Thread",
  "level" : "DEBUG",
  "loggerName" : "com.wimfra.tourplanner.TourPlannerApplication",
  "message" : "Loading stage...",
  "endOfBatch" : false,
  "loggerFqcn" : "org.apache.logging.log4j.spi.AbstractLogger",
  "threadId" : 18,
  "threadPriority" : 5
}
{
  "instant" : {
    "epochSecond" : 1657224738,
    "nanoOfSecond" : 467687900
  },
  "thread" : "JavaFX Application Thread",
  "level" : "DEBUG",
  "loggerName" : "com.wimfra.tourplanner.configuration.PropertyConfigurationReader",
  "message" : "Reading properties from file",
  "endOfBatch" : false,
  "loggerFqcn" : "org.apache.logging.log4j.spi.AbstractLogger",
  "threadId" : 18,
  "threadPriority" : 5
}
{
  "instant" : {
    "epochSecond" : 1657224741,
    "nanoOfSecond" : 417039700
  },
  "thread" : "JavaFX Application Thread",
  "level" : "DEBUG",
  "loggerName" : "com.wimfra.tourplanner.TourPlannerApplication",
  "message" : "Loading completed!",
  "endOfBatch" : false,
  "loggerFqcn" : "org.apache.logging.log4j.spi.AbstractLogger",
  "threadId" : 18,
  "threadPriority" : 5
}
{
  "instant" : {
    "epochSecond" : 1657224936,
    "nanoOfSecond" : 725175300
  },
  "thread" : "JavaFX Application Thread",
  "level" : "DEBUG",
  "loggerName" : "com.wimfra.tourplanner.TourPlannerApplication",
  "message" : "Program is starting",
  "endOfBatch" : false,
  "loggerFqcn" : "org.apache.logging.log4j.spi.AbstractLogger",
  "threadId" : 18,
  "threadPriority" : 5
}
{
  "instant" : {
    "epochSecond" : 1657224936,
    "nanoOfSecond" : 920167500
  },
  "thread" : "JavaFX Application Thread",
  "level" : "DEBUG",
  "loggerName" : "com.wimfra.tourplanner.TourPlannerApplication",
  "message" : "Loading stage...",
  "endOfBatch" : false,
  "loggerFqcn" : "org.apache.logging.log4j.spi.AbstractLogger",
  "threadId" : 18,
  "threadPriority" : 5
}
{
  "instant" : {
    "epochSecond" : 1657224937,
    "nanoOfSecond" : 56160500
  },
  "thread" : "JavaFX Application Thread",
  "level" : "DEBUG",
  "loggerName" : "com.wimfra.tourplanner.configuration.PropertyConfigurationReader",
  "message" : "Reading properties from file",
  "endOfBatch" : false,
  "loggerFqcn" : "org.apache.logging.log4j.spi.AbstractLogger",
  "threadId" : 18,
  "threadPriority" : 5
}
{
  "instant" : {
    "epochSecond" : 1657224940,
    "nanoOfSecond" : 859431200
  },
  "thread" : "JavaFX Application Thread",
  "level" : "DEBUG",
  "loggerName" : "com.wimfra.tourplanner.TourPlannerApplication",
  "message" : "Loading completed!",
  "endOfBatch" : false,
  "loggerFqcn" : "org.apache.logging.log4j.spi.AbstractLogger",
  "threadId" : 18,
  "threadPriority" : 5
}
{
  "instant" : {
    "epochSecond" : 1657225086,
    "nanoOfSecond" : 382021900
  },
  "thread" : "JavaFX Application Thread",
  "level" : "DEBUG",
  "loggerName" : "com.wimfra.tourplanner.TourPlannerApplication",
  "message" : "Program is starting",
  "endOfBatch" : false,
  "loggerFqcn" : "org.apache.logging.log4j.spi.AbstractLogger",
  "threadId" : 18,
  "threadPriority" : 5
}
{
  "instant" : {
    "epochSecond" : 1657225086,
    "nanoOfSecond" : 528013300
  },
  "thread" : "JavaFX Application Thread",
  "level" : "DEBUG",
  "loggerName" : "com.wimfra.tourplanner.TourPlannerApplication",
  "message" : "Loading stage...",
  "endOfBatch" : false,
  "loggerFqcn" : "org.apache.logging.log4j.spi.AbstractLogger",
  "threadId" : 18,
  "threadPriority" : 5
}
{
  "instant" : {
    "epochSecond" : 1657225086,
    "nanoOfSecond" : 587004500
  },
  "thread" : "JavaFX Application Thread",
  "level" : "DEBUG",
  "loggerName" : "com.wimfra.tourplanner.configuration.PropertyConfigurationReader",
  "message" : "Reading properties from file",
  "endOfBatch" : false,
  "loggerFqcn" : "org.apache.logging.log4j.spi.AbstractLogger",
  "threadId" : 18,
  "threadPriority" : 5
}
{
  "instant" : {
    "epochSecond" : 1657225089,
    "nanoOfSecond" : 465561200
  },
  "thread" : "JavaFX Application Thread",
  "level" : "DEBUG",
  "loggerName" : "com.wimfra.tourplanner.TourPlannerApplication",
  "message" : "Loading completed!",
  "endOfBatch" : false,
  "loggerFqcn" : "org.apache.logging.log4j.spi.AbstractLogger",
  "threadId" : 18,
  "threadPriority" : 5
}
{
  "instant" : {
    "epochSecond" : 1657225169,
    "nanoOfSecond" : 409447100
  },
  "thread" : "JavaFX Application Thread",
  "level" : "DEBUG",
  "loggerName" : "com.wimfra.tourplanner.TourPlannerApplication",
  "message" : "Program is starting",
  "endOfBatch" : false,
  "loggerFqcn" : "org.apache.logging.log4j.spi.AbstractLogger",
  "threadId" : 18,
  "threadPriority" : 5
}
{
  "instant" : {
    "epochSecond" : 1657225169,
    "nanoOfSecond" : 515459600
  },
  "thread" : "JavaFX Application Thread",
  "level" : "DEBUG",
  "loggerName" : "com.wimfra.tourplanner.TourPlannerApplication",
  "message" : "Loading stage...",
  "endOfBatch" : false,
  "loggerFqcn" : "org.apache.logging.log4j.spi.AbstractLogger",
  "threadId" : 18,
  "threadPriority" : 5
}
{
  "instant" : {
    "epochSecond" : 1657225169,
    "nanoOfSecond" : 567448100
  },
  "thread" : "JavaFX Application Thread",
  "level" : "DEBUG",
  "loggerName" : "com.wimfra.tourplanner.configuration.PropertyConfigurationReader",
  "message" : "Reading properties from file",
  "endOfBatch" : false,
  "loggerFqcn" : "org.apache.logging.log4j.spi.AbstractLogger",
  "threadId" : 18,
  "threadPriority" : 5
}
{
  "instant" : {
    "epochSecond" : 1657225171,
    "nanoOfSecond" : 851133900
  },
  "thread" : "JavaFX Application Thread",
  "level" : "DEBUG",
  "loggerName" : "com.wimfra.tourplanner.TourPlannerApplication",
  "message" : "Loading completed!",
  "endOfBatch" : false,
  "loggerFqcn" : "org.apache.logging.log4j.spi.AbstractLogger",
  "threadId" : 18,
  "threadPriority" : 5
}
{
  "instant" : {
    "epochSecond" : 1657225242,
    "nanoOfSecond" : 329470500
  },
  "thread" : "JavaFX Application Thread",
  "level" : "DEBUG",
  "loggerName" : "com.wimfra.tourplanner.TourPlannerApplication",
  "message" : "Program is starting",
  "endOfBatch" : false,
  "loggerFqcn" : "org.apache.logging.log4j.spi.AbstractLogger",
  "threadId" : 18,
  "threadPriority" : 5
}
{
  "instant" : {
    "epochSecond" : 1657225242,
    "nanoOfSecond" : 451468400
  },
  "thread" : "JavaFX Application Thread",
  "level" : "DEBUG",
  "loggerName" : "com.wimfra.tourplanner.TourPlannerApplication",
  "message" : "Loading stage...",
  "endOfBatch" : false,
  "loggerFqcn" : "org.apache.logging.log4j.spi.AbstractLogger",
  "threadId" : 18,
  "threadPriority" : 5
}
{
  "instant" : {
    "epochSecond" : 1657225242,
    "nanoOfSecond" : 498467600
  },
  "thread" : "JavaFX Application Thread",
  "level" : "DEBUG",
  "loggerName" : "com.wimfra.tourplanner.configuration.PropertyConfigurationReader",
  "message" : "Reading properties from file",
  "endOfBatch" : false,
  "loggerFqcn" : "org.apache.logging.log4j.spi.AbstractLogger",
  "threadId" : 18,
  "threadPriority" : 5
}
{
  "instant" : {
    "epochSecond" : 1657225244,
    "nanoOfSecond" : 932747400
  },
  "thread" : "JavaFX Application Thread",
  "level" : "DEBUG",
  "loggerName" : "com.wimfra.tourplanner.TourPlannerApplication",
  "message" : "Loading completed!",
  "endOfBatch" : false,
  "loggerFqcn" : "org.apache.logging.log4j.spi.AbstractLogger",
  "threadId" : 18,
  "threadPriority" : 5
}
{
  "instant" : {
    "epochSecond" : 1657225805,
    "nanoOfSecond" : 313624700
  },
  "thread" : "JavaFX Application Thread",
  "level" : "DEBUG",
  "loggerName" : "com.wimfra.tourplanner.TourPlannerApplication",
  "message" : "Program is starting",
  "endOfBatch" : false,
  "loggerFqcn" : "org.apache.logging.log4j.spi.AbstractLogger",
  "threadId" : 18,
  "threadPriority" : 5
}
{
  "instant" : {
    "epochSecond" : 1657225805,
    "nanoOfSecond" : 723778200
  },
  "thread" : "JavaFX Application Thread",
  "level" : "DEBUG",
  "loggerName" : "com.wimfra.tourplanner.TourPlannerApplication",
  "message" : "Loading stage...",
  "endOfBatch" : false,
  "loggerFqcn" : "org.apache.logging.log4j.spi.AbstractLogger",
  "threadId" : 18,
  "threadPriority" : 5
}
{
  "instant" : {
    "epochSecond" : 1657225805,
    "nanoOfSecond" : 843770500
  },
  "thread" : "JavaFX Application Thread",
  "level" : "DEBUG",
  "loggerName" : "com.wimfra.tourplanner.configuration.PropertyConfigurationReader",
  "message" : "Reading properties from file",
  "endOfBatch" : false,
  "loggerFqcn" : "org.apache.logging.log4j.spi.AbstractLogger",
  "threadId" : 18,
  "threadPriority" : 5
}
{
  "instant" : {
    "epochSecond" : 1657225809,
    "nanoOfSecond" : 640866300
  },
  "thread" : "JavaFX Application Thread",
  "level" : "DEBUG",
  "loggerName" : "com.wimfra.tourplanner.TourPlannerApplication",
  "message" : "Loading completed!",
  "endOfBatch" : false,
  "loggerFqcn" : "org.apache.logging.log4j.spi.AbstractLogger",
  "threadId" : 18,
  "threadPriority" : 5
}
{
  "instant" : {
    "epochSecond" : 1657225901,
    "nanoOfSecond" : 412975000
  },
  "thread" : "JavaFX Application Thread",
  "level" : "DEBUG",
  "loggerName" : "com.wimfra.tourplanner.TourPlannerApplication",
  "message" : "Program is starting",
  "endOfBatch" : false,
  "loggerFqcn" : "org.apache.logging.log4j.spi.AbstractLogger",
  "threadId" : 18,
  "threadPriority" : 5
}
{
  "instant" : {
    "epochSecond" : 1657225901,
    "nanoOfSecond" : 551972700
  },
  "thread" : "JavaFX Application Thread",
  "level" : "DEBUG",
  "loggerName" : "com.wimfra.tourplanner.TourPlannerApplication",
  "message" : "Loading stage...",
  "endOfBatch" : false,
  "loggerFqcn" : "org.apache.logging.log4j.spi.AbstractLogger",
  "threadId" : 18,
  "threadPriority" : 5
}
{
  "instant" : {
    "epochSecond" : 1657225901,
    "nanoOfSecond" : 632965800
  },
  "thread" : "JavaFX Application Thread",
  "level" : "DEBUG",
  "loggerName" : "com.wimfra.tourplanner.configuration.PropertyConfigurationReader",
  "message" : "Reading properties from file",
  "endOfBatch" : false,
  "loggerFqcn" : "org.apache.logging.log4j.spi.AbstractLogger",
  "threadId" : 18,
  "threadPriority" : 5
}
{
  "instant" : {
    "epochSecond" : 1657225906,
    "nanoOfSecond" : 201538700
  },
  "thread" : "JavaFX Application Thread",
  "level" : "DEBUG",
  "loggerName" : "com.wimfra.tourplanner.TourPlannerApplication",
  "message" : "Loading completed!",
  "endOfBatch" : false,
  "loggerFqcn" : "org.apache.logging.log4j.spi.AbstractLogger",
  "threadId" : 18,
  "threadPriority" : 5
}
{
  "instant" : {
    "epochSecond" : 1657225967,
    "nanoOfSecond" : 632519800
  },
  "thread" : "JavaFX Application Thread",
  "level" : "DEBUG",
  "loggerName" : "com.wimfra.tourplanner.view.MenubarController",
  "message" : "Generating a summarized report of all tours...",
  "endOfBatch" : false,
  "loggerFqcn" : "org.apache.logging.log4j.spi.AbstractLogger",
  "threadId" : 18,
  "threadPriority" : 5
}
{
  "instant" : {
    "epochSecond" : 1657226007,
    "nanoOfSecond" : 23467500
  },
  "thread" : "JavaFX Application Thread",
  "level" : "DEBUG",
  "loggerName" : "com.wimfra.tourplanner.TourPlannerApplication",
  "message" : "Program is starting",
  "endOfBatch" : false,
  "loggerFqcn" : "org.apache.logging.log4j.spi.AbstractLogger",
  "threadId" : 18,
  "threadPriority" : 5
}
{
  "instant" : {
    "epochSecond" : 1657226007,
    "nanoOfSecond" : 131458400
  },
  "thread" : "JavaFX Application Thread",
  "level" : "DEBUG",
  "loggerName" : "com.wimfra.tourplanner.TourPlannerApplication",
  "message" : "Loading stage...",
  "endOfBatch" : false,
  "loggerFqcn" : "org.apache.logging.log4j.spi.AbstractLogger",
  "threadId" : 18,
  "threadPriority" : 5
}
{
  "instant" : {
    "epochSecond" : 1657226007,
    "nanoOfSecond" : 184458600
  },
  "thread" : "JavaFX Application Thread",
  "level" : "DEBUG",
  "loggerName" : "com.wimfra.tourplanner.configuration.PropertyConfigurationReader",
  "message" : "Reading properties from file",
  "endOfBatch" : false,
  "loggerFqcn" : "org.apache.logging.log4j.spi.AbstractLogger",
  "threadId" : 18,
  "threadPriority" : 5
}
{
  "instant" : {
    "epochSecond" : 1657226010,
    "nanoOfSecond" : 273293400
  },
  "thread" : "JavaFX Application Thread",
  "level" : "DEBUG",
  "loggerName" : "com.wimfra.tourplanner.TourPlannerApplication",
  "message" : "Loading completed!",
  "endOfBatch" : false,
  "loggerFqcn" : "org.apache.logging.log4j.spi.AbstractLogger",
  "threadId" : 18,
  "threadPriority" : 5
}
{
  "instant" : {
    "epochSecond" : 1657226018,
    "nanoOfSecond" : 903984300
  },
  "thread" : "JavaFX Application Thread",
  "level" : "DEBUG",
  "loggerName" : "com.wimfra.tourplanner.view.MenubarController",
  "message" : "Generating a summarized report of all tours...",
  "endOfBatch" : false,
  "loggerFqcn" : "org.apache.logging.log4j.spi.AbstractLogger",
  "threadId" : 18,
  "threadPriority" : 5
}
{
  "instant" : {
    "epochSecond" : 1657226277,
    "nanoOfSecond" : 34348600
  },
  "thread" : "JavaFX Application Thread",
  "level" : "DEBUG",
  "loggerName" : "com.wimfra.tourplanner.TourPlannerApplication",
  "message" : "Program is starting",
  "endOfBatch" : false,
  "loggerFqcn" : "org.apache.logging.log4j.spi.AbstractLogger",
  "threadId" : 18,
  "threadPriority" : 5
}
{
  "instant" : {
    "epochSecond" : 1657226277,
    "nanoOfSecond" : 250343600
  },
  "thread" : "JavaFX Application Thread",
  "level" : "DEBUG",
  "loggerName" : "com.wimfra.tourplanner.TourPlannerApplication",
  "message" : "Loading stage...",
  "endOfBatch" : false,
  "loggerFqcn" : "org.apache.logging.log4j.spi.AbstractLogger",
  "threadId" : 18,
  "threadPriority" : 5
}
{
  "instant" : {
    "epochSecond" : 1657226277,
    "nanoOfSecond" : 343341800
  },
  "thread" : "JavaFX Application Thread",
  "level" : "DEBUG",
  "loggerName" : "com.wimfra.tourplanner.configuration.PropertyConfigurationReader",
  "message" : "Reading properties from file",
  "endOfBatch" : false,
  "loggerFqcn" : "org.apache.logging.log4j.spi.AbstractLogger",
  "threadId" : 18,
  "threadPriority" : 5
}
{
  "instant" : {
    "epochSecond" : 1657226282,
    "nanoOfSecond" : 743096600
  },
  "thread" : "JavaFX Application Thread",
  "level" : "DEBUG",
  "loggerName" : "com.wimfra.tourplanner.TourPlannerApplication",
  "message" : "Loading completed!",
  "endOfBatch" : false,
  "loggerFqcn" : "org.apache.logging.log4j.spi.AbstractLogger",
  "threadId" : 18,
  "threadPriority" : 5
}
{
  "instant" : {
    "epochSecond" : 1657226294,
    "nanoOfSecond" : 587361600
  },
  "thread" : "JavaFX Application Thread",
  "level" : "DEBUG",
  "loggerName" : "com.wimfra.tourplanner.view.MenubarController",
  "message" : "Generating a summarized report of all tours...",
  "endOfBatch" : false,
  "loggerFqcn" : "org.apache.logging.log4j.spi.AbstractLogger",
  "threadId" : 18,
  "threadPriority" : 5
}
{
  "instant" : {
    "epochSecond" : 1657226295,
    "nanoOfSecond" : 613860700
  },
  "thread" : "JavaFX Application Thread",
  "level" : "DEBUG",
  "loggerName" : "com.wimfra.tourplanner.viewmodel.MenubarViewModel",
  "message" : "Summarized Tour Report has been created successfully!",
  "endOfBatch" : false,
  "loggerFqcn" : "org.apache.logging.log4j.spi.AbstractLogger",
  "threadId" : 18,
  "threadPriority" : 5
}
{
  "instant" : {
    "epochSecond" : 1657226431,
    "nanoOfSecond" : 778701600
  },
  "thread" : "JavaFX Application Thread",
  "level" : "DEBUG",
  "loggerName" : "com.wimfra.tourplanner.TourPlannerApplication",
  "message" : "Program is starting",
  "endOfBatch" : false,
  "loggerFqcn" : "org.apache.logging.log4j.spi.AbstractLogger",
  "threadId" : 18,
  "threadPriority" : 5
}
{
  "instant" : {
    "epochSecond" : 1657226431,
    "nanoOfSecond" : 897700900
  },
  "thread" : "JavaFX Application Thread",
  "level" : "DEBUG",
  "loggerName" : "com.wimfra.tourplanner.TourPlannerApplication",
  "message" : "Loading stage...",
  "endOfBatch" : false,
  "loggerFqcn" : "org.apache.logging.log4j.spi.AbstractLogger",
  "threadId" : 18,
  "threadPriority" : 5
}
{
  "instant" : {
    "epochSecond" : 1657226431,
    "nanoOfSecond" : 949694400
  },
  "thread" : "JavaFX Application Thread",
  "level" : "DEBUG",
  "loggerName" : "com.wimfra.tourplanner.configuration.PropertyConfigurationReader",
  "message" : "Reading properties from file",
  "endOfBatch" : false,
  "loggerFqcn" : "org.apache.logging.log4j.spi.AbstractLogger",
  "threadId" : 18,
  "threadPriority" : 5
}
{
  "instant" : {
    "epochSecond" : 1657226434,
    "nanoOfSecond" : 614546800
  },
  "thread" : "JavaFX Application Thread",
  "level" : "DEBUG",
  "loggerName" : "com.wimfra.tourplanner.TourPlannerApplication",
  "message" : "Loading completed!",
  "endOfBatch" : false,
  "loggerFqcn" : "org.apache.logging.log4j.spi.AbstractLogger",
  "threadId" : 18,
  "threadPriority" : 5
}
{
  "instant" : {
    "epochSecond" : 1657226437,
    "nanoOfSecond" : 185097500
  },
  "thread" : "JavaFX Application Thread",
  "level" : "DEBUG",
  "loggerName" : "com.wimfra.tourplanner.view.MenubarController",
  "message" : "Generating a summarized report of all tours...",
  "endOfBatch" : false,
  "loggerFqcn" : "org.apache.logging.log4j.spi.AbstractLogger",
  "threadId" : 18,
  "threadPriority" : 5
}
{
  "instant" : {
    "epochSecond" : 1657226471,
    "nanoOfSecond" : 255730000
  },
  "thread" : "JavaFX Application Thread",
  "level" : "DEBUG",
  "loggerName" : "com.wimfra.tourplanner.TourPlannerApplication",
  "message" : "Program is starting",
  "endOfBatch" : false,
  "loggerFqcn" : "org.apache.logging.log4j.spi.AbstractLogger",
  "threadId" : 18,
  "threadPriority" : 5
}
{
  "instant" : {
    "epochSecond" : 1657226471,
    "nanoOfSecond" : 396727700
  },
  "thread" : "JavaFX Application Thread",
  "level" : "DEBUG",
  "loggerName" : "com.wimfra.tourplanner.TourPlannerApplication",
  "message" : "Loading stage...",
  "endOfBatch" : false,
  "loggerFqcn" : "org.apache.logging.log4j.spi.AbstractLogger",
  "threadId" : 18,
  "threadPriority" : 5
}
{
  "instant" : {
    "epochSecond" : 1657226471,
    "nanoOfSecond" : 446719400
  },
  "thread" : "JavaFX Application Thread",
  "level" : "DEBUG",
  "loggerName" : "com.wimfra.tourplanner.configuration.PropertyConfigurationReader",
  "message" : "Reading properties from file",
  "endOfBatch" : false,
  "loggerFqcn" : "org.apache.logging.log4j.spi.AbstractLogger",
  "threadId" : 18,
  "threadPriority" : 5
}
{
  "instant" : {
    "epochSecond" : 1657226475,
    "nanoOfSecond" : 165800800
  },
  "thread" : "JavaFX Application Thread",
  "level" : "DEBUG",
  "loggerName" : "com.wimfra.tourplanner.TourPlannerApplication",
  "message" : "Loading completed!",
  "endOfBatch" : false,
  "loggerFqcn" : "org.apache.logging.log4j.spi.AbstractLogger",
  "threadId" : 18,
  "threadPriority" : 5
}
{
  "instant" : {
    "epochSecond" : 1657226688,
    "nanoOfSecond" : 944325600
  },
  "thread" : "JavaFX Application Thread",
  "level" : "DEBUG",
  "loggerName" : "com.wimfra.tourplanner.TourPlannerApplication",
  "message" : "Program is starting",
  "endOfBatch" : false,
  "loggerFqcn" : "org.apache.logging.log4j.spi.AbstractLogger",
  "threadId" : 18,
  "threadPriority" : 5
}
{
  "instant" : {
    "epochSecond" : 1657226689,
    "nanoOfSecond" : 133328800
  },
  "thread" : "JavaFX Application Thread",
  "level" : "DEBUG",
  "loggerName" : "com.wimfra.tourplanner.TourPlannerApplication",
  "message" : "Loading stage...",
  "endOfBatch" : false,
  "loggerFqcn" : "org.apache.logging.log4j.spi.AbstractLogger",
  "threadId" : 18,
  "threadPriority" : 5
}
{
  "instant" : {
    "epochSecond" : 1657226689,
    "nanoOfSecond" : 200326400
  },
  "thread" : "JavaFX Application Thread",
  "level" : "DEBUG",
  "loggerName" : "com.wimfra.tourplanner.configuration.PropertyConfigurationReader",
  "message" : "Reading properties from file",
  "endOfBatch" : false,
  "loggerFqcn" : "org.apache.logging.log4j.spi.AbstractLogger",
  "threadId" : 18,
  "threadPriority" : 5
}
{
  "instant" : {
    "epochSecond" : 1657226693,
    "nanoOfSecond" : 493581600
  },
  "thread" : "JavaFX Application Thread",
  "level" : "DEBUG",
  "loggerName" : "com.wimfra.tourplanner.TourPlannerApplication",
  "message" : "Loading completed!",
  "endOfBatch" : false,
  "loggerFqcn" : "org.apache.logging.log4j.spi.AbstractLogger",
  "threadId" : 18,
  "threadPriority" : 5
}
{
  "instant" : {
    "epochSecond" : 1657226696,
    "nanoOfSecond" : 97316200
  },
  "thread" : "JavaFX Application Thread",
  "level" : "DEBUG",
  "loggerName" : "com.wimfra.tourplanner.view.MenubarController",
  "message" : "Generating a summarized report of all tours...",
  "endOfBatch" : false,
  "loggerFqcn" : "org.apache.logging.log4j.spi.AbstractLogger",
  "threadId" : 18,
  "threadPriority" : 5
}
{
  "instant" : {
    "epochSecond" : 1657227088,
    "nanoOfSecond" : 491286700
  },
  "thread" : "JavaFX Application Thread",
  "level" : "DEBUG",
  "loggerName" : "com.wimfra.tourplanner.TourPlannerApplication",
  "message" : "Program is starting",
  "endOfBatch" : false,
  "loggerFqcn" : "org.apache.logging.log4j.spi.AbstractLogger",
  "threadId" : 18,
  "threadPriority" : 5
}
{
  "instant" : {
    "epochSecond" : 1657227088,
    "nanoOfSecond" : 631283500
  },
  "thread" : "JavaFX Application Thread",
  "level" : "DEBUG",
  "loggerName" : "com.wimfra.tourplanner.TourPlannerApplication",
  "message" : "Loading stage...",
  "endOfBatch" : false,
  "loggerFqcn" : "org.apache.logging.log4j.spi.AbstractLogger",
  "threadId" : 18,
  "threadPriority" : 5
}
{
  "instant" : {
    "epochSecond" : 1657227088,
    "nanoOfSecond" : 703280700
  },
  "thread" : "JavaFX Application Thread",
  "level" : "DEBUG",
  "loggerName" : "com.wimfra.tourplanner.configuration.PropertyConfigurationReader",
  "message" : "Reading properties from file",
  "endOfBatch" : false,
  "loggerFqcn" : "org.apache.logging.log4j.spi.AbstractLogger",
  "threadId" : 18,
  "threadPriority" : 5
}
{
  "instant" : {
    "epochSecond" : 1657227091,
    "nanoOfSecond" : 541478400
  },
  "thread" : "JavaFX Application Thread",
  "level" : "DEBUG",
  "loggerName" : "com.wimfra.tourplanner.TourPlannerApplication",
  "message" : "Loading completed!",
  "endOfBatch" : false,
  "loggerFqcn" : "org.apache.logging.log4j.spi.AbstractLogger",
  "threadId" : 18,
  "threadPriority" : 5
}
{
  "instant" : {
    "epochSecond" : 1657227093,
    "nanoOfSecond" : 315451200
  },
  "thread" : "JavaFX Application Thread",
  "level" : "DEBUG",
  "loggerName" : "com.wimfra.tourplanner.view.MenubarController",
  "message" : "Generating a summarized report of all tours...",
  "endOfBatch" : false,
  "loggerFqcn" : "org.apache.logging.log4j.spi.AbstractLogger",
  "threadId" : 18,
  "threadPriority" : 5
}
{
  "instant" : {
    "epochSecond" : 1657227275,
    "nanoOfSecond" : 288162400
  },
  "thread" : "JavaFX Application Thread",
  "level" : "DEBUG",
  "loggerName" : "com.wimfra.tourplanner.TourPlannerApplication",
  "message" : "Program is starting",
  "endOfBatch" : false,
  "loggerFqcn" : "org.apache.logging.log4j.spi.AbstractLogger",
  "threadId" : 18,
  "threadPriority" : 5
}
{
  "instant" : {
    "epochSecond" : 1657227275,
    "nanoOfSecond" : 440677700
  },
  "thread" : "JavaFX Application Thread",
  "level" : "DEBUG",
  "loggerName" : "com.wimfra.tourplanner.TourPlannerApplication",
  "message" : "Loading stage...",
  "endOfBatch" : false,
  "loggerFqcn" : "org.apache.logging.log4j.spi.AbstractLogger",
  "threadId" : 18,
  "threadPriority" : 5
}
{
  "instant" : {
    "epochSecond" : 1657227275,
    "nanoOfSecond" : 496681500
  },
  "thread" : "JavaFX Application Thread",
  "level" : "DEBUG",
  "loggerName" : "com.wimfra.tourplanner.configuration.PropertyConfigurationReader",
  "message" : "Reading properties from file",
  "endOfBatch" : false,
  "loggerFqcn" : "org.apache.logging.log4j.spi.AbstractLogger",
  "threadId" : 18,
  "threadPriority" : 5
}
{
  "instant" : {
    "epochSecond" : 1657227278,
    "nanoOfSecond" : 27550700
  },
  "thread" : "JavaFX Application Thread",
  "level" : "DEBUG",
  "loggerName" : "com.wimfra.tourplanner.TourPlannerApplication",
  "message" : "Loading completed!",
  "endOfBatch" : false,
  "loggerFqcn" : "org.apache.logging.log4j.spi.AbstractLogger",
  "threadId" : 18,
  "threadPriority" : 5
}
{
  "instant" : {
    "epochSecond" : 1657227281,
    "nanoOfSecond" : 483924900
  },
  "thread" : "JavaFX Application Thread",
  "level" : "DEBUG",
  "loggerName" : "com.wimfra.tourplanner.view.MenubarController",
  "message" : "Generating a summarized report of all tours...",
  "endOfBatch" : false,
  "loggerFqcn" : "org.apache.logging.log4j.spi.AbstractLogger",
  "threadId" : 18,
  "threadPriority" : 5
}
{
  "instant" : {
    "epochSecond" : 1657227373,
    "nanoOfSecond" : 310196000
  },
  "thread" : "JavaFX Application Thread",
  "level" : "DEBUG",
  "loggerName" : "com.wimfra.tourplanner.TourPlannerApplication",
  "message" : "Program is starting",
  "endOfBatch" : false,
  "loggerFqcn" : "org.apache.logging.log4j.spi.AbstractLogger",
  "threadId" : 18,
  "threadPriority" : 5
}
{
  "instant" : {
    "epochSecond" : 1657227373,
    "nanoOfSecond" : 451190700
  },
  "thread" : "JavaFX Application Thread",
  "level" : "DEBUG",
  "loggerName" : "com.wimfra.tourplanner.TourPlannerApplication",
  "message" : "Loading stage...",
  "endOfBatch" : false,
  "loggerFqcn" : "org.apache.logging.log4j.spi.AbstractLogger",
  "threadId" : 18,
  "threadPriority" : 5
}
{
  "instant" : {
    "epochSecond" : 1657227373,
    "nanoOfSecond" : 511178400
  },
  "thread" : "JavaFX Application Thread",
  "level" : "DEBUG",
  "loggerName" : "com.wimfra.tourplanner.configuration.PropertyConfigurationReader",
  "message" : "Reading properties from file",
  "endOfBatch" : false,
  "loggerFqcn" : "org.apache.logging.log4j.spi.AbstractLogger",
  "threadId" : 18,
  "threadPriority" : 5
}
{
  "instant" : {
    "epochSecond" : 1657227376,
    "nanoOfSecond" : 255505400
  },
  "thread" : "JavaFX Application Thread",
  "level" : "DEBUG",
  "loggerName" : "com.wimfra.tourplanner.TourPlannerApplication",
  "message" : "Loading completed!",
  "endOfBatch" : false,
  "loggerFqcn" : "org.apache.logging.log4j.spi.AbstractLogger",
  "threadId" : 18,
  "threadPriority" : 5
}
{
  "instant" : {
    "epochSecond" : 1657227378,
    "nanoOfSecond" : 97879800
  },
  "thread" : "JavaFX Application Thread",
  "level" : "DEBUG",
  "loggerName" : "com.wimfra.tourplanner.view.MenubarController",
  "message" : "Generating a summarized report of all tours...",
  "endOfBatch" : false,
  "loggerFqcn" : "org.apache.logging.log4j.spi.AbstractLogger",
  "threadId" : 18,
  "threadPriority" : 5
}
{
  "instant" : {
    "epochSecond" : 1657227380,
    "nanoOfSecond" : 91285800
  },
  "thread" : "JavaFX Application Thread",
  "level" : "DEBUG",
  "loggerName" : "com.wimfra.tourplanner.viewmodel.MenubarViewModel",
  "message" : "Summarized Tour Report has been created successfully!",
  "endOfBatch" : false,
  "loggerFqcn" : "org.apache.logging.log4j.spi.AbstractLogger",
  "threadId" : 18,
  "threadPriority" : 5
}
{
  "instant" : {
    "epochSecond" : 1657227433,
    "nanoOfSecond" : 497286000
  },
  "thread" : "JavaFX Application Thread",
  "level" : "WARN",
  "loggerName" : "com.itextpdf.layout.renderer.TableRenderer",
  "message" : "Last row is not completed. Table bottom border may collapse as you do not expect it",
  "endOfBatch" : false,
  "loggerFqcn" : "org.apache.logging.slf4j.Log4jLogger",
  "threadId" : 18,
  "threadPriority" : 5
}
{
  "instant" : {
    "epochSecond" : 1657227433,
    "nanoOfSecond" : 500627700
  },
  "thread" : "JavaFX Application Thread",
  "level" : "WARN",
  "loggerName" : "com.itextpdf.layout.renderer.TableRenderer",
  "message" : "Last row is not completed. Table bottom border may collapse as you do not expect it",
  "endOfBatch" : false,
  "loggerFqcn" : "org.apache.logging.slf4j.Log4jLogger",
  "threadId" : 18,
  "threadPriority" : 5
}
{
  "instant" : {
    "epochSecond" : 1657227534,
    "nanoOfSecond" : 447060000
  },
  "thread" : "JavaFX Application Thread",
  "level" : "DEBUG",
  "loggerName" : "com.wimfra.tourplanner.TourPlannerApplication",
  "message" : "Program is starting",
  "endOfBatch" : false,
  "loggerFqcn" : "org.apache.logging.log4j.spi.AbstractLogger",
  "threadId" : 18,
  "threadPriority" : 5
}
{
  "instant" : {
    "epochSecond" : 1657227534,
    "nanoOfSecond" : 594068800
  },
  "thread" : "JavaFX Application Thread",
  "level" : "DEBUG",
  "loggerName" : "com.wimfra.tourplanner.TourPlannerApplication",
  "message" : "Loading stage...",
  "endOfBatch" : false,
  "loggerFqcn" : "org.apache.logging.log4j.spi.AbstractLogger",
  "threadId" : 18,
  "threadPriority" : 5
}
{
  "instant" : {
    "epochSecond" : 1657227534,
    "nanoOfSecond" : 678054400
  },
  "thread" : "JavaFX Application Thread",
  "level" : "DEBUG",
  "loggerName" : "com.wimfra.tourplanner.configuration.PropertyConfigurationReader",
  "message" : "Reading properties from file",
  "endOfBatch" : false,
  "loggerFqcn" : "org.apache.logging.log4j.spi.AbstractLogger",
  "threadId" : 18,
  "threadPriority" : 5
}
{
  "instant" : {
    "epochSecond" : 1657227538,
    "nanoOfSecond" : 500056600
  },
  "thread" : "JavaFX Application Thread",
  "level" : "DEBUG",
  "loggerName" : "com.wimfra.tourplanner.TourPlannerApplication",
  "message" : "Loading completed!",
  "endOfBatch" : false,
  "loggerFqcn" : "org.apache.logging.log4j.spi.AbstractLogger",
  "threadId" : 18,
  "threadPriority" : 5
}
{
  "instant" : {
    "epochSecond" : 1657227926,
    "nanoOfSecond" : 927402200
  },
  "thread" : "JavaFX Application Thread",
  "level" : "DEBUG",
  "loggerName" : "com.wimfra.tourplanner.TourPlannerApplication",
  "message" : "Program is starting",
  "endOfBatch" : false,
  "loggerFqcn" : "org.apache.logging.log4j.spi.AbstractLogger",
  "threadId" : 18,
  "threadPriority" : 5
}
{
  "instant" : {
    "epochSecond" : 1657227927,
    "nanoOfSecond" : 37413200
  },
  "thread" : "JavaFX Application Thread",
  "level" : "DEBUG",
  "loggerName" : "com.wimfra.tourplanner.TourPlannerApplication",
  "message" : "Loading stage...",
  "endOfBatch" : false,
  "loggerFqcn" : "org.apache.logging.log4j.spi.AbstractLogger",
  "threadId" : 18,
  "threadPriority" : 5
}
{
  "instant" : {
    "epochSecond" : 1657227927,
    "nanoOfSecond" : 105403400
  },
  "thread" : "JavaFX Application Thread",
  "level" : "DEBUG",
  "loggerName" : "com.wimfra.tourplanner.configuration.PropertyConfigurationReader",
  "message" : "Reading properties from file",
  "endOfBatch" : false,
  "loggerFqcn" : "org.apache.logging.log4j.spi.AbstractLogger",
  "threadId" : 18,
  "threadPriority" : 5
}
{
  "instant" : {
    "epochSecond" : 1657227929,
    "nanoOfSecond" : 716993900
  },
  "thread" : "JavaFX Application Thread",
  "level" : "DEBUG",
  "loggerName" : "com.wimfra.tourplanner.TourPlannerApplication",
  "message" : "Loading completed!",
  "endOfBatch" : false,
  "loggerFqcn" : "org.apache.logging.log4j.spi.AbstractLogger",
  "threadId" : 18,
  "threadPriority" : 5
}
{
  "instant" : {
    "epochSecond" : 1657228158,
    "nanoOfSecond" : 87869100
  },
  "thread" : "JavaFX Application Thread",
  "level" : "DEBUG",
  "loggerName" : "com.wimfra.tourplanner.TourPlannerApplication",
  "message" : "Program is starting",
  "endOfBatch" : false,
  "loggerFqcn" : "org.apache.logging.log4j.spi.AbstractLogger",
  "threadId" : 18,
  "threadPriority" : 5
}
{
  "instant" : {
    "epochSecond" : 1657228158,
    "nanoOfSecond" : 199877300
  },
  "thread" : "JavaFX Application Thread",
  "level" : "DEBUG",
  "loggerName" : "com.wimfra.tourplanner.TourPlannerApplication",
  "message" : "Loading stage...",
  "endOfBatch" : false,
  "loggerFqcn" : "org.apache.logging.log4j.spi.AbstractLogger",
  "threadId" : 18,
  "threadPriority" : 5
}
{
  "instant" : {
    "epochSecond" : 1657228158,
    "nanoOfSecond" : 259872300
  },
  "thread" : "JavaFX Application Thread",
  "level" : "DEBUG",
  "loggerName" : "com.wimfra.tourplanner.configuration.PropertyConfigurationReader",
  "message" : "Reading properties from file",
  "endOfBatch" : false,
  "loggerFqcn" : "org.apache.logging.log4j.spi.AbstractLogger",
  "threadId" : 18,
  "threadPriority" : 5
}
{
  "instant" : {
    "epochSecond" : 1657228160,
    "nanoOfSecond" : 894246000
  },
  "thread" : "JavaFX Application Thread",
  "level" : "DEBUG",
  "loggerName" : "com.wimfra.tourplanner.TourPlannerApplication",
  "message" : "Loading completed!",
  "endOfBatch" : false,
  "loggerFqcn" : "org.apache.logging.log4j.spi.AbstractLogger",
  "threadId" : 18,
  "threadPriority" : 5
}
{
  "instant" : {
    "epochSecond" : 1657228290,
    "nanoOfSecond" : 221184800
  },
  "thread" : "JavaFX Application Thread",
  "level" : "DEBUG",
  "loggerName" : "com.wimfra.tourplanner.TourPlannerApplication",
  "message" : "Program is starting",
  "endOfBatch" : false,
  "loggerFqcn" : "org.apache.logging.log4j.spi.AbstractLogger",
  "threadId" : 18,
  "threadPriority" : 5
}
{
  "instant" : {
    "epochSecond" : 1657228290,
    "nanoOfSecond" : 342192500
  },
  "thread" : "JavaFX Application Thread",
  "level" : "DEBUG",
  "loggerName" : "com.wimfra.tourplanner.TourPlannerApplication",
  "message" : "Loading stage...",
  "endOfBatch" : false,
  "loggerFqcn" : "org.apache.logging.log4j.spi.AbstractLogger",
  "threadId" : 18,
  "threadPriority" : 5
}
{
  "instant" : {
    "epochSecond" : 1657228290,
    "nanoOfSecond" : 406188200
  },
  "thread" : "JavaFX Application Thread",
  "level" : "DEBUG",
  "loggerName" : "com.wimfra.tourplanner.configuration.PropertyConfigurationReader",
  "message" : "Reading properties from file",
  "endOfBatch" : false,
  "loggerFqcn" : "org.apache.logging.log4j.spi.AbstractLogger",
  "threadId" : 18,
  "threadPriority" : 5
}
{
  "instant" : {
    "epochSecond" : 1657228292,
    "nanoOfSecond" : 801948000
  },
  "thread" : "JavaFX Application Thread",
  "level" : "DEBUG",
  "loggerName" : "com.wimfra.tourplanner.TourPlannerApplication",
  "message" : "Loading completed!",
  "endOfBatch" : false,
  "loggerFqcn" : "org.apache.logging.log4j.spi.AbstractLogger",
  "threadId" : 18,
  "threadPriority" : 5
}
{
  "instant" : {
    "epochSecond" : 1657228408,
    "nanoOfSecond" : 398996700
  },
  "thread" : "JavaFX Application Thread",
  "level" : "DEBUG",
  "loggerName" : "com.wimfra.tourplanner.TourPlannerApplication",
  "message" : "Program is starting",
  "endOfBatch" : false,
  "loggerFqcn" : "org.apache.logging.log4j.spi.AbstractLogger",
  "threadId" : 18,
  "threadPriority" : 5
}
{
  "instant" : {
    "epochSecond" : 1657228408,
    "nanoOfSecond" : 535999300
  },
  "thread" : "JavaFX Application Thread",
  "level" : "DEBUG",
  "loggerName" : "com.wimfra.tourplanner.TourPlannerApplication",
  "message" : "Loading stage...",
  "endOfBatch" : false,
  "loggerFqcn" : "org.apache.logging.log4j.spi.AbstractLogger",
  "threadId" : 18,
  "threadPriority" : 5
}
{
  "instant" : {
    "epochSecond" : 1657228408,
    "nanoOfSecond" : 584993600
  },
  "thread" : "JavaFX Application Thread",
  "level" : "DEBUG",
  "loggerName" : "com.wimfra.tourplanner.configuration.PropertyConfigurationReader",
  "message" : "Reading properties from file",
  "endOfBatch" : false,
  "loggerFqcn" : "org.apache.logging.log4j.spi.AbstractLogger",
  "threadId" : 18,
  "threadPriority" : 5
}
{
  "instant" : {
    "epochSecond" : 1657228411,
    "nanoOfSecond" : 241585000
  },
  "thread" : "JavaFX Application Thread",
  "level" : "DEBUG",
  "loggerName" : "com.wimfra.tourplanner.TourPlannerApplication",
  "message" : "Loading completed!",
  "endOfBatch" : false,
  "loggerFqcn" : "org.apache.logging.log4j.spi.AbstractLogger",
  "threadId" : 18,
  "threadPriority" : 5
}
{
  "instant" : {
    "epochSecond" : 1657228628,
    "nanoOfSecond" : 455607800
  },
  "thread" : "JavaFX Application Thread",
  "level" : "DEBUG",
  "loggerName" : "com.wimfra.tourplanner.TourPlannerApplication",
  "message" : "Program is starting",
  "endOfBatch" : false,
  "loggerFqcn" : "org.apache.logging.log4j.spi.AbstractLogger",
  "threadId" : 18,
  "threadPriority" : 5
}
{
  "instant" : {
    "epochSecond" : 1657228628,
    "nanoOfSecond" : 570609200
  },
  "thread" : "JavaFX Application Thread",
  "level" : "DEBUG",
  "loggerName" : "com.wimfra.tourplanner.TourPlannerApplication",
  "message" : "Loading stage...",
  "endOfBatch" : false,
  "loggerFqcn" : "org.apache.logging.log4j.spi.AbstractLogger",
  "threadId" : 18,
  "threadPriority" : 5
}
{
  "instant" : {
    "epochSecond" : 1657228628,
    "nanoOfSecond" : 640598400
  },
  "thread" : "JavaFX Application Thread",
  "level" : "DEBUG",
  "loggerName" : "com.wimfra.tourplanner.configuration.PropertyConfigurationReader",
  "message" : "Reading properties from file",
  "endOfBatch" : false,
  "loggerFqcn" : "org.apache.logging.log4j.spi.AbstractLogger",
  "threadId" : 18,
  "threadPriority" : 5
}
{
  "instant" : {
    "epochSecond" : 1657228631,
    "nanoOfSecond" : 710793300
  },
  "thread" : "JavaFX Application Thread",
  "level" : "DEBUG",
  "loggerName" : "com.wimfra.tourplanner.TourPlannerApplication",
  "message" : "Loading completed!",
  "endOfBatch" : false,
  "loggerFqcn" : "org.apache.logging.log4j.spi.AbstractLogger",
  "threadId" : 18,
  "threadPriority" : 5
}
{
  "instant" : {
    "epochSecond" : 1657228651,
    "nanoOfSecond" : 560616000
  },
  "thread" : "JavaFX Application Thread",
  "level" : "DEBUG",
  "loggerName" : "com.wimfra.tourplanner.view.AddLogController",
  "message" : "Setting up 'add-log-view.fxml'",
  "endOfBatch" : false,
  "loggerFqcn" : "org.apache.logging.log4j.spi.AbstractLogger",
  "threadId" : 18,
  "threadPriority" : 5
}
{
  "instant" : {
    "epochSecond" : 1657228663,
    "nanoOfSecond" : 58891900
  },
  "thread" : "JavaFX Application Thread",
  "level" : "DEBUG",
  "loggerName" : "com.wimfra.tourplanner.view.AddLogController",
  "message" : "Creating new log in database...",
  "endOfBatch" : false,
  "loggerFqcn" : "org.apache.logging.log4j.spi.AbstractLogger",
  "threadId" : 18,
  "threadPriority" : 5
}
{
  "instant" : {
    "epochSecond" : 1657228663,
    "nanoOfSecond" : 107892100
  },
  "thread" : "JavaFX Application Thread",
  "level" : "DEBUG",
  "loggerName" : "com.wimfra.tourplanner.viewmodel.AddLogViewModel",
  "message" : "Creating new log finished!",
  "endOfBatch" : false,
  "loggerFqcn" : "org.apache.logging.log4j.spi.AbstractLogger",
  "threadId" : 18,
  "threadPriority" : 5
}
{
  "instant" : {
    "epochSecond" : 1657228847,
    "nanoOfSecond" : 611693200
  },
  "thread" : "JavaFX Application Thread",
  "level" : "DEBUG",
  "loggerName" : "com.wimfra.tourplanner.TourPlannerApplication",
  "message" : "Program is starting",
  "endOfBatch" : false,
  "loggerFqcn" : "org.apache.logging.log4j.spi.AbstractLogger",
  "threadId" : 18,
  "threadPriority" : 5
}
{
  "instant" : {
    "epochSecond" : 1657228847,
    "nanoOfSecond" : 733927700
  },
  "thread" : "JavaFX Application Thread",
  "level" : "DEBUG",
  "loggerName" : "com.wimfra.tourplanner.TourPlannerApplication",
  "message" : "Loading stage...",
  "endOfBatch" : false,
  "loggerFqcn" : "org.apache.logging.log4j.spi.AbstractLogger",
  "threadId" : 18,
  "threadPriority" : 5
}
{
  "instant" : {
    "epochSecond" : 1657228847,
    "nanoOfSecond" : 783926700
  },
  "thread" : "JavaFX Application Thread",
  "level" : "DEBUG",
  "loggerName" : "com.wimfra.tourplanner.configuration.PropertyConfigurationReader",
  "message" : "Reading properties from file",
  "endOfBatch" : false,
  "loggerFqcn" : "org.apache.logging.log4j.spi.AbstractLogger",
  "threadId" : 18,
  "threadPriority" : 5
}
{
  "instant" : {
    "epochSecond" : 1657228850,
    "nanoOfSecond" : 655313700
  },
  "thread" : "JavaFX Application Thread",
  "level" : "DEBUG",
  "loggerName" : "com.wimfra.tourplanner.TourPlannerApplication",
  "message" : "Loading completed!",
  "endOfBatch" : false,
  "loggerFqcn" : "org.apache.logging.log4j.spi.AbstractLogger",
  "threadId" : 18,
  "threadPriority" : 5
}
{
  "instant" : {
    "epochSecond" : 1657228885,
    "nanoOfSecond" : 345579600
  },
  "thread" : "JavaFX Application Thread",
  "level" : "DEBUG",
  "loggerName" : "com.wimfra.tourplanner.view.MenubarController",
  "message" : "Generating a summarized report of all tours...",
  "endOfBatch" : false,
  "loggerFqcn" : "org.apache.logging.log4j.spi.AbstractLogger",
  "threadId" : 18,
  "threadPriority" : 5
}
{
  "instant" : {
    "epochSecond" : 1657228886,
    "nanoOfSecond" : 632297200
  },
  "thread" : "JavaFX Application Thread",
  "level" : "WARN",
  "loggerName" : "com.itextpdf.layout.renderer.RootRenderer",
  "message" : "Element does not fit current area. ",
  "endOfBatch" : false,
  "loggerFqcn" : "org.apache.logging.slf4j.Log4jLogger",
  "threadId" : 18,
  "threadPriority" : 5
}
{
  "instant" : {
    "epochSecond" : 1657228887,
    "nanoOfSecond" : 795976800
  },
  "thread" : "JavaFX Application Thread",
  "level" : "DEBUG",
  "loggerName" : "com.wimfra.tourplanner.viewmodel.MenubarViewModel",
  "message" : "Summarized Tour Report has been created successfully!",
  "endOfBatch" : false,
  "loggerFqcn" : "org.apache.logging.log4j.spi.AbstractLogger",
  "threadId" : 18,
  "threadPriority" : 5
}
{
  "instant" : {
    "epochSecond" : 1657228949,
    "nanoOfSecond" : 880102900
  },
  "thread" : "JavaFX Application Thread",
  "level" : "DEBUG",
  "loggerName" : "com.wimfra.tourplanner.TourPlannerApplication",
  "message" : "Program is starting",
  "endOfBatch" : false,
  "loggerFqcn" : "org.apache.logging.log4j.spi.AbstractLogger",
  "threadId" : 18,
  "threadPriority" : 5
}
{
  "instant" : {
    "epochSecond" : 1657228950,
    "nanoOfSecond" : 6108800
  },
  "thread" : "JavaFX Application Thread",
  "level" : "DEBUG",
  "loggerName" : "com.wimfra.tourplanner.TourPlannerApplication",
  "message" : "Loading stage...",
  "endOfBatch" : false,
  "loggerFqcn" : "org.apache.logging.log4j.spi.AbstractLogger",
  "threadId" : 18,
  "threadPriority" : 5
}
{
  "instant" : {
    "epochSecond" : 1657228950,
    "nanoOfSecond" : 57104200
  },
  "thread" : "JavaFX Application Thread",
  "level" : "DEBUG",
  "loggerName" : "com.wimfra.tourplanner.configuration.PropertyConfigurationReader",
  "message" : "Reading properties from file",
  "endOfBatch" : false,
  "loggerFqcn" : "org.apache.logging.log4j.spi.AbstractLogger",
  "threadId" : 18,
  "threadPriority" : 5
}
{
  "instant" : {
    "epochSecond" : 1657228953,
    "nanoOfSecond" : 108475900
  },
  "thread" : "JavaFX Application Thread",
  "level" : "DEBUG",
  "loggerName" : "com.wimfra.tourplanner.TourPlannerApplication",
  "message" : "Loading completed!",
  "endOfBatch" : false,
  "loggerFqcn" : "org.apache.logging.log4j.spi.AbstractLogger",
  "threadId" : 18,
  "threadPriority" : 5
}
{
  "instant" : {
    "epochSecond" : 1657229043,
    "nanoOfSecond" : 619118000
  },
  "thread" : "JavaFX Application Thread",
  "level" : "DEBUG",
  "loggerName" : "com.wimfra.tourplanner.view.MenubarController",
  "message" : "Generating a summarized report of all tours...",
  "endOfBatch" : false,
  "loggerFqcn" : "org.apache.logging.log4j.spi.AbstractLogger",
  "threadId" : 18,
  "threadPriority" : 5
}
{
  "instant" : {
    "epochSecond" : 1657229044,
    "nanoOfSecond" : 745114800
  },
  "thread" : "JavaFX Application Thread",
  "level" : "WARN",
  "loggerName" : "com.itextpdf.layout.renderer.RootRenderer",
  "message" : "Element does not fit current area. ",
  "endOfBatch" : false,
  "loggerFqcn" : "org.apache.logging.slf4j.Log4jLogger",
  "threadId" : 18,
  "threadPriority" : 5
}
{
  "instant" : {
    "epochSecond" : 1657229046,
    "nanoOfSecond" : 43043900
  },
  "thread" : "JavaFX Application Thread",
  "level" : "DEBUG",
  "loggerName" : "com.wimfra.tourplanner.viewmodel.MenubarViewModel",
  "message" : "Summarized Tour Report has been created successfully!",
  "endOfBatch" : false,
  "loggerFqcn" : "org.apache.logging.log4j.spi.AbstractLogger",
  "threadId" : 18,
  "threadPriority" : 5
}
{
  "instant" : {
    "epochSecond" : 1657229103,
    "nanoOfSecond" : 589342200
  },
  "thread" : "JavaFX Application Thread",
  "level" : "WARN",
  "loggerName" : "com.itextpdf.layout.renderer.RootRenderer",
  "message" : "Element does not fit current area. ",
  "endOfBatch" : false,
  "loggerFqcn" : "org.apache.logging.slf4j.Log4jLogger",
  "threadId" : 18,
  "threadPriority" : 5
}
{
  "instant" : {
    "epochSecond" : 1657229103,
    "nanoOfSecond" : 629885700
  },
  "thread" : "JavaFX Application Thread",
  "level" : "WARN",
  "loggerName" : "com.itextpdf.layout.renderer.TableRenderer",
  "message" : "Last row is not completed. Table bottom border may collapse as you do not expect it",
  "endOfBatch" : false,
  "loggerFqcn" : "org.apache.logging.slf4j.Log4jLogger",
  "threadId" : 18,
  "threadPriority" : 5
}
{
  "instant" : {
    "epochSecond" : 1657229103,
    "nanoOfSecond" : 633671700
  },
  "thread" : "JavaFX Application Thread",
  "level" : "WARN",
  "loggerName" : "com.itextpdf.layout.renderer.TableRenderer",
  "message" : "Last row is not completed. Table bottom border may collapse as you do not expect it",
  "endOfBatch" : false,
  "loggerFqcn" : "org.apache.logging.slf4j.Log4jLogger",
  "threadId" : 18,
  "threadPriority" : 5
}
