2022-07-08 18:05:49.813 [JavaFX Application Thread] DEBUG com.wimfra.tourplanner.TourPlannerApplication - Program is starting
2022-07-08 18:05:49.815 [JavaFX Application Thread] DEBUG com.wimfra.tourplanner.TourPlannerApplication - Loading stage...
2022-07-08 18:05:49.860 [JavaFX Application Thread] DEBUG com.wimfra.tourplanner.configuration.PropertyConfigurationReader - Reading properties from file
2022-07-08 18:05:51.224 [JavaFX Application Thread] DEBUG com.wimfra.tourplanner.TourPlannerApplication - Loading completed!
2022-07-08 18:07:56.400 [JavaFX Application Thread] DEBUG com.wimfra.tourplanner.TourPlannerApplication - Program is starting
2022-07-08 18:07:56.402 [JavaFX Application Thread] DEBUG com.wimfra.tourplanner.TourPlannerApplication - Loading stage...
2022-07-08 18:07:56.423 [JavaFX Application Thread] DEBUG com.wimfra.tourplanner.configuration.PropertyConfigurationReader - Reading properties from file
2022-07-08 18:07:57.592 [JavaFX Application Thread] DEBUG com.wimfra.tourplanner.TourPlannerApplication - Loading completed!
2022-07-08 18:10:09.478 [JavaFX Application Thread] DEBUG com.wimfra.tourplanner.TourPlannerApplication - Program is starting
2022-07-08 18:10:09.480 [JavaFX Application Thread] DEBUG com.wimfra.tourplanner.TourPlannerApplication - Loading stage...
2022-07-08 18:10:09.504 [JavaFX Application Thread] DEBUG com.wimfra.tourplanner.configuration.PropertyConfigurationReader - Reading properties from file
2022-07-08 18:10:10.679 [JavaFX Application Thread] DEBUG com.wimfra.tourplanner.TourPlannerApplication - Loading completed!
2022-07-08 18:10:52.395 [JavaFX Application Thread] INFO  com.wimfra.tourplanner.businesslayer.ManageTourServiceImpl - Tour image created
2022-07-08 18:12:14.468 [JavaFX Application Thread] DEBUG com.wimfra.tourplanner.TourPlannerApplication - Program is starting
2022-07-08 18:12:14.470 [JavaFX Application Thread] DEBUG com.wimfra.tourplanner.TourPlannerApplication - Loading stage...
2022-07-08 18:12:14.511 [JavaFX Application Thread] DEBUG com.wimfra.tourplanner.configuration.PropertyConfigurationReader - Reading properties from file
2022-07-08 18:12:15.800 [JavaFX Application Thread] DEBUG com.wimfra.tourplanner.TourPlannerApplication - Loading completed!
2022-07-08 18:14:45.035 [JavaFX Application Thread] DEBUG com.wimfra.tourplanner.TourPlannerApplication - Program is starting
2022-07-08 18:14:45.037 [JavaFX Application Thread] DEBUG com.wimfra.tourplanner.TourPlannerApplication - Loading stage...
2022-07-08 18:14:45.075 [JavaFX Application Thread] DEBUG com.wimfra.tourplanner.configuration.PropertyConfigurationReader - Reading properties from file
2022-07-08 18:14:46.396 [JavaFX Application Thread] DEBUG com.wimfra.tourplanner.TourPlannerApplication - Loading completed!
2022-07-08 18:16:07.733 [JavaFX Application Thread] INFO  com.wimfra.tourplanner.businesslayer.ManageTourServiceImpl - Tour image created
2022-07-08 18:21:33.966 [JavaFX Application Thread] INFO  com.wimfra.tourplanner.businesslayer.ManageTourServiceImpl - Tour image created
2022-07-08 18:22:06.321 [JavaFX Application Thread] DEBUG com.wimfra.tourplanner.TourPlannerApplication - Program is starting
2022-07-08 18:22:06.323 [JavaFX Application Thread] DEBUG com.wimfra.tourplanner.TourPlannerApplication - Loading stage...
2022-07-08 18:22:06.342 [JavaFX Application Thread] DEBUG com.wimfra.tourplanner.configuration.PropertyConfigurationReader - Reading properties from file
2022-07-08 18:22:07.507 [JavaFX Application Thread] DEBUG com.wimfra.tourplanner.TourPlannerApplication - Loading completed!
2022-07-08 18:22:39.004 [JavaFX Application Thread] DEBUG com.wimfra.tourplanner.view.AddLogController - Setting up 'add-log-view.fxml'
2022-07-08 18:22:46.970 [JavaFX Application Thread] DEBUG com.wimfra.tourplanner.view.AddLogController - Creating new log in database...
2022-07-08 18:22:46.989 [JavaFX Application Thread] DEBUG com.wimfra.tourplanner.viewmodel.AddLogViewModel - Creating new log finished!
