2022-07-10 10:11:43.559 [main] DEBUG com.wimfra.tourplanner.configuration.PropertyConfigurationReader - Reading properties from file
2022-07-10 10:11:43.774 [main] DEBUG com.wimfra.tourplanner.dataaccesslayer.DBService - Database connection successfully established!
2022-07-10 10:11:43.826 [main] DEBUG com.wimfra.tourplanner.dataaccesslayer.DBService - Database connection successfully established!
2022-07-10 10:11:43.826 [main] DEBUG com.wimfra.tourplanner.dataaccesslayer.DBService - Editing a single log in the database..
2022-07-10 10:11:43.830 [main] DEBUG com.wimfra.tourplanner.dataaccesslayer.DBService - Database connection successfully closed!
2022-07-10 10:11:43.849 [main] DEBUG com.wimfra.tourplanner.dataaccesslayer.DBService - Database connection successfully established!
2022-07-10 10:11:43.850 [main] DEBUG com.wimfra.tourplanner.dataaccesslayer.DBService - Getting a (specific) single log from the database..
2022-07-10 10:11:43.901 [main] DEBUG com.wimfra.tourplanner.dataaccesslayer.DBService - Database connection successfully established!
2022-07-10 10:11:43.926 [main] DEBUG com.wimfra.tourplanner.dataaccesslayer.DBService - Database connection successfully established!
2022-07-10 10:11:43.927 [main] DEBUG com.wimfra.tourplanner.dataaccesslayer.DBService - Deleting a specific log from the database..
2022-07-10 10:11:43.930 [main] DEBUG com.wimfra.tourplanner.dataaccesslayer.DBService - Database connection successfully closed!
2022-07-10 10:11:43.948 [main] DEBUG com.wimfra.tourplanner.dataaccesslayer.DBService - Database connection successfully established!
2022-07-10 10:11:43.948 [main] DEBUG com.wimfra.tourplanner.dataaccesslayer.DBService - Getting a (specific) single tour from the database..
2022-07-10 10:11:43.976 [main] DEBUG com.wimfra.tourplanner.dataaccesslayer.DBService - Database connection successfully established!
2022-07-10 10:11:43.999 [main] DEBUG com.wimfra.tourplanner.dataaccesslayer.DBService - Database connection successfully established!
2022-07-10 10:11:43.999 [main] DEBUG com.wimfra.tourplanner.dataaccesslayer.DBService - Getting a (specific) single log from the database..
2022-07-10 10:11:44.025 [main] DEBUG com.wimfra.tourplanner.dataaccesslayer.DBService - Database connection successfully established!
2022-07-10 10:11:44.074 [main] DEBUG com.wimfra.tourplanner.dataaccesslayer.DBService - Database connection successfully established!
2022-07-10 10:11:44.093 [main] DEBUG com.wimfra.tourplanner.dataaccesslayer.DBService - Database connection successfully established!
2022-07-10 10:11:44.094 [main] DEBUG com.wimfra.tourplanner.dataaccesslayer.DBService - Getting a (specific) single tour from the database..
2022-07-10 10:11:44.097 [main] DEBUG com.wimfra.tourplanner.dataaccesslayer.DBService - Database connection successfully closed!
2022-07-10 10:11:44.113 [main] DEBUG com.wimfra.tourplanner.dataaccesslayer.DBService - Database connection successfully established!
2022-07-10 10:11:44.129 [main] DEBUG com.wimfra.tourplanner.dataaccesslayer.DBService - Database connection successfully established!
2022-07-10 10:11:44.132 [main] DEBUG com.wimfra.tourplanner.dataaccesslayer.DBService - Database connection successfully closed!
2022-07-10 10:11:44.145 [main] DEBUG com.wimfra.tourplanner.dataaccesslayer.DBService - Database connection successfully established!
2022-07-10 10:11:44.145 [main] DEBUG com.wimfra.tourplanner.dataaccesslayer.DBService - Deleting a single tour from the database..
2022-07-10 10:11:44.148 [main] DEBUG com.wimfra.tourplanner.dataaccesslayer.DBService - Database connection successfully closed!
2022-07-10 10:11:44.148 [main] DEBUG com.wimfra.tourplanner.dataaccesslayer.DBService - Database connection successfully closed!
2022-07-10 10:11:44.162 [main] DEBUG com.wimfra.tourplanner.dataaccesslayer.DBService - Database connection successfully established!
2022-07-10 10:11:44.162 [main] DEBUG com.wimfra.tourplanner.dataaccesslayer.DBService - Getting a (specific) single tour from the database..
2022-07-10 10:11:44.181 [main] DEBUG com.wimfra.tourplanner.dataaccesslayer.DBService - Database connection successfully established!
2022-07-10 10:11:44.203 [main] DEBUG com.wimfra.tourplanner.dataaccesslayer.DBService - Database connection successfully established!
2022-07-10 10:11:44.203 [main] DEBUG com.wimfra.tourplanner.dataaccesslayer.DBService - Editing a specific single tour in the database..
2022-07-10 10:11:44.207 [main] DEBUG com.wimfra.tourplanner.dataaccesslayer.DBService - Database connection successfully closed!
2022-07-10 10:11:44.225 [main] DEBUG com.wimfra.tourplanner.dataaccesslayer.DBService - Database connection successfully established!
2022-07-10 10:11:44.225 [main] DEBUG com.wimfra.tourplanner.dataaccesslayer.DBService - Getting a (specific) single tour from the database..
2022-07-10 10:11:44.228 [main] DEBUG com.wimfra.tourplanner.dataaccesslayer.DBService - Database connection successfully closed!
2022-07-10 10:11:44.246 [main] DEBUG com.wimfra.tourplanner.dataaccesslayer.DBService - Database connection successfully established!
2022-07-10 10:14:19.952 [main] DEBUG com.wimfra.tourplanner.configuration.PropertyConfigurationReader - Reading properties from file
2022-07-10 10:14:20.169 [main] DEBUG com.wimfra.tourplanner.dataaccesslayer.DBService - Database connection successfully established!
2022-07-10 10:14:20.228 [main] DEBUG com.wimfra.tourplanner.dataaccesslayer.DBService - Database connection successfully established!
2022-07-10 10:14:20.229 [main] DEBUG com.wimfra.tourplanner.dataaccesslayer.DBService - Editing a single log in the database..
2022-07-10 10:14:20.232 [main] DEBUG com.wimfra.tourplanner.dataaccesslayer.DBService - Database connection successfully closed!
2022-07-10 10:14:20.255 [main] DEBUG com.wimfra.tourplanner.dataaccesslayer.DBService - Database connection successfully established!
2022-07-10 10:14:20.255 [main] DEBUG com.wimfra.tourplanner.dataaccesslayer.DBService - Getting a (specific) single log from the database..
2022-07-10 10:14:20.303 [main] DEBUG com.wimfra.tourplanner.dataaccesslayer.DBService - Database connection successfully established!
2022-07-10 10:14:20.330 [main] DEBUG com.wimfra.tourplanner.dataaccesslayer.DBService - Database connection successfully established!
2022-07-10 10:14:20.330 [main] DEBUG com.wimfra.tourplanner.dataaccesslayer.DBService - Deleting a specific log from the database..
2022-07-10 10:14:20.334 [main] DEBUG com.wimfra.tourplanner.dataaccesslayer.DBService - Database connection successfully closed!
2022-07-10 10:14:20.355 [main] DEBUG com.wimfra.tourplanner.dataaccesslayer.DBService - Database connection successfully established!
2022-07-10 10:14:20.355 [main] DEBUG com.wimfra.tourplanner.dataaccesslayer.DBService - Getting a (specific) single tour from the database..
2022-07-10 10:14:20.383 [main] DEBUG com.wimfra.tourplanner.dataaccesslayer.DBService - Database connection successfully established!
2022-07-10 10:14:20.404 [main] DEBUG com.wimfra.tourplanner.dataaccesslayer.DBService - Database connection successfully established!
2022-07-10 10:14:20.404 [main] DEBUG com.wimfra.tourplanner.dataaccesslayer.DBService - Getting a (specific) single log from the database..
2022-07-10 10:14:20.429 [main] DEBUG com.wimfra.tourplanner.dataaccesslayer.DBService - Database connection successfully established!
2022-07-10 10:14:20.478 [main] DEBUG com.wimfra.tourplanner.dataaccesslayer.DBService - Database connection successfully established!
2022-07-10 10:14:20.498 [main] DEBUG com.wimfra.tourplanner.dataaccesslayer.DBService - Database connection successfully established!
2022-07-10 10:14:20.498 [main] DEBUG com.wimfra.tourplanner.dataaccesslayer.DBService - Getting a (specific) single tour from the database..
2022-07-10 10:14:20.501 [main] DEBUG com.wimfra.tourplanner.dataaccesslayer.DBService - Database connection successfully closed!
2022-07-10 10:14:20.516 [main] DEBUG com.wimfra.tourplanner.dataaccesslayer.DBService - Database connection successfully established!
2022-07-10 10:14:20.518 [main] DEBUG com.wimfra.tourplanner.dataaccesslayer.DBService - Database connection successfully closed!
2022-07-10 10:14:20.532 [main] DEBUG com.wimfra.tourplanner.dataaccesslayer.DBService - Database connection successfully established!
2022-07-10 10:14:20.533 [main] DEBUG com.wimfra.tourplanner.dataaccesslayer.DBService - Deleting a single tour from the database..
2022-07-10 10:14:20.536 [main] DEBUG com.wimfra.tourplanner.dataaccesslayer.DBService - Database connection successfully closed!
2022-07-10 10:14:20.537 [main] DEBUG com.wimfra.tourplanner.dataaccesslayer.DBService - Database connection successfully closed!
2022-07-10 10:14:20.551 [main] DEBUG com.wimfra.tourplanner.dataaccesslayer.DBService - Database connection successfully established!
2022-07-10 10:14:20.567 [main] DEBUG com.wimfra.tourplanner.dataaccesslayer.DBService - Database connection successfully established!
2022-07-10 10:14:20.568 [main] DEBUG com.wimfra.tourplanner.dataaccesslayer.DBService - Database connection successfully closed!
2022-07-10 10:14:20.582 [main] DEBUG com.wimfra.tourplanner.dataaccesslayer.DBService - Database connection successfully established!
2022-07-10 10:14:20.582 [main] DEBUG com.wimfra.tourplanner.dataaccesslayer.DBService - Deleting a single tour from the database..
2022-07-10 10:14:20.585 [main] DEBUG com.wimfra.tourplanner.dataaccesslayer.DBService - Database connection successfully closed!
2022-07-10 10:14:20.585 [main] DEBUG com.wimfra.tourplanner.dataaccesslayer.DBService - Database connection successfully closed!
2022-07-10 10:14:20.600 [main] DEBUG com.wimfra.tourplanner.dataaccesslayer.DBService - Database connection successfully established!
2022-07-10 10:14:20.600 [main] DEBUG com.wimfra.tourplanner.dataaccesslayer.DBService - Getting a (specific) single tour from the database..
2022-07-10 10:14:20.616 [main] DEBUG com.wimfra.tourplanner.dataaccesslayer.DBService - Database connection successfully established!
2022-07-10 10:14:20.618 [main] DEBUG com.wimfra.tourplanner.dataaccesslayer.DBService - Database connection successfully closed!
2022-07-10 10:14:20.633 [main] DEBUG com.wimfra.tourplanner.dataaccesslayer.DBService - Database connection successfully established!
2022-07-10 10:14:20.633 [main] DEBUG com.wimfra.tourplanner.dataaccesslayer.DBService - Deleting a single tour from the database..
2022-07-10 10:14:20.635 [main] DEBUG com.wimfra.tourplanner.dataaccesslayer.DBService - Database connection successfully closed!
2022-07-10 10:14:20.650 [main] DEBUG com.wimfra.tourplanner.dataaccesslayer.DBService - Database connection successfully established!
2022-07-10 10:14:20.665 [main] DEBUG com.wimfra.tourplanner.dataaccesslayer.DBService - Database connection successfully established!
2022-07-10 10:14:20.665 [main] DEBUG com.wimfra.tourplanner.dataaccesslayer.DBService - Editing a specific single tour in the database..
2022-07-10 10:14:20.668 [main] DEBUG com.wimfra.tourplanner.dataaccesslayer.DBService - Database connection successfully closed!
2022-07-10 10:14:20.681 [main] DEBUG com.wimfra.tourplanner.dataaccesslayer.DBService - Database connection successfully established!
2022-07-10 10:14:20.681 [main] DEBUG com.wimfra.tourplanner.dataaccesslayer.DBService - Getting a (specific) single tour from the database..
2022-07-10 10:14:20.682 [main] DEBUG com.wimfra.tourplanner.dataaccesslayer.DBService - Database connection successfully closed!
2022-07-10 10:14:20.698 [main] DEBUG com.wimfra.tourplanner.dataaccesslayer.DBService - Database connection successfully established!
2022-07-10 10:14:20.700 [main] DEBUG com.wimfra.tourplanner.dataaccesslayer.DBService - Database connection successfully closed!
2022-07-10 10:14:20.713 [main] DEBUG com.wimfra.tourplanner.dataaccesslayer.DBService - Database connection successfully established!
2022-07-10 10:14:20.713 [main] DEBUG com.wimfra.tourplanner.dataaccesslayer.DBService - Deleting a single tour from the database..
2022-07-10 10:14:20.716 [main] DEBUG com.wimfra.tourplanner.dataaccesslayer.DBService - Database connection successfully closed!
2022-07-10 10:14:20.716 [main] DEBUG com.wimfra.tourplanner.dataaccesslayer.DBService - Database connection successfully closed!
2022-07-10 10:14:20.730 [main] DEBUG com.wimfra.tourplanner.dataaccesslayer.DBService - Database connection successfully established!
2022-07-10 10:31:28.563 [main] DEBUG com.wimfra.tourplanner.configuration.PropertyConfigurationReader - Reading properties from file
2022-07-10 10:31:28.787 [main] DEBUG com.wimfra.tourplanner.dataaccesslayer.DBService - Database connection successfully established!
2022-07-10 10:31:28.832 [main] DEBUG com.wimfra.tourplanner.dataaccesslayer.DBService - Database connection successfully established!
2022-07-10 10:31:28.867 [main] DEBUG com.wimfra.tourplanner.dataaccesslayer.DBService - Database connection successfully established!
2022-07-10 10:31:28.891 [main] DEBUG com.wimfra.tourplanner.dataaccesslayer.DBService - Database connection successfully established!
2022-07-10 10:31:28.920 [main] DEBUG com.wimfra.tourplanner.dataaccesslayer.DBService - Database connection successfully established!
2022-07-10 10:31:28.942 [main] DEBUG com.wimfra.tourplanner.dataaccesslayer.DBService - Database connection successfully established!
2022-07-10 10:31:28.965 [main] DEBUG com.wimfra.tourplanner.dataaccesslayer.DBService - Database connection successfully established!
2022-07-10 10:32:29.086 [main] DEBUG com.wimfra.tourplanner.configuration.PropertyConfigurationReader - Reading properties from file
2022-07-10 10:32:29.309 [main] DEBUG com.wimfra.tourplanner.dataaccesslayer.DBService - Database connection successfully established!
2022-07-10 10:32:29.354 [main] DEBUG com.wimfra.tourplanner.dataaccesslayer.DBService - Database connection successfully established!
2022-07-10 10:32:29.377 [main] DEBUG com.wimfra.tourplanner.dataaccesslayer.DBService - Database connection successfully established!
2022-07-10 10:32:29.377 [main] DEBUG com.wimfra.tourplanner.dataaccesslayer.DBService - Editing a single log in the database..
2022-07-10 10:32:29.380 [main] DEBUG com.wimfra.tourplanner.dataaccesslayer.DBService - Database connection successfully closed!
2022-07-10 10:32:29.397 [main] DEBUG com.wimfra.tourplanner.dataaccesslayer.DBService - Database connection successfully established!
2022-07-10 10:32:29.398 [main] DEBUG com.wimfra.tourplanner.dataaccesslayer.DBService - Getting a (specific) single log from the database..
2022-07-10 10:32:29.441 [main] DEBUG com.wimfra.tourplanner.dataaccesslayer.DBService - Database connection successfully established!
2022-07-10 10:32:29.464 [main] DEBUG com.wimfra.tourplanner.dataaccesslayer.DBService - Database connection successfully established!
2022-07-10 10:32:29.488 [main] DEBUG com.wimfra.tourplanner.dataaccesslayer.DBService - Database connection successfully established!
2022-07-10 10:32:29.489 [main] DEBUG com.wimfra.tourplanner.dataaccesslayer.DBService - Deleting a specific log from the database..
2022-07-10 10:32:29.493 [main] DEBUG com.wimfra.tourplanner.dataaccesslayer.DBService - Database connection successfully closed!
2022-07-10 10:32:29.493 [main] DEBUG com.wimfra.tourplanner.dataaccesslayer.DBService - Database connection successfully closed!
2022-07-10 10:32:29.512 [main] DEBUG com.wimfra.tourplanner.dataaccesslayer.DBService - Database connection successfully established!
2022-07-10 10:32:29.512 [main] DEBUG com.wimfra.tourplanner.dataaccesslayer.DBService - Getting a (specific) single tour from the database..
2022-07-10 10:32:29.518 [main] DEBUG com.wimfra.tourplanner.dataaccesslayer.DBService - Database connection successfully closed!
2022-07-10 10:32:29.547 [main] DEBUG com.wimfra.tourplanner.dataaccesslayer.DBService - Database connection successfully established!
2022-07-10 10:32:29.566 [main] DEBUG com.wimfra.tourplanner.dataaccesslayer.DBService - Database connection successfully established!
2022-07-10 10:32:29.585 [main] DEBUG com.wimfra.tourplanner.dataaccesslayer.DBService - Database connection successfully established!
2022-07-10 10:32:29.586 [main] DEBUG com.wimfra.tourplanner.dataaccesslayer.DBService - Getting a (specific) single log from the database..
2022-07-10 10:32:29.588 [main] DEBUG com.wimfra.tourplanner.dataaccesslayer.DBService - Database connection successfully closed!
2022-07-10 10:32:29.607 [main] DEBUG com.wimfra.tourplanner.dataaccesslayer.DBService - Database connection successfully established!
2022-07-10 10:34:42.688 [main] DEBUG com.wimfra.tourplanner.configuration.PropertyConfigurationReader - Reading properties from file
2022-07-10 10:34:42.895 [main] DEBUG com.wimfra.tourplanner.dataaccesslayer.DBService - Database connection successfully established!
2022-07-10 10:34:42.939 [main] DEBUG com.wimfra.tourplanner.dataaccesslayer.DBService - Database connection successfully established!
2022-07-10 10:34:42.962 [main] DEBUG com.wimfra.tourplanner.dataaccesslayer.DBService - Database connection successfully established!
2022-07-10 10:34:42.986 [main] DEBUG com.wimfra.tourplanner.dataaccesslayer.DBService - Database connection successfully established!
2022-07-10 10:35:03.695 [main] DEBUG com.wimfra.tourplanner.configuration.PropertyConfigurationReader - Reading properties from file
2022-07-10 10:35:03.891 [main] DEBUG com.wimfra.tourplanner.dataaccesslayer.DBService - Database connection successfully established!
2022-07-10 10:35:03.940 [main] DEBUG com.wimfra.tourplanner.dataaccesslayer.DBService - Database connection successfully established!
2022-07-10 10:35:03.963 [main] DEBUG com.wimfra.tourplanner.dataaccesslayer.DBService - Database connection successfully established!
2022-07-10 10:35:03.988 [main] DEBUG com.wimfra.tourplanner.dataaccesslayer.DBService - Database connection successfully established!
2022-07-10 10:36:26.333 [main] DEBUG com.wimfra.tourplanner.configuration.PropertyConfigurationReader - Reading properties from file
2022-07-10 10:36:26.572 [main] DEBUG com.wimfra.tourplanner.dataaccesslayer.DBService - Database connection successfully established!
2022-07-10 10:36:26.621 [main] DEBUG com.wimfra.tourplanner.dataaccesslayer.DBService - Database connection successfully established!
2022-07-10 10:36:26.621 [main] DEBUG com.wimfra.tourplanner.dataaccesslayer.DBService - Editing a single log in the database..
2022-07-10 10:36:26.625 [main] DEBUG com.wimfra.tourplanner.dataaccesslayer.DBService - Database connection successfully closed!
2022-07-10 10:36:26.646 [main] DEBUG com.wimfra.tourplanner.dataaccesslayer.DBService - Database connection successfully established!
2022-07-10 10:36:26.647 [main] DEBUG com.wimfra.tourplanner.dataaccesslayer.DBService - Getting a (specific) single log from the database..
2022-07-10 10:36:26.656 [main] DEBUG com.wimfra.tourplanner.dataaccesslayer.DBService - Database connection successfully closed!
2022-07-10 10:36:26.692 [main] DEBUG com.wimfra.tourplanner.dataaccesslayer.DBService - Database connection successfully established!
2022-07-10 10:36:26.726 [main] DEBUG com.wimfra.tourplanner.dataaccesslayer.DBService - Database connection successfully established!
2022-07-10 10:36:26.726 [main] DEBUG com.wimfra.tourplanner.dataaccesslayer.DBService - Deleting a specific log from the database..
2022-07-10 10:36:26.730 [main] DEBUG com.wimfra.tourplanner.dataaccesslayer.DBService - Database connection successfully closed!
2022-07-10 10:36:26.730 [main] DEBUG com.wimfra.tourplanner.dataaccesslayer.DBService - Database connection successfully closed!
2022-07-10 10:36:26.746 [main] DEBUG com.wimfra.tourplanner.dataaccesslayer.DBService - Database connection successfully established!
2022-07-10 10:36:26.746 [main] DEBUG com.wimfra.tourplanner.dataaccesslayer.DBService - Getting a (specific) single tour from the database..
2022-07-10 10:36:26.750 [main] DEBUG com.wimfra.tourplanner.dataaccesslayer.DBService - Database connection successfully closed!
2022-07-10 10:36:26.775 [main] DEBUG com.wimfra.tourplanner.dataaccesslayer.DBService - Database connection successfully established!
2022-07-10 10:36:26.794 [main] DEBUG com.wimfra.tourplanner.dataaccesslayer.DBService - Database connection successfully established!
2022-07-10 10:36:26.794 [main] DEBUG com.wimfra.tourplanner.dataaccesslayer.DBService - Getting a (specific) single log from the database..
2022-07-10 10:36:26.796 [main] DEBUG com.wimfra.tourplanner.dataaccesslayer.DBService - Database connection successfully closed!
2022-07-10 10:36:26.814 [main] DEBUG com.wimfra.tourplanner.dataaccesslayer.DBService - Database connection successfully established!
2022-07-10 10:37:47.854 [main] DEBUG com.wimfra.tourplanner.configuration.PropertyConfigurationReader - Reading properties from file
2022-07-10 10:37:48.073 [main] DEBUG com.wimfra.tourplanner.dataaccesslayer.DBService - Database connection successfully established!
2022-07-10 10:37:48.112 [main] DEBUG com.wimfra.tourplanner.dataaccesslayer.DBService - Database connection successfully established!
2022-07-10 10:37:48.112 [main] DEBUG com.wimfra.tourplanner.dataaccesslayer.DBService - Editing a single log in the database..
2022-07-10 10:37:48.116 [main] DEBUG com.wimfra.tourplanner.dataaccesslayer.DBService - Database connection successfully closed!
2022-07-10 10:37:48.134 [main] DEBUG com.wimfra.tourplanner.dataaccesslayer.DBService - Database connection successfully established!
2022-07-10 10:37:48.134 [main] DEBUG com.wimfra.tourplanner.dataaccesslayer.DBService - Getting a (specific) single log from the database..
2022-07-10 10:37:48.143 [main] DEBUG com.wimfra.tourplanner.dataaccesslayer.DBService - Database connection successfully closed!
2022-07-10 10:37:48.178 [main] DEBUG com.wimfra.tourplanner.dataaccesslayer.DBService - Database connection successfully established!
2022-07-10 10:37:48.206 [main] DEBUG com.wimfra.tourplanner.dataaccesslayer.DBService - Database connection successfully established!
2022-07-10 10:37:48.206 [main] DEBUG com.wimfra.tourplanner.dataaccesslayer.DBService - Deleting a specific log from the database..
2022-07-10 10:37:48.209 [main] DEBUG com.wimfra.tourplanner.dataaccesslayer.DBService - Database connection successfully closed!
2022-07-10 10:37:48.209 [main] DEBUG com.wimfra.tourplanner.dataaccesslayer.DBService - Database connection successfully closed!
2022-07-10 10:37:48.228 [main] DEBUG com.wimfra.tourplanner.dataaccesslayer.DBService - Database connection successfully established!
2022-07-10 10:37:48.228 [main] DEBUG com.wimfra.tourplanner.dataaccesslayer.DBService - Getting a (specific) single tour from the database..
2022-07-10 10:37:48.232 [main] DEBUG com.wimfra.tourplanner.dataaccesslayer.DBService - Database connection successfully closed!
2022-07-10 10:37:48.258 [main] DEBUG com.wimfra.tourplanner.dataaccesslayer.DBService - Database connection successfully established!
2022-07-10 10:37:48.279 [main] DEBUG com.wimfra.tourplanner.dataaccesslayer.DBService - Database connection successfully established!
2022-07-10 10:37:48.279 [main] DEBUG com.wimfra.tourplanner.dataaccesslayer.DBService - Getting a (specific) single log from the database..
2022-07-10 10:37:48.281 [main] DEBUG com.wimfra.tourplanner.dataaccesslayer.DBService - Database connection successfully closed!
2022-07-10 10:37:48.299 [main] DEBUG com.wimfra.tourplanner.dataaccesslayer.DBService - Database connection successfully established!
2022-07-10 10:40:16.205 [main] DEBUG com.wimfra.tourplanner.configuration.PropertyConfigurationReader - Reading properties from file
2022-07-10 10:40:16.418 [main] DEBUG com.wimfra.tourplanner.dataaccesslayer.DBService - Database connection successfully established!
2022-07-10 10:40:16.462 [main] DEBUG com.wimfra.tourplanner.dataaccesslayer.DBService - Database connection successfully established!
2022-07-10 10:40:16.463 [main] DEBUG com.wimfra.tourplanner.dataaccesslayer.DBService - Editing a single log in the database..
2022-07-10 10:40:16.467 [main] DEBUG com.wimfra.tourplanner.dataaccesslayer.DBService - Database connection successfully closed!
2022-07-10 10:40:16.489 [main] DEBUG com.wimfra.tourplanner.dataaccesslayer.DBService - Database connection successfully established!
2022-07-10 10:40:16.489 [main] DEBUG com.wimfra.tourplanner.dataaccesslayer.DBService - Getting a (specific) single log from the database..
2022-07-10 10:40:16.504 [main] DEBUG com.wimfra.tourplanner.dataaccesslayer.DBService - Database connection successfully closed!
2022-07-10 10:40:16.537 [main] DEBUG com.wimfra.tourplanner.dataaccesslayer.DBService - Database connection successfully established!
2022-07-10 10:40:16.568 [main] DEBUG com.wimfra.tourplanner.dataaccesslayer.DBService - Database connection successfully established!
2022-07-10 10:40:16.568 [main] DEBUG com.wimfra.tourplanner.dataaccesslayer.DBService - Deleting a specific log from the database..
2022-07-10 10:40:16.572 [main] DEBUG com.wimfra.tourplanner.dataaccesslayer.DBService - Database connection successfully closed!
2022-07-10 10:40:16.573 [main] DEBUG com.wimfra.tourplanner.dataaccesslayer.DBService - Database connection successfully closed!
2022-07-10 10:40:16.589 [main] DEBUG com.wimfra.tourplanner.dataaccesslayer.DBService - Database connection successfully established!
2022-07-10 10:40:16.590 [main] DEBUG com.wimfra.tourplanner.dataaccesslayer.DBService - Getting a (specific) single tour from the database..
2022-07-10 10:40:16.594 [main] DEBUG com.wimfra.tourplanner.dataaccesslayer.DBService - Database connection successfully closed!
2022-07-10 10:40:16.620 [main] DEBUG com.wimfra.tourplanner.dataaccesslayer.DBService - Database connection successfully established!
2022-07-10 10:40:16.639 [main] DEBUG com.wimfra.tourplanner.dataaccesslayer.DBService - Database connection successfully established!
2022-07-10 10:40:16.639 [main] DEBUG com.wimfra.tourplanner.dataaccesslayer.DBService - Getting a (specific) single log from the database..
2022-07-10 10:40:16.641 [main] DEBUG com.wimfra.tourplanner.dataaccesslayer.DBService - Database connection successfully closed!
2022-07-10 10:40:16.659 [main] DEBUG com.wimfra.tourplanner.dataaccesslayer.DBService - Database connection successfully established!
2022-07-10 10:41:57.482 [main] DEBUG com.wimfra.tourplanner.configuration.PropertyConfigurationReader - Reading properties from file
2022-07-10 10:41:57.701 [main] DEBUG com.wimfra.tourplanner.dataaccesslayer.DBService - Database connection successfully established!
2022-07-10 10:41:57.733 [main] DEBUG com.wimfra.tourplanner.dataaccesslayer.DBService - Database connection successfully established!
2022-07-10 10:41:57.734 [main] DEBUG com.wimfra.tourplanner.dataaccesslayer.DBService - Editing a single log in the database..
2022-07-10 10:41:57.737 [main] DEBUG com.wimfra.tourplanner.dataaccesslayer.DBService - Database connection successfully closed!
2022-07-10 10:41:57.753 [main] DEBUG com.wimfra.tourplanner.dataaccesslayer.DBService - Database connection successfully established!
2022-07-10 10:41:57.753 [main] DEBUG com.wimfra.tourplanner.dataaccesslayer.DBService - Getting a (specific) single log from the database..
2022-07-10 10:41:57.760 [main] DEBUG com.wimfra.tourplanner.dataaccesslayer.DBService - Database connection successfully closed!
2022-07-10 10:41:57.788 [main] DEBUG com.wimfra.tourplanner.dataaccesslayer.DBService - Database connection successfully established!
2022-07-10 10:41:57.816 [main] DEBUG com.wimfra.tourplanner.dataaccesslayer.DBService - Database connection successfully established!
2022-07-10 10:41:57.817 [main] DEBUG com.wimfra.tourplanner.dataaccesslayer.DBService - Deleting a specific log from the database..
2022-07-10 10:41:57.820 [main] DEBUG com.wimfra.tourplanner.dataaccesslayer.DBService - Database connection successfully closed!
2022-07-10 10:41:57.820 [main] DEBUG com.wimfra.tourplanner.dataaccesslayer.DBService - Database connection successfully closed!
2022-07-10 10:41:57.835 [main] DEBUG com.wimfra.tourplanner.dataaccesslayer.DBService - Database connection successfully established!
2022-07-10 10:41:57.836 [main] DEBUG com.wimfra.tourplanner.dataaccesslayer.DBService - Getting a (specific) single tour from the database..
2022-07-10 10:41:57.839 [main] DEBUG com.wimfra.tourplanner.dataaccesslayer.DBService - Database connection successfully closed!
2022-07-10 10:41:57.866 [main] DEBUG com.wimfra.tourplanner.dataaccesslayer.DBService - Database connection successfully established!
2022-07-10 10:41:57.884 [main] DEBUG com.wimfra.tourplanner.dataaccesslayer.DBService - Database connection successfully established!
2022-07-10 10:41:57.885 [main] DEBUG com.wimfra.tourplanner.dataaccesslayer.DBService - Getting a (specific) single log from the database..
2022-07-10 10:41:57.887 [main] DEBUG com.wimfra.tourplanner.dataaccesslayer.DBService - Database connection successfully closed!
2022-07-10 10:41:57.904 [main] DEBUG com.wimfra.tourplanner.dataaccesslayer.DBService - Database connection successfully established!
2022-07-10 10:42:34.912 [main] DEBUG com.wimfra.tourplanner.configuration.PropertyConfigurationReader - Reading properties from file
2022-07-10 10:42:35.125 [main] DEBUG com.wimfra.tourplanner.dataaccesslayer.DBService - Database connection successfully established!
2022-07-10 10:42:35.155 [main] DEBUG com.wimfra.tourplanner.dataaccesslayer.DBService - Database connection successfully established!
2022-07-10 10:42:35.155 [main] DEBUG com.wimfra.tourplanner.dataaccesslayer.DBService - Editing a single log in the database..
2022-07-10 10:42:35.160 [main] DEBUG com.wimfra.tourplanner.dataaccesslayer.DBService - Database connection successfully closed!
2022-07-10 10:42:35.181 [main] DEBUG com.wimfra.tourplanner.dataaccesslayer.DBService - Database connection successfully established!
2022-07-10 10:42:35.181 [main] DEBUG com.wimfra.tourplanner.dataaccesslayer.DBService - Getting a (specific) single log from the database..
2022-07-10 10:42:35.190 [main] DEBUG com.wimfra.tourplanner.dataaccesslayer.DBService - Database connection successfully closed!
2022-07-10 10:42:35.221 [main] DEBUG com.wimfra.tourplanner.dataaccesslayer.DBService - Database connection successfully established!
2022-07-10 10:42:35.254 [main] DEBUG com.wimfra.tourplanner.dataaccesslayer.DBService - Database connection successfully established!
2022-07-10 10:42:35.254 [main] DEBUG com.wimfra.tourplanner.dataaccesslayer.DBService - Deleting a specific log from the database..
2022-07-10 10:42:35.258 [main] DEBUG com.wimfra.tourplanner.dataaccesslayer.DBService - Database connection successfully closed!
2022-07-10 10:42:35.258 [main] DEBUG com.wimfra.tourplanner.dataaccesslayer.DBService - Database connection successfully closed!
2022-07-10 10:42:35.278 [main] DEBUG com.wimfra.tourplanner.dataaccesslayer.DBService - Database connection successfully established!
2022-07-10 10:42:35.279 [main] DEBUG com.wimfra.tourplanner.dataaccesslayer.DBService - Getting a (specific) single tour from the database..
2022-07-10 10:42:35.283 [main] DEBUG com.wimfra.tourplanner.dataaccesslayer.DBService - Database connection successfully closed!
2022-07-10 10:42:35.310 [main] DEBUG com.wimfra.tourplanner.dataaccesslayer.DBService - Database connection successfully established!
2022-07-10 10:42:35.333 [main] DEBUG com.wimfra.tourplanner.dataaccesslayer.DBService - Database connection successfully established!
2022-07-10 10:42:35.333 [main] DEBUG com.wimfra.tourplanner.dataaccesslayer.DBService - Getting a (specific) single log from the database..
2022-07-10 10:42:35.336 [main] DEBUG com.wimfra.tourplanner.dataaccesslayer.DBService - Database connection successfully closed!
2022-07-10 10:42:35.356 [main] DEBUG com.wimfra.tourplanner.dataaccesslayer.DBService - Database connection successfully established!
2022-07-10 10:44:20.917 [main] DEBUG com.wimfra.tourplanner.configuration.PropertyConfigurationReader - Reading properties from file
2022-07-10 10:44:21.120 [main] DEBUG com.wimfra.tourplanner.dataaccesslayer.DBService - Database connection successfully established!
2022-07-10 10:44:21.159 [main] DEBUG com.wimfra.tourplanner.dataaccesslayer.DBService - Database connection successfully established!
2022-07-10 10:44:21.159 [main] DEBUG com.wimfra.tourplanner.dataaccesslayer.DBService - Getting a (specific) single tour from the database..
2022-07-10 10:44:21.170 [main] DEBUG com.wimfra.tourplanner.dataaccesslayer.DBService - Database connection successfully closed!
2022-07-10 10:44:21.192 [main] DEBUG com.wimfra.tourplanner.dataaccesslayer.DBService - Database connection successfully established!
2022-07-10 10:44:21.194 [main] DEBUG com.wimfra.tourplanner.dataaccesslayer.DBService - Database connection successfully closed!
2022-07-10 10:44:21.210 [main] DEBUG com.wimfra.tourplanner.dataaccesslayer.DBService - Database connection successfully established!
2022-07-10 10:44:21.210 [main] DEBUG com.wimfra.tourplanner.dataaccesslayer.DBService - Deleting a single tour from the database..
2022-07-10 10:44:21.215 [main] DEBUG com.wimfra.tourplanner.dataaccesslayer.DBService - Database connection successfully closed!
2022-07-10 10:44:21.215 [main] DEBUG com.wimfra.tourplanner.dataaccesslayer.DBService - Database connection successfully closed!
2022-07-10 10:44:21.244 [main] DEBUG com.wimfra.tourplanner.dataaccesslayer.DBService - Database connection successfully established!
2022-07-10 10:44:21.263 [main] DEBUG com.wimfra.tourplanner.dataaccesslayer.DBService - Database connection successfully established!
2022-07-10 10:44:21.266 [main] DEBUG com.wimfra.tourplanner.dataaccesslayer.DBService - Database connection successfully closed!
2022-07-10 10:44:21.284 [main] DEBUG com.wimfra.tourplanner.dataaccesslayer.DBService - Database connection successfully established!
2022-07-10 10:44:21.284 [main] DEBUG com.wimfra.tourplanner.dataaccesslayer.DBService - Deleting a single tour from the database..
2022-07-10 10:44:21.288 [main] DEBUG com.wimfra.tourplanner.dataaccesslayer.DBService - Database connection successfully closed!
2022-07-10 10:44:21.288 [main] DEBUG com.wimfra.tourplanner.dataaccesslayer.DBService - Database connection successfully closed!
2022-07-10 10:44:21.304 [main] DEBUG com.wimfra.tourplanner.dataaccesslayer.DBService - Database connection successfully established!
2022-07-10 10:44:21.304 [main] DEBUG com.wimfra.tourplanner.dataaccesslayer.DBService - Getting a (specific) single tour from the database..
2022-07-10 10:44:21.322 [main] DEBUG com.wimfra.tourplanner.dataaccesslayer.DBService - Database connection successfully established!
2022-07-10 10:44:21.326 [main] DEBUG com.wimfra.tourplanner.dataaccesslayer.DBService - Database connection successfully closed!
2022-07-10 10:44:21.340 [main] DEBUG com.wimfra.tourplanner.dataaccesslayer.DBService - Database connection successfully established!
2022-07-10 10:44:21.340 [main] DEBUG com.wimfra.tourplanner.dataaccesslayer.DBService - Deleting a single tour from the database..
2022-07-10 10:44:21.342 [main] DEBUG com.wimfra.tourplanner.dataaccesslayer.DBService - Database connection successfully closed!
2022-07-10 10:44:21.367 [main] DEBUG com.wimfra.tourplanner.dataaccesslayer.DBService - Database connection successfully established!
2022-07-10 10:44:21.388 [main] DEBUG com.wimfra.tourplanner.dataaccesslayer.DBService - Database connection successfully established!
2022-07-10 10:44:21.388 [main] DEBUG com.wimfra.tourplanner.dataaccesslayer.DBService - Editing a specific single tour in the database..
2022-07-10 10:44:21.393 [main] DEBUG com.wimfra.tourplanner.dataaccesslayer.DBService - Database connection successfully closed!
2022-07-10 10:44:21.411 [main] DEBUG com.wimfra.tourplanner.dataaccesslayer.DBService - Database connection successfully established!
2022-07-10 10:44:21.411 [main] DEBUG com.wimfra.tourplanner.dataaccesslayer.DBService - Getting a (specific) single tour from the database..
2022-07-10 10:44:21.415 [main] DEBUG com.wimfra.tourplanner.dataaccesslayer.DBService - Database connection successfully closed!
2022-07-10 10:44:21.433 [main] DEBUG com.wimfra.tourplanner.dataaccesslayer.DBService - Database connection successfully established!
2022-07-10 10:44:21.435 [main] DEBUG com.wimfra.tourplanner.dataaccesslayer.DBService - Database connection successfully closed!
2022-07-10 10:44:21.452 [main] DEBUG com.wimfra.tourplanner.dataaccesslayer.DBService - Database connection successfully established!
2022-07-10 10:44:21.453 [main] DEBUG com.wimfra.tourplanner.dataaccesslayer.DBService - Deleting a single tour from the database..
2022-07-10 10:44:21.456 [main] DEBUG com.wimfra.tourplanner.dataaccesslayer.DBService - Database connection successfully closed!
2022-07-10 10:44:21.457 [main] DEBUG com.wimfra.tourplanner.dataaccesslayer.DBService - Database connection successfully closed!
2022-07-10 10:44:21.477 [main] DEBUG com.wimfra.tourplanner.dataaccesslayer.DBService - Database connection successfully established!
2022-07-10 10:46:12.210 [main] DEBUG com.wimfra.tourplanner.configuration.PropertyConfigurationReader - Reading properties from file
2022-07-10 10:46:12.427 [main] DEBUG com.wimfra.tourplanner.dataaccesslayer.DBService - Database connection successfully established!
2022-07-10 10:46:12.471 [main] DEBUG com.wimfra.tourplanner.dataaccesslayer.DBService - Database connection successfully established!
2022-07-10 10:46:12.471 [main] DEBUG com.wimfra.tourplanner.dataaccesslayer.DBService - Getting a (specific) single tour from the database..
2022-07-10 10:46:12.483 [main] DEBUG com.wimfra.tourplanner.dataaccesslayer.DBService - Database connection successfully closed!
2022-07-10 10:46:12.508 [main] DEBUG com.wimfra.tourplanner.dataaccesslayer.DBService - Database connection successfully established!
2022-07-10 10:46:12.511 [main] DEBUG com.wimfra.tourplanner.dataaccesslayer.DBService - Database connection successfully closed!
2022-07-10 10:46:12.529 [main] DEBUG com.wimfra.tourplanner.dataaccesslayer.DBService - Database connection successfully established!
2022-07-10 10:46:12.530 [main] DEBUG com.wimfra.tourplanner.dataaccesslayer.DBService - Deleting a single tour from the database..
2022-07-10 10:46:12.534 [main] DEBUG com.wimfra.tourplanner.dataaccesslayer.DBService - Database connection successfully closed!
2022-07-10 10:46:12.534 [main] DEBUG com.wimfra.tourplanner.dataaccesslayer.DBService - Database connection successfully closed!
2022-07-10 10:46:12.562 [main] DEBUG com.wimfra.tourplanner.dataaccesslayer.DBService - Database connection successfully established!
2022-07-10 10:46:12.582 [main] DEBUG com.wimfra.tourplanner.dataaccesslayer.DBService - Database connection successfully established!
2022-07-10 10:46:12.585 [main] DEBUG com.wimfra.tourplanner.dataaccesslayer.DBService - Database connection successfully closed!
2022-07-10 10:46:12.602 [main] DEBUG com.wimfra.tourplanner.dataaccesslayer.DBService - Database connection successfully established!
2022-07-10 10:46:12.602 [main] DEBUG com.wimfra.tourplanner.dataaccesslayer.DBService - Deleting a single tour from the database..
2022-07-10 10:46:12.605 [main] DEBUG com.wimfra.tourplanner.dataaccesslayer.DBService - Database connection successfully closed!
2022-07-10 10:46:12.606 [main] DEBUG com.wimfra.tourplanner.dataaccesslayer.DBService - Database connection successfully closed!
2022-07-10 10:46:12.620 [main] DEBUG com.wimfra.tourplanner.dataaccesslayer.DBService - Database connection successfully established!
2022-07-10 10:46:12.620 [main] DEBUG com.wimfra.tourplanner.dataaccesslayer.DBService - Getting a (specific) single tour from the database..
2022-07-10 10:46:12.637 [main] DEBUG com.wimfra.tourplanner.dataaccesslayer.DBService - Database connection successfully established!
2022-07-10 10:46:12.639 [main] DEBUG com.wimfra.tourplanner.dataaccesslayer.DBService - Database connection successfully closed!
2022-07-10 10:46:12.657 [main] DEBUG com.wimfra.tourplanner.dataaccesslayer.DBService - Database connection successfully established!
2022-07-10 10:46:12.657 [main] DEBUG com.wimfra.tourplanner.dataaccesslayer.DBService - Deleting a single tour from the database..
2022-07-10 10:46:12.659 [main] DEBUG com.wimfra.tourplanner.dataaccesslayer.DBService - Database connection successfully closed!
2022-07-10 10:46:12.676 [main] DEBUG com.wimfra.tourplanner.dataaccesslayer.DBService - Database connection successfully established!
2022-07-10 10:46:12.692 [main] DEBUG com.wimfra.tourplanner.dataaccesslayer.DBService - Database connection successfully established!
2022-07-10 10:46:12.692 [main] DEBUG com.wimfra.tourplanner.dataaccesslayer.DBService - Editing a specific single tour in the database..
2022-07-10 10:46:12.695 [main] DEBUG com.wimfra.tourplanner.dataaccesslayer.DBService - Database connection successfully closed!
2022-07-10 10:46:12.708 [main] DEBUG com.wimfra.tourplanner.dataaccesslayer.DBService - Database connection successfully established!
2022-07-10 10:46:12.708 [main] DEBUG com.wimfra.tourplanner.dataaccesslayer.DBService - Getting a (specific) single tour from the database..
2022-07-10 10:46:12.710 [main] DEBUG com.wimfra.tourplanner.dataaccesslayer.DBService - Database connection successfully closed!
2022-07-10 10:46:12.723 [main] DEBUG com.wimfra.tourplanner.dataaccesslayer.DBService - Database connection successfully established!
2022-07-10 10:46:12.725 [main] DEBUG com.wimfra.tourplanner.dataaccesslayer.DBService - Database connection successfully closed!
2022-07-10 10:46:12.738 [main] DEBUG com.wimfra.tourplanner.dataaccesslayer.DBService - Database connection successfully established!
2022-07-10 10:46:12.738 [main] DEBUG com.wimfra.tourplanner.dataaccesslayer.DBService - Deleting a single tour from the database..
2022-07-10 10:46:12.742 [main] DEBUG com.wimfra.tourplanner.dataaccesslayer.DBService - Database connection successfully closed!
2022-07-10 10:46:12.742 [main] DEBUG com.wimfra.tourplanner.dataaccesslayer.DBService - Database connection successfully closed!
2022-07-10 10:46:12.758 [main] DEBUG com.wimfra.tourplanner.dataaccesslayer.DBService - Database connection successfully established!
2022-07-10 10:46:22.233 [main] DEBUG com.wimfra.tourplanner.configuration.PropertyConfigurationReader - Reading properties from file
2022-07-10 10:46:22.460 [main] DEBUG com.wimfra.tourplanner.dataaccesslayer.DBService - Database connection successfully established!
2022-07-10 10:46:22.518 [main] DEBUG com.wimfra.tourplanner.dataaccesslayer.DBService - Database connection successfully established!
2022-07-10 10:46:22.518 [main] DEBUG com.wimfra.tourplanner.dataaccesslayer.DBService - Editing a single log in the database..
2022-07-10 10:46:22.521 [main] DEBUG com.wimfra.tourplanner.dataaccesslayer.DBService - Database connection successfully closed!
2022-07-10 10:46:22.539 [main] DEBUG com.wimfra.tourplanner.dataaccesslayer.DBService - Database connection successfully established!
2022-07-10 10:46:22.539 [main] DEBUG com.wimfra.tourplanner.dataaccesslayer.DBService - Getting a (specific) single log from the database..
2022-07-10 10:46:22.579 [main] DEBUG com.wimfra.tourplanner.dataaccesslayer.DBService - Database connection successfully established!
2022-07-10 10:46:22.601 [main] DEBUG com.wimfra.tourplanner.dataaccesslayer.DBService - Database connection successfully established!
2022-07-10 10:46:22.601 [main] DEBUG com.wimfra.tourplanner.dataaccesslayer.DBService - Deleting a specific log from the database..
2022-07-10 10:46:22.603 [main] DEBUG com.wimfra.tourplanner.dataaccesslayer.DBService - Database connection successfully closed!
2022-07-10 10:46:22.617 [main] DEBUG com.wimfra.tourplanner.dataaccesslayer.DBService - Database connection successfully established!
2022-07-10 10:46:22.617 [main] DEBUG com.wimfra.tourplanner.dataaccesslayer.DBService - Getting a (specific) single tour from the database..
2022-07-10 10:46:22.637 [main] DEBUG com.wimfra.tourplanner.dataaccesslayer.DBService - Database connection successfully established!
2022-07-10 10:46:22.655 [main] DEBUG com.wimfra.tourplanner.dataaccesslayer.DBService - Database connection successfully established!
2022-07-10 10:46:22.655 [main] DEBUG com.wimfra.tourplanner.dataaccesslayer.DBService - Getting a (specific) single log from the database..
2022-07-10 10:46:22.677 [main] DEBUG com.wimfra.tourplanner.dataaccesslayer.DBService - Database connection successfully established!
2022-07-10 10:48:57.526 [main] DEBUG com.wimfra.tourplanner.configuration.PropertyConfigurationReader - Reading properties from file
2022-07-10 10:48:57.740 [main] DEBUG com.wimfra.tourplanner.dataaccesslayer.DBService - Database connection successfully established!
2022-07-10 10:48:57.786 [main] DEBUG com.wimfra.tourplanner.dataaccesslayer.DBService - Database connection successfully established!
2022-07-10 10:48:57.908 [main] DEBUG com.wimfra.tourplanner.dataaccesslayer.DBService - Database connection successfully established!
2022-07-10 10:48:57.909 [main] DEBUG com.wimfra.tourplanner.dataaccesslayer.DBService - Editing a single log in the database..
2022-07-10 10:48:57.911 [main] DEBUG com.wimfra.tourplanner.dataaccesslayer.DBService - Database connection successfully closed!
2022-07-10 10:48:57.931 [main] DEBUG com.wimfra.tourplanner.dataaccesslayer.DBService - Database connection successfully established!
2022-07-10 10:48:57.931 [main] DEBUG com.wimfra.tourplanner.dataaccesslayer.DBService - Getting a (specific) single log from the database..
2022-07-10 10:48:57.958 [main] DEBUG com.wimfra.tourplanner.dataaccesslayer.DBService - Database connection successfully established!
2022-07-10 10:48:57.961 [main] DEBUG com.wimfra.tourplanner.dataaccesslayer.DBService - Database connection successfully closed!
2022-07-10 10:48:57.978 [main] DEBUG com.wimfra.tourplanner.dataaccesslayer.DBService - Database connection successfully established!
2022-07-10 10:48:57.979 [main] DEBUG com.wimfra.tourplanner.dataaccesslayer.DBService - Deleting a single tour from the database..
2022-07-10 10:48:58.208 [main] DEBUG com.wimfra.tourplanner.dataaccesslayer.DBService - Database connection successfully closed!
2022-07-10 10:48:58.209 [main] DEBUG com.wimfra.tourplanner.dataaccesslayer.DBService - Database connection successfully closed!
2022-07-10 10:48:58.241 [main] DEBUG com.wimfra.tourplanner.dataaccesslayer.DBService - Database connection successfully established!
2022-07-10 10:48:58.259 [main] DEBUG com.wimfra.tourplanner.dataaccesslayer.DBService - Database connection successfully established!
2022-07-10 10:48:58.320 [main] DEBUG com.wimfra.tourplanner.dataaccesslayer.DBService - Database connection successfully established!
2022-07-10 10:48:58.320 [main] DEBUG com.wimfra.tourplanner.dataaccesslayer.DBService - Deleting a specific log from the database..
2022-07-10 10:48:58.322 [main] DEBUG com.wimfra.tourplanner.dataaccesslayer.DBService - Database connection successfully closed!
2022-07-10 10:48:58.336 [main] DEBUG com.wimfra.tourplanner.dataaccesslayer.DBService - Database connection successfully established!
2022-07-10 10:48:58.336 [main] DEBUG com.wimfra.tourplanner.dataaccesslayer.DBService - Getting a (specific) single tour from the database..
2022-07-10 10:48:58.340 [main] DEBUG com.wimfra.tourplanner.dataaccesslayer.DBService - Database connection successfully closed!
2022-07-10 10:48:58.357 [main] DEBUG com.wimfra.tourplanner.dataaccesslayer.DBService - Database connection successfully established!
2022-07-10 10:48:58.359 [main] DEBUG com.wimfra.tourplanner.dataaccesslayer.DBService - Database connection successfully closed!
2022-07-10 10:48:58.372 [main] DEBUG com.wimfra.tourplanner.dataaccesslayer.DBService - Database connection successfully established!
2022-07-10 10:48:58.372 [main] DEBUG com.wimfra.tourplanner.dataaccesslayer.DBService - Deleting a single tour from the database..
2022-07-10 10:48:58.421 [main] DEBUG com.wimfra.tourplanner.dataaccesslayer.DBService - Database connection successfully closed!
2022-07-10 10:48:58.421 [main] DEBUG com.wimfra.tourplanner.dataaccesslayer.DBService - Database connection successfully closed!
2022-07-10 10:48:58.445 [main] DEBUG com.wimfra.tourplanner.dataaccesslayer.DBService - Database connection successfully established!
2022-07-10 10:48:58.460 [main] DEBUG com.wimfra.tourplanner.dataaccesslayer.DBService - Database connection successfully established!
2022-07-10 10:48:58.528 [main] DEBUG com.wimfra.tourplanner.dataaccesslayer.DBService - Database connection successfully established!
2022-07-10 10:48:58.529 [main] DEBUG com.wimfra.tourplanner.dataaccesslayer.DBService - Getting a (specific) single log from the database..
2022-07-10 10:48:58.546 [main] DEBUG com.wimfra.tourplanner.dataaccesslayer.DBService - Database connection successfully established!
2022-07-10 10:48:58.548 [main] DEBUG com.wimfra.tourplanner.dataaccesslayer.DBService - Database connection successfully closed!
2022-07-10 10:48:58.561 [main] DEBUG com.wimfra.tourplanner.dataaccesslayer.DBService - Database connection successfully established!
2022-07-10 10:48:58.561 [main] DEBUG com.wimfra.tourplanner.dataaccesslayer.DBService - Deleting a single tour from the database..
2022-07-10 10:48:58.610 [main] DEBUG com.wimfra.tourplanner.dataaccesslayer.DBService - Database connection successfully closed!
2022-07-10 10:48:58.610 [main] DEBUG com.wimfra.tourplanner.dataaccesslayer.DBService - Database connection successfully closed!
2022-07-10 10:48:58.631 [main] DEBUG com.wimfra.tourplanner.dataaccesslayer.DBService - Database connection successfully established!
2022-07-10 10:49:55.020 [main] DEBUG com.wimfra.tourplanner.configuration.PropertyConfigurationReader - Reading properties from file
2022-07-10 10:49:55.244 [main] DEBUG com.wimfra.tourplanner.dataaccesslayer.DBService - Database connection successfully established!
2022-07-10 10:49:55.289 [main] DEBUG com.wimfra.tourplanner.dataaccesslayer.DBService - Database connection successfully established!
2022-07-10 10:49:55.315 [main] DEBUG com.wimfra.tourplanner.dataaccesslayer.DBService - Database connection successfully established!
2022-07-10 10:49:55.316 [main] DEBUG com.wimfra.tourplanner.dataaccesslayer.DBService - Editing a single log in the database..
2022-07-10 10:49:55.320 [main] DEBUG com.wimfra.tourplanner.dataaccesslayer.DBService - Database connection successfully closed!
2022-07-10 10:49:55.342 [main] DEBUG com.wimfra.tourplanner.dataaccesslayer.DBService - Database connection successfully established!
2022-07-10 10:49:55.343 [main] DEBUG com.wimfra.tourplanner.dataaccesslayer.DBService - Getting a (specific) single log from the database..
2022-07-10 10:49:55.370 [main] ERROR com.wimfra.tourplanner.dataaccesslayer.DBService - [Ljava.lang.StackTraceElement;@67af833b
2022-07-10 10:49:55.392 [main] DEBUG com.wimfra.tourplanner.dataaccesslayer.DBService - Database connection successfully established!
2022-07-10 10:49:55.396 [main] DEBUG com.wimfra.tourplanner.dataaccesslayer.DBService - Database connection successfully closed!
2022-07-10 10:49:55.397 [main] DEBUG com.wimfra.tourplanner.dataaccesslayer.DBService - Database connection successfully closed!
2022-07-10 10:49:55.415 [main] DEBUG com.wimfra.tourplanner.dataaccesslayer.DBService - Database connection successfully established!
2022-07-10 10:49:55.416 [main] DEBUG com.wimfra.tourplanner.dataaccesslayer.DBService - Deleting a single tour from the database..
2022-07-10 10:49:55.420 [main] DEBUG com.wimfra.tourplanner.dataaccesslayer.DBService - Database connection successfully closed!
2022-07-10 10:49:55.420 [main] DEBUG com.wimfra.tourplanner.dataaccesslayer.DBService - Database connection successfully closed!
2022-07-10 10:49:55.450 [main] DEBUG com.wimfra.tourplanner.dataaccesslayer.DBService - Database connection successfully established!
2022-07-10 10:49:55.470 [main] DEBUG com.wimfra.tourplanner.dataaccesslayer.DBService - Database connection successfully established!
2022-07-10 10:49:55.489 [main] DEBUG com.wimfra.tourplanner.dataaccesslayer.DBService - Database connection successfully established!
2022-07-10 10:49:55.489 [main] DEBUG com.wimfra.tourplanner.dataaccesslayer.DBService - Deleting a specific log from the database..
2022-07-10 10:49:55.493 [main] DEBUG com.wimfra.tourplanner.dataaccesslayer.DBService - Database connection successfully closed!
2022-07-10 10:49:55.493 [main] DEBUG com.wimfra.tourplanner.dataaccesslayer.DBService - Database connection successfully closed!
2022-07-10 10:49:55.510 [main] DEBUG com.wimfra.tourplanner.dataaccesslayer.DBService - Database connection successfully established!
2022-07-10 10:49:55.511 [main] DEBUG com.wimfra.tourplanner.dataaccesslayer.DBService - Getting a (specific) single tour from the database..
2022-07-10 10:49:55.514 [main] DEBUG com.wimfra.tourplanner.dataaccesslayer.DBService - Database connection successfully closed!
2022-07-10 10:49:55.531 [main] DEBUG com.wimfra.tourplanner.dataaccesslayer.DBService - Database connection successfully established!
2022-07-10 10:49:55.533 [main] DEBUG com.wimfra.tourplanner.dataaccesslayer.DBService - Database connection successfully closed!
2022-07-10 10:49:55.546 [main] DEBUG com.wimfra.tourplanner.dataaccesslayer.DBService - Database connection successfully established!
2022-07-10 10:49:55.547 [main] DEBUG com.wimfra.tourplanner.dataaccesslayer.DBService - Deleting a single tour from the database..
2022-07-10 10:49:55.550 [main] DEBUG com.wimfra.tourplanner.dataaccesslayer.DBService - Database connection successfully closed!
2022-07-10 10:49:55.550 [main] DEBUG com.wimfra.tourplanner.dataaccesslayer.DBService - Database connection successfully closed!
2022-07-10 10:49:55.568 [main] DEBUG com.wimfra.tourplanner.dataaccesslayer.DBService - Database connection successfully established!
2022-07-10 10:49:55.584 [main] DEBUG com.wimfra.tourplanner.dataaccesslayer.DBService - Database connection successfully established!
2022-07-10 10:49:55.601 [main] DEBUG com.wimfra.tourplanner.dataaccesslayer.DBService - Database connection successfully established!
2022-07-10 10:49:55.601 [main] DEBUG com.wimfra.tourplanner.dataaccesslayer.DBService - Getting a (specific) single log from the database..
2022-07-10 10:49:55.603 [main] DEBUG com.wimfra.tourplanner.dataaccesslayer.DBService - Database connection successfully closed!
2022-07-10 10:49:55.617 [main] DEBUG com.wimfra.tourplanner.dataaccesslayer.DBService - Database connection successfully established!
2022-07-10 10:49:55.620 [main] DEBUG com.wimfra.tourplanner.dataaccesslayer.DBService - Database connection successfully closed!
2022-07-10 10:49:55.620 [main] DEBUG com.wimfra.tourplanner.dataaccesslayer.DBService - Database connection successfully closed!
2022-07-10 10:49:55.634 [main] DEBUG com.wimfra.tourplanner.dataaccesslayer.DBService - Database connection successfully established!
2022-07-10 10:49:55.635 [main] DEBUG com.wimfra.tourplanner.dataaccesslayer.DBService - Deleting a single tour from the database..
2022-07-10 10:49:55.638 [main] DEBUG com.wimfra.tourplanner.dataaccesslayer.DBService - Database connection successfully closed!
2022-07-10 10:49:55.638 [main] DEBUG com.wimfra.tourplanner.dataaccesslayer.DBService - Database connection successfully closed!
2022-07-10 10:49:55.653 [main] DEBUG com.wimfra.tourplanner.dataaccesslayer.DBService - Database connection successfully established!
2022-07-10 10:51:10.116 [main] DEBUG com.wimfra.tourplanner.configuration.PropertyConfigurationReader - Reading properties from file
2022-07-10 10:51:10.358 [main] DEBUG com.wimfra.tourplanner.dataaccesslayer.DBService - Database connection successfully established!
2022-07-10 10:51:10.397 [main] DEBUG com.wimfra.tourplanner.dataaccesslayer.DBService - Database connection successfully established!
2022-07-10 10:51:10.423 [main] DEBUG com.wimfra.tourplanner.dataaccesslayer.DBService - Database connection successfully established!
2022-07-10 10:51:10.423 [main] DEBUG com.wimfra.tourplanner.dataaccesslayer.DBService - Editing a single log in the database..
2022-07-10 10:51:10.427 [main] DEBUG com.wimfra.tourplanner.dataaccesslayer.DBService - Database connection successfully closed!
2022-07-10 10:51:10.444 [main] DEBUG com.wimfra.tourplanner.dataaccesslayer.DBService - Database connection successfully established!
2022-07-10 10:51:10.444 [main] DEBUG com.wimfra.tourplanner.dataaccesslayer.DBService - Getting a (specific) single log from the database..
2022-07-10 10:51:10.460 [main] ERROR com.wimfra.tourplanner.dataaccesslayer.DBService - [Ljava.lang.StackTraceElement;@48f5bde6
2022-07-10 10:51:10.481 [main] DEBUG com.wimfra.tourplanner.dataaccesslayer.DBService - Database connection successfully established!
2022-07-10 10:51:10.484 [main] DEBUG com.wimfra.tourplanner.dataaccesslayer.DBService - Database connection successfully closed!
2022-07-10 10:51:10.484 [main] DEBUG com.wimfra.tourplanner.dataaccesslayer.DBService - Database connection successfully closed!
2022-07-10 10:51:10.500 [main] DEBUG com.wimfra.tourplanner.dataaccesslayer.DBService - Database connection successfully established!
2022-07-10 10:51:10.500 [main] DEBUG com.wimfra.tourplanner.dataaccesslayer.DBService - Deleting a single tour from the database..
2022-07-10 10:51:10.503 [main] DEBUG com.wimfra.tourplanner.dataaccesslayer.DBService - Database connection successfully closed!
2022-07-10 10:51:10.503 [main] DEBUG com.wimfra.tourplanner.dataaccesslayer.DBService - Database connection successfully closed!
2022-07-10 10:51:10.532 [main] DEBUG com.wimfra.tourplanner.dataaccesslayer.DBService - Database connection successfully established!
2022-07-10 10:51:10.549 [main] DEBUG com.wimfra.tourplanner.dataaccesslayer.DBService - Database connection successfully established!
2022-07-10 10:51:10.569 [main] DEBUG com.wimfra.tourplanner.dataaccesslayer.DBService - Database connection successfully established!
2022-07-10 10:51:10.569 [main] DEBUG com.wimfra.tourplanner.dataaccesslayer.DBService - Deleting a specific log from the database..
2022-07-10 10:51:10.572 [main] DEBUG com.wimfra.tourplanner.dataaccesslayer.DBService - Database connection successfully closed!
2022-07-10 10:51:10.573 [main] DEBUG com.wimfra.tourplanner.dataaccesslayer.DBService - Database connection successfully closed!
2022-07-10 10:51:10.587 [main] DEBUG com.wimfra.tourplanner.dataaccesslayer.DBService - Database connection successfully established!
2022-07-10 10:51:10.587 [main] DEBUG com.wimfra.tourplanner.dataaccesslayer.DBService - Getting a (specific) single log from the database..
2022-07-10 10:51:10.606 [main] DEBUG com.wimfra.tourplanner.dataaccesslayer.DBService - Database connection successfully established!
2022-07-10 10:51:10.608 [main] DEBUG com.wimfra.tourplanner.dataaccesslayer.DBService - Database connection successfully closed!
2022-07-10 10:51:10.621 [main] DEBUG com.wimfra.tourplanner.dataaccesslayer.DBService - Database connection successfully established!
2022-07-10 10:51:10.621 [main] DEBUG com.wimfra.tourplanner.dataaccesslayer.DBService - Deleting a single tour from the database..
2022-07-10 10:51:10.624 [main] DEBUG com.wimfra.tourplanner.dataaccesslayer.DBService - Database connection successfully closed!
2022-07-10 10:51:10.625 [main] DEBUG com.wimfra.tourplanner.dataaccesslayer.DBService - Database connection successfully closed!
2022-07-10 10:51:10.640 [main] DEBUG com.wimfra.tourplanner.dataaccesslayer.DBService - Database connection successfully established!
2022-07-10 10:51:10.655 [main] DEBUG com.wimfra.tourplanner.dataaccesslayer.DBService - Database connection successfully established!
2022-07-10 10:51:10.672 [main] DEBUG com.wimfra.tourplanner.dataaccesslayer.DBService - Database connection successfully established!
2022-07-10 10:51:10.672 [main] DEBUG com.wimfra.tourplanner.dataaccesslayer.DBService - Getting a (specific) single log from the database..
2022-07-10 10:51:10.675 [main] DEBUG com.wimfra.tourplanner.dataaccesslayer.DBService - Database connection successfully closed!
2022-07-10 10:51:10.689 [main] DEBUG com.wimfra.tourplanner.dataaccesslayer.DBService - Database connection successfully established!
2022-07-10 10:51:10.692 [main] DEBUG com.wimfra.tourplanner.dataaccesslayer.DBService - Database connection successfully closed!
2022-07-10 10:51:10.692 [main] DEBUG com.wimfra.tourplanner.dataaccesslayer.DBService - Database connection successfully closed!
2022-07-10 10:51:10.705 [main] DEBUG com.wimfra.tourplanner.dataaccesslayer.DBService - Database connection successfully established!
2022-07-10 10:51:10.705 [main] DEBUG com.wimfra.tourplanner.dataaccesslayer.DBService - Deleting a single tour from the database..
2022-07-10 10:51:10.708 [main] DEBUG com.wimfra.tourplanner.dataaccesslayer.DBService - Database connection successfully closed!
2022-07-10 10:51:10.708 [main] DEBUG com.wimfra.tourplanner.dataaccesslayer.DBService - Database connection successfully closed!
2022-07-10 10:51:10.724 [main] DEBUG com.wimfra.tourplanner.dataaccesslayer.DBService - Database connection successfully established!
2022-07-10 10:52:47.875 [main] DEBUG com.wimfra.tourplanner.configuration.PropertyConfigurationReader - Reading properties from file
2022-07-10 10:52:48.087 [main] DEBUG com.wimfra.tourplanner.dataaccesslayer.DBService - Database connection successfully established!
2022-07-10 10:52:48.117 [main] DEBUG com.wimfra.tourplanner.dataaccesslayer.DBService - Database connection successfully established!
2022-07-10 10:52:48.120 [main] DEBUG com.wimfra.tourplanner.dataaccesslayer.DBService - Database connection successfully closed!
2022-07-10 10:52:48.137 [main] DEBUG com.wimfra.tourplanner.dataaccesslayer.DBService - Database connection successfully established!
2022-07-10 10:52:48.137 [main] DEBUG com.wimfra.tourplanner.dataaccesslayer.DBService - Deleting a single tour from the database..
2022-07-10 10:52:48.139 [main] DEBUG com.wimfra.tourplanner.dataaccesslayer.DBService - Database connection successfully closed!
2022-07-10 10:52:48.174 [main] DEBUG com.wimfra.tourplanner.dataaccesslayer.DBService - Database connection successfully established!
2022-07-10 10:52:48.191 [main] DEBUG com.wimfra.tourplanner.dataaccesslayer.DBService - Database connection successfully established!
2022-07-10 10:52:48.194 [main] DEBUG com.wimfra.tourplanner.dataaccesslayer.DBService - Database connection successfully closed!
2022-07-10 10:52:48.212 [main] DEBUG com.wimfra.tourplanner.dataaccesslayer.DBService - Database connection successfully established!
2022-07-10 10:52:48.212 [main] DEBUG com.wimfra.tourplanner.dataaccesslayer.DBService - Deleting a single tour from the database..
2022-07-10 10:52:48.215 [main] DEBUG com.wimfra.tourplanner.dataaccesslayer.DBService - Database connection successfully closed!
2022-07-10 10:52:48.237 [main] DEBUG com.wimfra.tourplanner.dataaccesslayer.DBService - Database connection successfully established!
2022-07-10 10:52:48.255 [main] DEBUG com.wimfra.tourplanner.dataaccesslayer.DBService - Database connection successfully established!
2022-07-10 10:52:48.258 [main] DEBUG com.wimfra.tourplanner.dataaccesslayer.DBService - Database connection successfully closed!
2022-07-10 10:52:48.275 [main] DEBUG com.wimfra.tourplanner.dataaccesslayer.DBService - Database connection successfully established!
2022-07-10 10:52:48.276 [main] DEBUG com.wimfra.tourplanner.dataaccesslayer.DBService - Deleting a single tour from the database..
2022-07-10 10:52:48.278 [main] DEBUG com.wimfra.tourplanner.dataaccesslayer.DBService - Database connection successfully closed!
2022-07-10 10:52:48.303 [main] DEBUG com.wimfra.tourplanner.dataaccesslayer.DBService - Database connection successfully established!
2022-07-10 10:53:25.008 [main] DEBUG com.wimfra.tourplanner.configuration.PropertyConfigurationReader - Reading properties from file
2022-07-10 10:53:25.223 [main] DEBUG com.wimfra.tourplanner.dataaccesslayer.DBService - Database connection successfully established!
2022-07-10 10:53:25.266 [main] DEBUG com.wimfra.tourplanner.dataaccesslayer.DBService - Database connection successfully established!
2022-07-10 10:53:25.293 [main] DEBUG com.wimfra.tourplanner.dataaccesslayer.DBService - Database connection successfully established!
2022-07-10 10:53:25.293 [main] DEBUG com.wimfra.tourplanner.dataaccesslayer.DBService - Editing a single log in the database..
2022-07-10 10:53:25.298 [main] DEBUG com.wimfra.tourplanner.dataaccesslayer.DBService - Database connection successfully closed!
2022-07-10 10:53:25.318 [main] DEBUG com.wimfra.tourplanner.dataaccesslayer.DBService - Database connection successfully established!
2022-07-10 10:53:25.318 [main] DEBUG com.wimfra.tourplanner.dataaccesslayer.DBService - Getting a (specific) single log from the database..
2022-07-10 10:53:25.336 [main] ERROR com.wimfra.tourplanner.dataaccesslayer.DBService - [Ljava.lang.StackTraceElement;@1c65121
2022-07-10 10:53:25.357 [main] DEBUG com.wimfra.tourplanner.dataaccesslayer.DBService - Database connection successfully established!
2022-07-10 10:53:25.360 [main] DEBUG com.wimfra.tourplanner.dataaccesslayer.DBService - Database connection successfully closed!
2022-07-10 10:53:25.360 [main] DEBUG com.wimfra.tourplanner.dataaccesslayer.DBService - Database connection successfully closed!
2022-07-10 10:53:25.375 [main] DEBUG com.wimfra.tourplanner.dataaccesslayer.DBService - Database connection successfully established!
2022-07-10 10:53:25.375 [main] DEBUG com.wimfra.tourplanner.dataaccesslayer.DBService - Deleting a single tour from the database..
2022-07-10 10:53:25.379 [main] DEBUG com.wimfra.tourplanner.dataaccesslayer.DBService - Database connection successfully closed!
2022-07-10 10:53:25.379 [main] DEBUG com.wimfra.tourplanner.dataaccesslayer.DBService - Database connection successfully closed!
2022-07-10 10:53:25.406 [main] DEBUG com.wimfra.tourplanner.dataaccesslayer.DBService - Database connection successfully established!
2022-07-10 10:53:25.423 [main] DEBUG com.wimfra.tourplanner.dataaccesslayer.DBService - Database connection successfully established!
2022-07-10 10:53:25.444 [main] DEBUG com.wimfra.tourplanner.dataaccesslayer.DBService - Database connection successfully established!
2022-07-10 10:53:25.444 [main] DEBUG com.wimfra.tourplanner.dataaccesslayer.DBService - Deleting a specific log from the database..
2022-07-10 10:53:25.448 [main] DEBUG com.wimfra.tourplanner.dataaccesslayer.DBService - Database connection successfully closed!
2022-07-10 10:53:25.448 [main] DEBUG com.wimfra.tourplanner.dataaccesslayer.DBService - Database connection successfully closed!
2022-07-10 10:53:25.463 [main] DEBUG com.wimfra.tourplanner.dataaccesslayer.DBService - Database connection successfully established!
2022-07-10 10:53:25.463 [main] DEBUG com.wimfra.tourplanner.dataaccesslayer.DBService - Getting a (specific) single log from the database..
2022-07-10 10:53:25.481 [main] DEBUG com.wimfra.tourplanner.dataaccesslayer.DBService - Database connection successfully established!
2022-07-10 10:53:25.483 [main] DEBUG com.wimfra.tourplanner.dataaccesslayer.DBService - Database connection successfully closed!
2022-07-10 10:53:25.498 [main] DEBUG com.wimfra.tourplanner.dataaccesslayer.DBService - Database connection successfully established!
2022-07-10 10:53:25.498 [main] DEBUG com.wimfra.tourplanner.dataaccesslayer.DBService - Deleting a single tour from the database..
2022-07-10 10:53:25.502 [main] DEBUG com.wimfra.tourplanner.dataaccesslayer.DBService - Database connection successfully closed!
2022-07-10 10:53:25.502 [main] DEBUG com.wimfra.tourplanner.dataaccesslayer.DBService - Database connection successfully closed!
2022-07-10 10:53:25.517 [main] DEBUG com.wimfra.tourplanner.dataaccesslayer.DBService - Database connection successfully established!
2022-07-10 10:53:25.533 [main] DEBUG com.wimfra.tourplanner.dataaccesslayer.DBService - Database connection successfully established!
2022-07-10 10:53:25.549 [main] DEBUG com.wimfra.tourplanner.dataaccesslayer.DBService - Database connection successfully established!
2022-07-10 10:53:25.549 [main] DEBUG com.wimfra.tourplanner.dataaccesslayer.DBService - Getting a (specific) single log from the database..
2022-07-10 10:53:25.551 [main] DEBUG com.wimfra.tourplanner.dataaccesslayer.DBService - Database connection successfully closed!
2022-07-10 10:53:25.565 [main] DEBUG com.wimfra.tourplanner.dataaccesslayer.DBService - Database connection successfully established!
2022-07-10 10:53:25.568 [main] DEBUG com.wimfra.tourplanner.dataaccesslayer.DBService - Database connection successfully closed!
2022-07-10 10:53:25.568 [main] DEBUG com.wimfra.tourplanner.dataaccesslayer.DBService - Database connection successfully closed!
2022-07-10 10:53:25.581 [main] DEBUG com.wimfra.tourplanner.dataaccesslayer.DBService - Database connection successfully established!
2022-07-10 10:53:25.581 [main] DEBUG com.wimfra.tourplanner.dataaccesslayer.DBService - Deleting a single tour from the database..
2022-07-10 10:53:25.584 [main] DEBUG com.wimfra.tourplanner.dataaccesslayer.DBService - Database connection successfully closed!
2022-07-10 10:53:25.584 [main] DEBUG com.wimfra.tourplanner.dataaccesslayer.DBService - Database connection successfully closed!
2022-07-10 10:53:25.600 [main] DEBUG com.wimfra.tourplanner.dataaccesslayer.DBService - Database connection successfully established!
2022-07-10 10:53:25.642 [main] DEBUG com.wimfra.tourplanner.dataaccesslayer.DBService - Database connection successfully established!
2022-07-10 10:53:25.659 [main] DEBUG com.wimfra.tourplanner.dataaccesslayer.DBService - Database connection successfully established!
2022-07-10 10:53:25.659 [main] DEBUG com.wimfra.tourplanner.dataaccesslayer.DBService - Getting a (specific) single tour from the database..
2022-07-10 10:53:25.661 [main] DEBUG com.wimfra.tourplanner.dataaccesslayer.DBService - Database connection successfully closed!
2022-07-10 10:53:25.674 [main] DEBUG com.wimfra.tourplanner.dataaccesslayer.DBService - Database connection successfully established!
2022-07-10 10:53:25.677 [main] DEBUG com.wimfra.tourplanner.dataaccesslayer.DBService - Database connection successfully closed!
2022-07-10 10:53:25.689 [main] DEBUG com.wimfra.tourplanner.dataaccesslayer.DBService - Database connection successfully established!
2022-07-10 10:53:25.689 [main] DEBUG com.wimfra.tourplanner.dataaccesslayer.DBService - Deleting a single tour from the database..
2022-07-10 10:53:25.693 [main] DEBUG com.wimfra.tourplanner.dataaccesslayer.DBService - Database connection successfully closed!
2022-07-10 10:53:25.693 [main] DEBUG com.wimfra.tourplanner.dataaccesslayer.DBService - Database connection successfully closed!
2022-07-10 10:53:25.709 [main] DEBUG com.wimfra.tourplanner.dataaccesslayer.DBService - Database connection successfully established!
2022-07-10 10:53:25.726 [main] DEBUG com.wimfra.tourplanner.dataaccesslayer.DBService - Database connection successfully established!
2022-07-10 10:53:25.728 [main] DEBUG com.wimfra.tourplanner.dataaccesslayer.DBService - Database connection successfully closed!
2022-07-10 10:53:25.742 [main] DEBUG com.wimfra.tourplanner.dataaccesslayer.DBService - Database connection successfully established!
2022-07-10 10:53:25.742 [main] DEBUG com.wimfra.tourplanner.dataaccesslayer.DBService - Deleting a single tour from the database..
2022-07-10 10:53:25.745 [main] DEBUG com.wimfra.tourplanner.dataaccesslayer.DBService - Database connection successfully closed!
2022-07-10 10:53:25.745 [main] DEBUG com.wimfra.tourplanner.dataaccesslayer.DBService - Database connection successfully closed!
2022-07-10 10:53:25.760 [main] DEBUG com.wimfra.tourplanner.dataaccesslayer.DBService - Database connection successfully established!
2022-07-10 10:53:25.761 [main] DEBUG com.wimfra.tourplanner.dataaccesslayer.DBService - Getting a (specific) single tour from the database..
2022-07-10 10:53:25.776 [main] DEBUG com.wimfra.tourplanner.dataaccesslayer.DBService - Database connection successfully established!
2022-07-10 10:53:25.778 [main] DEBUG com.wimfra.tourplanner.dataaccesslayer.DBService - Database connection successfully closed!
2022-07-10 10:53:25.792 [main] DEBUG com.wimfra.tourplanner.dataaccesslayer.DBService - Database connection successfully established!
2022-07-10 10:53:25.793 [main] DEBUG com.wimfra.tourplanner.dataaccesslayer.DBService - Deleting a single tour from the database..
2022-07-10 10:53:25.794 [main] DEBUG com.wimfra.tourplanner.dataaccesslayer.DBService - Database connection successfully closed!
2022-07-10 10:53:25.810 [main] DEBUG com.wimfra.tourplanner.dataaccesslayer.DBService - Database connection successfully established!
2022-07-10 10:53:25.827 [main] DEBUG com.wimfra.tourplanner.dataaccesslayer.DBService - Database connection successfully established!
2022-07-10 10:53:25.827 [main] DEBUG com.wimfra.tourplanner.dataaccesslayer.DBService - Editing a specific single tour in the database..
2022-07-10 10:53:25.830 [main] DEBUG com.wimfra.tourplanner.dataaccesslayer.DBService - Database connection successfully closed!
2022-07-10 10:53:25.843 [main] DEBUG com.wimfra.tourplanner.dataaccesslayer.DBService - Database connection successfully established!
2022-07-10 10:53:25.844 [main] DEBUG com.wimfra.tourplanner.dataaccesslayer.DBService - Getting a (specific) single tour from the database..
2022-07-10 10:53:25.846 [main] DEBUG com.wimfra.tourplanner.dataaccesslayer.DBService - Database connection successfully closed!
2022-07-10 10:53:25.859 [main] DEBUG com.wimfra.tourplanner.dataaccesslayer.DBService - Database connection successfully established!
2022-07-10 10:53:25.862 [main] DEBUG com.wimfra.tourplanner.dataaccesslayer.DBService - Database connection successfully closed!
2022-07-10 10:53:25.877 [main] DEBUG com.wimfra.tourplanner.dataaccesslayer.DBService - Database connection successfully established!
2022-07-10 10:53:25.877 [main] DEBUG com.wimfra.tourplanner.dataaccesslayer.DBService - Deleting a single tour from the database..
2022-07-10 10:53:25.880 [main] DEBUG com.wimfra.tourplanner.dataaccesslayer.DBService - Database connection successfully closed!
2022-07-10 10:53:25.881 [main] DEBUG com.wimfra.tourplanner.dataaccesslayer.DBService - Database connection successfully closed!
2022-07-10 10:53:25.895 [main] DEBUG com.wimfra.tourplanner.dataaccesslayer.DBService - Database connection successfully established!
