2022-07-01 14:06:18.464 [main] DEBUG com.wimfra.tourplanner.configuration.PropertyConfigurationReader - Reading properties from file
2022-07-01 14:06:33.126 [JavaFX Application Thread] DEBUG com.wimfra.tourplanner.TourPlannerApplication - Program is starting
2022-07-01 14:06:33.221 [JavaFX Application Thread] DEBUG com.wimfra.tourplanner.TourPlannerApplication - Loading stage...
2022-07-01 14:06:33.272 [JavaFX Application Thread] DEBUG com.wimfra.tourplanner.configuration.PropertyConfigurationReader - Reading properties from file
2022-07-01 14:06:36.352 [JavaFX Application Thread] DEBUG com.wimfra.tourplanner.TourPlannerApplication - Loading completed!
2022-07-01 14:10:48.121 [JavaFX Application Thread] DEBUG com.wimfra.tourplanner.TourPlannerApplication - Program is starting
2022-07-01 14:10:48.205 [JavaFX Application Thread] DEBUG com.wimfra.tourplanner.TourPlannerApplication - Loading stage...
2022-07-01 14:10:48.260 [JavaFX Application Thread] DEBUG com.wimfra.tourplanner.configuration.PropertyConfigurationReader - Reading properties from file
2022-07-01 14:10:50.337 [JavaFX Application Thread] DEBUG com.wimfra.tourplanner.TourPlannerApplication - Loading completed!
2022-07-01 14:12:10.471 [JavaFX Application Thread] DEBUG com.wimfra.tourplanner.TourPlannerApplication - Program is starting
2022-07-01 14:12:10.577 [JavaFX Application Thread] DEBUG com.wimfra.tourplanner.TourPlannerApplication - Loading stage...
2022-07-01 14:12:10.637 [JavaFX Application Thread] DEBUG com.wimfra.tourplanner.configuration.PropertyConfigurationReader - Reading properties from file
2022-07-01 14:12:12.843 [JavaFX Application Thread] DEBUG com.wimfra.tourplanner.TourPlannerApplication - Loading completed!
2022-07-01 14:15:18.841 [JavaFX Application Thread] DEBUG com.wimfra.tourplanner.TourPlannerApplication - Program is starting
2022-07-01 14:15:18.927 [JavaFX Application Thread] DEBUG com.wimfra.tourplanner.TourPlannerApplication - Loading stage...
2022-07-01 14:15:18.973 [JavaFX Application Thread] DEBUG com.wimfra.tourplanner.configuration.PropertyConfigurationReader - Reading properties from file
2022-07-01 14:15:20.995 [JavaFX Application Thread] DEBUG com.wimfra.tourplanner.TourPlannerApplication - Loading completed!
2022-07-01 14:17:37.124 [JavaFX Application Thread] DEBUG com.wimfra.tourplanner.TourPlannerApplication - Program is starting
2022-07-01 14:17:37.223 [JavaFX Application Thread] DEBUG com.wimfra.tourplanner.TourPlannerApplication - Loading stage...
2022-07-01 14:17:37.289 [JavaFX Application Thread] DEBUG com.wimfra.tourplanner.configuration.PropertyConfigurationReader - Reading properties from file
2022-07-01 14:17:39.446 [JavaFX Application Thread] DEBUG com.wimfra.tourplanner.TourPlannerApplication - Loading completed!
2022-07-01 14:17:42.516 [JavaFX Application Thread] DEBUG com.wimfra.tourplanner.view.AddLogController - Setting up 'add-log-view.fxml'
2022-07-01 14:17:46.479 [JavaFX Application Thread] DEBUG com.wimfra.tourplanner.view.AddLogController - Setting up 'add-log-view.fxml'
2022-07-01 14:20:51.383 [JavaFX Application Thread] DEBUG com.wimfra.tourplanner.TourPlannerApplication - Program is starting
2022-07-01 14:20:51.550 [JavaFX Application Thread] DEBUG com.wimfra.tourplanner.TourPlannerApplication - Loading stage...
2022-07-01 14:20:51.633 [JavaFX Application Thread] DEBUG com.wimfra.tourplanner.configuration.PropertyConfigurationReader - Reading properties from file
2022-07-01 14:20:55.034 [JavaFX Application Thread] DEBUG com.wimfra.tourplanner.TourPlannerApplication - Loading completed!
2022-07-01 14:22:03.584 [JavaFX Application Thread] DEBUG com.wimfra.tourplanner.TourPlannerApplication - Program is starting
2022-07-01 14:22:03.676 [JavaFX Application Thread] DEBUG com.wimfra.tourplanner.TourPlannerApplication - Loading stage...
2022-07-01 14:22:03.723 [JavaFX Application Thread] DEBUG com.wimfra.tourplanner.configuration.PropertyConfigurationReader - Reading properties from file
2022-07-01 14:22:05.981 [JavaFX Application Thread] DEBUG com.wimfra.tourplanner.TourPlannerApplication - Loading completed!
