2022-07-10 11:12:03.336 [main] DEBUG com.wimfra.tourplanner.configuration.PropertyConfigurationReader - Reading properties from file
2022-07-10 11:12:03.537 [main] DEBUG com.wimfra.tourplanner.dataaccesslayer.DBService - Database connection successfully established!
2022-07-10 11:12:03.573 [main] DEBUG com.wimfra.tourplanner.dataaccesslayer.DBService - Database connection successfully established!
2022-07-10 11:12:03.598 [main] DEBUG com.wimfra.tourplanner.dataaccesslayer.DBService - Database connection successfully established!
2022-07-10 11:12:03.598 [main] DEBUG com.wimfra.tourplanner.dataaccesslayer.DBService - Editing a single log in the database..
2022-07-10 11:12:03.603 [main] DEBUG com.wimfra.tourplanner.dataaccesslayer.DBService - Database connection successfully closed!
2022-07-10 11:12:03.621 [main] DEBUG com.wimfra.tourplanner.dataaccesslayer.DBService - Database connection successfully established!
2022-07-10 11:12:03.622 [main] DEBUG com.wimfra.tourplanner.dataaccesslayer.DBService - Getting a (specific) single log from the database..
2022-07-10 11:12:03.637 [main] ERROR com.wimfra.tourplanner.dataaccesslayer.DBService - [Ljava.lang.StackTraceElement;@5aa360ea
2022-07-10 11:12:03.658 [main] DEBUG com.wimfra.tourplanner.dataaccesslayer.DBService - Database connection successfully established!
2022-07-10 11:12:03.662 [main] DEBUG com.wimfra.tourplanner.dataaccesslayer.DBService - Database connection successfully closed!
2022-07-10 11:12:03.662 [main] DEBUG com.wimfra.tourplanner.dataaccesslayer.DBService - Database connection successfully closed!
2022-07-10 11:12:03.681 [main] DEBUG com.wimfra.tourplanner.dataaccesslayer.DBService - Database connection successfully established!
2022-07-10 11:12:03.681 [main] DEBUG com.wimfra.tourplanner.dataaccesslayer.DBService - Deleting a single tour from the database..
2022-07-10 11:12:03.685 [main] DEBUG com.wimfra.tourplanner.dataaccesslayer.DBService - Database connection successfully closed!
2022-07-10 11:12:03.685 [main] DEBUG com.wimfra.tourplanner.dataaccesslayer.DBService - Database connection successfully closed!
2022-07-10 11:12:03.717 [main] DEBUG com.wimfra.tourplanner.dataaccesslayer.DBService - Database connection successfully established!
2022-07-10 11:12:03.737 [main] DEBUG com.wimfra.tourplanner.dataaccesslayer.DBService - Database connection successfully established!
2022-07-10 11:12:03.758 [main] DEBUG com.wimfra.tourplanner.dataaccesslayer.DBService - Database connection successfully established!
2022-07-10 11:12:03.759 [main] DEBUG com.wimfra.tourplanner.dataaccesslayer.DBService - Deleting a specific log from the database..
2022-07-10 11:12:03.762 [main] DEBUG com.wimfra.tourplanner.dataaccesslayer.DBService - Database connection successfully closed!
2022-07-10 11:12:03.763 [main] DEBUG com.wimfra.tourplanner.dataaccesslayer.DBService - Database connection successfully closed!
2022-07-10 11:12:03.780 [main] DEBUG com.wimfra.tourplanner.dataaccesslayer.DBService - Database connection successfully established!
2022-07-10 11:12:03.780 [main] DEBUG com.wimfra.tourplanner.dataaccesslayer.DBService - Getting a (specific) single log from the database..
2022-07-10 11:12:03.801 [main] DEBUG com.wimfra.tourplanner.dataaccesslayer.DBService - Database connection successfully established!
2022-07-10 11:12:03.803 [main] DEBUG com.wimfra.tourplanner.dataaccesslayer.DBService - Database connection successfully closed!
2022-07-10 11:12:03.817 [main] DEBUG com.wimfra.tourplanner.dataaccesslayer.DBService - Database connection successfully established!
2022-07-10 11:12:03.818 [main] DEBUG com.wimfra.tourplanner.dataaccesslayer.DBService - Deleting a single tour from the database..
2022-07-10 11:12:03.821 [main] DEBUG com.wimfra.tourplanner.dataaccesslayer.DBService - Database connection successfully closed!
2022-07-10 11:12:03.821 [main] DEBUG com.wimfra.tourplanner.dataaccesslayer.DBService - Database connection successfully closed!
2022-07-10 11:12:03.840 [main] DEBUG com.wimfra.tourplanner.dataaccesslayer.DBService - Database connection successfully established!
2022-07-10 11:12:03.858 [main] DEBUG com.wimfra.tourplanner.dataaccesslayer.DBService - Database connection successfully established!
2022-07-10 11:12:03.876 [main] DEBUG com.wimfra.tourplanner.dataaccesslayer.DBService - Database connection successfully established!
2022-07-10 11:12:03.876 [main] DEBUG com.wimfra.tourplanner.dataaccesslayer.DBService - Getting a (specific) single log from the database..
2022-07-10 11:12:03.879 [main] DEBUG com.wimfra.tourplanner.dataaccesslayer.DBService - Database connection successfully closed!
2022-07-10 11:12:03.894 [main] DEBUG com.wimfra.tourplanner.dataaccesslayer.DBService - Database connection successfully established!
2022-07-10 11:12:03.898 [main] DEBUG com.wimfra.tourplanner.dataaccesslayer.DBService - Database connection successfully closed!
2022-07-10 11:12:03.898 [main] DEBUG com.wimfra.tourplanner.dataaccesslayer.DBService - Database connection successfully closed!
2022-07-10 11:12:03.913 [main] DEBUG com.wimfra.tourplanner.dataaccesslayer.DBService - Database connection successfully established!
2022-07-10 11:12:03.913 [main] DEBUG com.wimfra.tourplanner.dataaccesslayer.DBService - Deleting a single tour from the database..
2022-07-10 11:12:03.916 [main] DEBUG com.wimfra.tourplanner.dataaccesslayer.DBService - Database connection successfully closed!
2022-07-10 11:12:03.916 [main] DEBUG com.wimfra.tourplanner.dataaccesslayer.DBService - Database connection successfully closed!
2022-07-10 11:12:03.933 [main] DEBUG com.wimfra.tourplanner.dataaccesslayer.DBService - Database connection successfully established!
2022-07-10 11:12:03.980 [main] DEBUG com.wimfra.tourplanner.dataaccesslayer.DBService - Database connection successfully established!
2022-07-10 11:12:03.998 [main] DEBUG com.wimfra.tourplanner.dataaccesslayer.DBService - Database connection successfully established!
2022-07-10 11:12:03.998 [main] DEBUG com.wimfra.tourplanner.dataaccesslayer.DBService - Getting a (specific) single tour from the database..
2022-07-10 11:12:04.001 [main] DEBUG com.wimfra.tourplanner.dataaccesslayer.DBService - Database connection successfully closed!
2022-07-10 11:12:04.015 [main] DEBUG com.wimfra.tourplanner.dataaccesslayer.DBService - Database connection successfully established!
2022-07-10 11:12:04.018 [main] DEBUG com.wimfra.tourplanner.dataaccesslayer.DBService - Database connection successfully closed!
2022-07-10 11:12:04.032 [main] DEBUG com.wimfra.tourplanner.dataaccesslayer.DBService - Database connection successfully established!
2022-07-10 11:12:04.032 [main] DEBUG com.wimfra.tourplanner.dataaccesslayer.DBService - Deleting a single tour from the database..
2022-07-10 11:12:04.035 [main] DEBUG com.wimfra.tourplanner.dataaccesslayer.DBService - Database connection successfully closed!
2022-07-10 11:12:04.035 [main] DEBUG com.wimfra.tourplanner.dataaccesslayer.DBService - Database connection successfully closed!
2022-07-10 11:12:04.051 [main] DEBUG com.wimfra.tourplanner.dataaccesslayer.DBService - Database connection successfully established!
2022-07-10 11:12:04.067 [main] DEBUG com.wimfra.tourplanner.dataaccesslayer.DBService - Database connection successfully established!
2022-07-10 11:12:04.068 [main] DEBUG com.wimfra.tourplanner.dataaccesslayer.DBService - Database connection successfully closed!
2022-07-10 11:12:04.081 [main] DEBUG com.wimfra.tourplanner.dataaccesslayer.DBService - Database connection successfully established!
2022-07-10 11:12:04.081 [main] DEBUG com.wimfra.tourplanner.dataaccesslayer.DBService - Deleting a single tour from the database..
2022-07-10 11:12:04.084 [main] DEBUG com.wimfra.tourplanner.dataaccesslayer.DBService - Database connection successfully closed!
2022-07-10 11:12:04.084 [main] DEBUG com.wimfra.tourplanner.dataaccesslayer.DBService - Database connection successfully closed!
2022-07-10 11:12:04.097 [main] DEBUG com.wimfra.tourplanner.dataaccesslayer.DBService - Database connection successfully established!
2022-07-10 11:12:04.097 [main] DEBUG com.wimfra.tourplanner.dataaccesslayer.DBService - Getting a (specific) single tour from the database..
2022-07-10 11:12:04.114 [main] DEBUG com.wimfra.tourplanner.dataaccesslayer.DBService - Database connection successfully established!
2022-07-10 11:12:04.117 [main] DEBUG com.wimfra.tourplanner.dataaccesslayer.DBService - Database connection successfully closed!
2022-07-10 11:12:04.130 [main] DEBUG com.wimfra.tourplanner.dataaccesslayer.DBService - Database connection successfully established!
2022-07-10 11:12:04.130 [main] DEBUG com.wimfra.tourplanner.dataaccesslayer.DBService - Deleting a single tour from the database..
2022-07-10 11:12:04.132 [main] DEBUG com.wimfra.tourplanner.dataaccesslayer.DBService - Database connection successfully closed!
2022-07-10 11:12:04.147 [main] DEBUG com.wimfra.tourplanner.dataaccesslayer.DBService - Database connection successfully established!
2022-07-10 11:12:04.164 [main] DEBUG com.wimfra.tourplanner.dataaccesslayer.DBService - Database connection successfully established!
2022-07-10 11:12:04.164 [main] DEBUG com.wimfra.tourplanner.dataaccesslayer.DBService - Editing a specific single tour in the database..
2022-07-10 11:12:04.167 [main] DEBUG com.wimfra.tourplanner.dataaccesslayer.DBService - Database connection successfully closed!
2022-07-10 11:12:04.180 [main] DEBUG com.wimfra.tourplanner.dataaccesslayer.DBService - Database connection successfully established!
2022-07-10 11:12:04.180 [main] DEBUG com.wimfra.tourplanner.dataaccesslayer.DBService - Getting a (specific) single tour from the database..
2022-07-10 11:12:04.183 [main] DEBUG com.wimfra.tourplanner.dataaccesslayer.DBService - Database connection successfully closed!
2022-07-10 11:12:04.197 [main] DEBUG com.wimfra.tourplanner.dataaccesslayer.DBService - Database connection successfully established!
2022-07-10 11:12:04.199 [main] DEBUG com.wimfra.tourplanner.dataaccesslayer.DBService - Database connection successfully closed!
2022-07-10 11:12:04.212 [main] DEBUG com.wimfra.tourplanner.dataaccesslayer.DBService - Database connection successfully established!
2022-07-10 11:12:04.212 [main] DEBUG com.wimfra.tourplanner.dataaccesslayer.DBService - Deleting a single tour from the database..
2022-07-10 11:12:04.215 [main] DEBUG com.wimfra.tourplanner.dataaccesslayer.DBService - Database connection successfully closed!
2022-07-10 11:12:04.215 [main] DEBUG com.wimfra.tourplanner.dataaccesslayer.DBService - Database connection successfully closed!
2022-07-10 11:12:04.229 [main] DEBUG com.wimfra.tourplanner.dataaccesslayer.DBService - Database connection successfully established!
2022-07-10 11:20:07.853 [main] DEBUG com.wimfra.tourplanner.configuration.PropertyConfigurationReader - Reading properties from file
2022-07-10 11:20:08.061 [main] DEBUG com.wimfra.tourplanner.dataaccesslayer.DBService - Database connection successfully established!
2022-07-10 11:20:08.090 [main] DEBUG com.wimfra.tourplanner.dataaccesslayer.DBService - Database connection successfully established!
2022-07-10 11:20:08.110 [main] DEBUG com.wimfra.tourplanner.dataaccesslayer.DBService - Database connection successfully established!
2022-07-10 11:20:08.110 [main] DEBUG com.wimfra.tourplanner.dataaccesslayer.DBService - Editing a single log in the database..
2022-07-10 11:20:08.114 [main] DEBUG com.wimfra.tourplanner.dataaccesslayer.DBService - Database connection successfully closed!
2022-07-10 11:20:08.129 [main] DEBUG com.wimfra.tourplanner.dataaccesslayer.DBService - Database connection successfully established!
2022-07-10 11:20:08.129 [main] DEBUG com.wimfra.tourplanner.dataaccesslayer.DBService - Getting a (specific) single log from the database..
2022-07-10 11:20:08.143 [main] ERROR com.wimfra.tourplanner.dataaccesslayer.DBService - [Ljava.lang.StackTraceElement;@57dc9128
2022-07-10 11:20:08.161 [main] DEBUG com.wimfra.tourplanner.dataaccesslayer.DBService - Database connection successfully established!
2022-07-10 11:20:08.165 [main] DEBUG com.wimfra.tourplanner.dataaccesslayer.DBService - Database connection successfully closed!
2022-07-10 11:20:08.165 [main] DEBUG com.wimfra.tourplanner.dataaccesslayer.DBService - Database connection successfully closed!
2022-07-10 11:20:08.181 [main] DEBUG com.wimfra.tourplanner.dataaccesslayer.DBService - Database connection successfully established!
2022-07-10 11:20:08.181 [main] DEBUG com.wimfra.tourplanner.dataaccesslayer.DBService - Deleting a single tour from the database..
2022-07-10 11:20:08.185 [main] DEBUG com.wimfra.tourplanner.dataaccesslayer.DBService - Database connection successfully closed!
2022-07-10 11:20:08.185 [main] DEBUG com.wimfra.tourplanner.dataaccesslayer.DBService - Database connection successfully closed!
2022-07-10 11:20:08.214 [main] DEBUG com.wimfra.tourplanner.dataaccesslayer.DBService - Database connection successfully established!
2022-07-10 11:20:08.235 [main] DEBUG com.wimfra.tourplanner.dataaccesslayer.DBService - Database connection successfully established!
2022-07-10 11:20:08.255 [main] DEBUG com.wimfra.tourplanner.dataaccesslayer.DBService - Database connection successfully established!
2022-07-10 11:20:08.256 [main] DEBUG com.wimfra.tourplanner.dataaccesslayer.DBService - Deleting a specific log from the database..
2022-07-10 11:20:08.259 [main] DEBUG com.wimfra.tourplanner.dataaccesslayer.DBService - Database connection successfully closed!
2022-07-10 11:20:08.260 [main] DEBUG com.wimfra.tourplanner.dataaccesslayer.DBService - Database connection successfully closed!
2022-07-10 11:20:08.275 [main] DEBUG com.wimfra.tourplanner.dataaccesslayer.DBService - Database connection successfully established!
2022-07-10 11:20:08.276 [main] DEBUG com.wimfra.tourplanner.dataaccesslayer.DBService - Getting a (specific) single log from the database..
2022-07-10 11:20:08.295 [main] DEBUG com.wimfra.tourplanner.dataaccesslayer.DBService - Database connection successfully established!
2022-07-10 11:20:08.298 [main] DEBUG com.wimfra.tourplanner.dataaccesslayer.DBService - Database connection successfully closed!
2022-07-10 11:20:08.312 [main] DEBUG com.wimfra.tourplanner.dataaccesslayer.DBService - Database connection successfully established!
2022-07-10 11:20:08.312 [main] DEBUG com.wimfra.tourplanner.dataaccesslayer.DBService - Deleting a single tour from the database..
2022-07-10 11:20:08.315 [main] DEBUG com.wimfra.tourplanner.dataaccesslayer.DBService - Database connection successfully closed!
2022-07-10 11:20:08.315 [main] DEBUG com.wimfra.tourplanner.dataaccesslayer.DBService - Database connection successfully closed!
2022-07-10 11:20:08.336 [main] DEBUG com.wimfra.tourplanner.dataaccesslayer.DBService - Database connection successfully established!
2022-07-10 11:20:08.354 [main] DEBUG com.wimfra.tourplanner.dataaccesslayer.DBService - Database connection successfully established!
2022-07-10 11:20:08.374 [main] DEBUG com.wimfra.tourplanner.dataaccesslayer.DBService - Database connection successfully established!
2022-07-10 11:20:08.374 [main] DEBUG com.wimfra.tourplanner.dataaccesslayer.DBService - Getting a (specific) single log from the database..
2022-07-10 11:20:08.377 [main] DEBUG com.wimfra.tourplanner.dataaccesslayer.DBService - Database connection successfully closed!
2022-07-10 11:20:08.392 [main] DEBUG com.wimfra.tourplanner.dataaccesslayer.DBService - Database connection successfully established!
2022-07-10 11:20:08.396 [main] DEBUG com.wimfra.tourplanner.dataaccesslayer.DBService - Database connection successfully closed!
2022-07-10 11:20:08.396 [main] DEBUG com.wimfra.tourplanner.dataaccesslayer.DBService - Database connection successfully closed!
2022-07-10 11:20:08.410 [main] DEBUG com.wimfra.tourplanner.dataaccesslayer.DBService - Database connection successfully established!
2022-07-10 11:20:08.410 [main] DEBUG com.wimfra.tourplanner.dataaccesslayer.DBService - Deleting a single tour from the database..
2022-07-10 11:20:08.413 [main] DEBUG com.wimfra.tourplanner.dataaccesslayer.DBService - Database connection successfully closed!
2022-07-10 11:20:08.413 [main] DEBUG com.wimfra.tourplanner.dataaccesslayer.DBService - Database connection successfully closed!
2022-07-10 11:20:08.432 [main] DEBUG com.wimfra.tourplanner.dataaccesslayer.DBService - Database connection successfully established!
2022-07-10 11:20:08.478 [main] DEBUG com.wimfra.tourplanner.dataaccesslayer.DBService - Database connection successfully established!
2022-07-10 11:20:08.496 [main] DEBUG com.wimfra.tourplanner.dataaccesslayer.DBService - Database connection successfully established!
2022-07-10 11:20:08.496 [main] DEBUG com.wimfra.tourplanner.dataaccesslayer.DBService - Getting a (specific) single tour from the database..
2022-07-10 11:20:08.498 [main] DEBUG com.wimfra.tourplanner.dataaccesslayer.DBService - Database connection successfully closed!
2022-07-10 11:20:08.511 [main] DEBUG com.wimfra.tourplanner.dataaccesslayer.DBService - Database connection successfully established!
2022-07-10 11:20:08.513 [main] DEBUG com.wimfra.tourplanner.dataaccesslayer.DBService - Database connection successfully closed!
2022-07-10 11:20:08.528 [main] DEBUG com.wimfra.tourplanner.dataaccesslayer.DBService - Database connection successfully established!
2022-07-10 11:20:08.528 [main] DEBUG com.wimfra.tourplanner.dataaccesslayer.DBService - Deleting a single tour from the database..
2022-07-10 11:20:08.531 [main] DEBUG com.wimfra.tourplanner.dataaccesslayer.DBService - Database connection successfully closed!
2022-07-10 11:20:08.531 [main] DEBUG com.wimfra.tourplanner.dataaccesslayer.DBService - Database connection successfully closed!
2022-07-10 11:20:08.547 [main] DEBUG com.wimfra.tourplanner.dataaccesslayer.DBService - Database connection successfully established!
2022-07-10 11:20:08.563 [main] DEBUG com.wimfra.tourplanner.dataaccesslayer.DBService - Database connection successfully established!
2022-07-10 11:20:08.564 [main] DEBUG com.wimfra.tourplanner.dataaccesslayer.DBService - Database connection successfully closed!
2022-07-10 11:20:08.576 [main] DEBUG com.wimfra.tourplanner.dataaccesslayer.DBService - Database connection successfully established!
2022-07-10 11:20:08.576 [main] DEBUG com.wimfra.tourplanner.dataaccesslayer.DBService - Deleting a single tour from the database..
2022-07-10 11:20:08.579 [main] DEBUG com.wimfra.tourplanner.dataaccesslayer.DBService - Database connection successfully closed!
2022-07-10 11:20:08.580 [main] DEBUG com.wimfra.tourplanner.dataaccesslayer.DBService - Database connection successfully closed!
2022-07-10 11:20:08.593 [main] DEBUG com.wimfra.tourplanner.dataaccesslayer.DBService - Database connection successfully established!
2022-07-10 11:20:08.593 [main] DEBUG com.wimfra.tourplanner.dataaccesslayer.DBService - Getting a (specific) single tour from the database..
2022-07-10 11:20:08.615 [main] DEBUG com.wimfra.tourplanner.dataaccesslayer.DBService - Database connection successfully established!
2022-07-10 11:20:08.618 [main] DEBUG com.wimfra.tourplanner.dataaccesslayer.DBService - Database connection successfully closed!
2022-07-10 11:20:08.630 [main] DEBUG com.wimfra.tourplanner.dataaccesslayer.DBService - Database connection successfully established!
2022-07-10 11:20:08.631 [main] DEBUG com.wimfra.tourplanner.dataaccesslayer.DBService - Deleting a single tour from the database..
2022-07-10 11:20:08.633 [main] DEBUG com.wimfra.tourplanner.dataaccesslayer.DBService - Database connection successfully closed!
2022-07-10 11:20:08.648 [main] DEBUG com.wimfra.tourplanner.dataaccesslayer.DBService - Database connection successfully established!
2022-07-10 11:20:08.663 [main] DEBUG com.wimfra.tourplanner.dataaccesslayer.DBService - Database connection successfully established!
2022-07-10 11:20:08.663 [main] DEBUG com.wimfra.tourplanner.dataaccesslayer.DBService - Editing a specific single tour in the database..
2022-07-10 11:20:08.666 [main] DEBUG com.wimfra.tourplanner.dataaccesslayer.DBService - Database connection successfully closed!
2022-07-10 11:20:08.679 [main] DEBUG com.wimfra.tourplanner.dataaccesslayer.DBService - Database connection successfully established!
2022-07-10 11:20:08.679 [main] DEBUG com.wimfra.tourplanner.dataaccesslayer.DBService - Getting a (specific) single tour from the database..
2022-07-10 11:20:08.682 [main] DEBUG com.wimfra.tourplanner.dataaccesslayer.DBService - Database connection successfully closed!
2022-07-10 11:20:08.694 [main] DEBUG com.wimfra.tourplanner.dataaccesslayer.DBService - Database connection successfully established!
2022-07-10 11:20:08.697 [main] DEBUG com.wimfra.tourplanner.dataaccesslayer.DBService - Database connection successfully closed!
2022-07-10 11:20:08.714 [main] DEBUG com.wimfra.tourplanner.dataaccesslayer.DBService - Database connection successfully established!
2022-07-10 11:20:08.714 [main] DEBUG com.wimfra.tourplanner.dataaccesslayer.DBService - Deleting a single tour from the database..
2022-07-10 11:20:08.717 [main] DEBUG com.wimfra.tourplanner.dataaccesslayer.DBService - Database connection successfully closed!
2022-07-10 11:20:08.717 [main] DEBUG com.wimfra.tourplanner.dataaccesslayer.DBService - Database connection successfully closed!
2022-07-10 11:20:08.731 [main] DEBUG com.wimfra.tourplanner.dataaccesslayer.DBService - Database connection successfully established!
