2022-07-10 17:00:47.800 [JavaFX Application Thread] DEBUG com.wimfra.tourplanner.TourPlannerApplication - Program is starting
2022-07-10 17:00:47.802 [JavaFX Application Thread] DEBUG com.wimfra.tourplanner.TourPlannerApplication - Loading stage...
2022-07-10 17:00:47.821 [JavaFX Application Thread] DEBUG com.wimfra.tourplanner.configuration.PropertyConfigurationReader - Reading properties from file
2022-07-10 17:00:47.962 [JavaFX Application Thread] DEBUG com.wimfra.tourplanner.view.MenubarController - Setting up 'menubar-view.fxml'
2022-07-10 17:00:48.116 [JavaFX Application Thread] DEBUG com.wimfra.tourplanner.view.TourListController - Setting up 'tour-list-view.fxml'
2022-07-10 17:00:48.431 [JavaFX Application Thread] DEBUG com.wimfra.tourplanner.dataaccesslayer.DBService - Database connection successfully established!
2022-07-10 17:00:48.432 [JavaFX Application Thread] DEBUG com.wimfra.tourplanner.dataaccesslayer.DBService - Getting all tours from the database..
2022-07-10 17:00:48.445 [JavaFX Application Thread] DEBUG com.wimfra.tourplanner.dataaccesslayer.DBService - Database connection successfully closed!
2022-07-10 17:00:48.474 [JavaFX Application Thread] DEBUG com.wimfra.tourplanner.view.RouteController - Setting up 'route-view.fxml'
2022-07-10 17:00:48.506 [JavaFX Application Thread] DEBUG com.wimfra.tourplanner.view.LogViewController - Setting up 'log-view.fxml'
2022-07-10 17:00:48.521 [JavaFX Application Thread] DEBUG com.wimfra.tourplanner.dataaccesslayer.DBService - Database connection successfully established!
2022-07-10 17:00:48.521 [JavaFX Application Thread] DEBUG com.wimfra.tourplanner.dataaccesslayer.DBService - Getting all logs from the database..
2022-07-10 17:00:48.524 [JavaFX Application Thread] DEBUG com.wimfra.tourplanner.dataaccesslayer.DBService - Database connection successfully closed!
2022-07-10 17:00:49.006 [JavaFX Application Thread] DEBUG com.wimfra.tourplanner.TourPlannerApplication - Loading completed!
2022-07-10 17:00:50.804 [JavaFX Application Thread] DEBUG com.wimfra.tourplanner.dataaccesslayer.DBService - Database connection successfully established!
2022-07-10 17:00:50.804 [JavaFX Application Thread] DEBUG com.wimfra.tourplanner.dataaccesslayer.DBService - Getting a (specific) single tour from the database..
2022-07-10 17:00:50.808 [JavaFX Application Thread] DEBUG com.wimfra.tourplanner.dataaccesslayer.DBService - Database connection successfully closed!
2022-07-10 17:01:10.881 [JavaFX Application Thread] DEBUG com.wimfra.tourplanner.dataaccesslayer.DBService - Database connection successfully established!
2022-07-10 17:01:10.881 [JavaFX Application Thread] DEBUG com.wimfra.tourplanner.dataaccesslayer.DBService - Getting all tours from the database..
2022-07-10 17:01:10.883 [JavaFX Application Thread] DEBUG com.wimfra.tourplanner.dataaccesslayer.DBService - Database connection successfully closed!
2022-07-10 17:01:13.371 [JavaFX Application Thread] DEBUG com.wimfra.tourplanner.dataaccesslayer.DBService - Database connection successfully established!
2022-07-10 17:01:13.371 [JavaFX Application Thread] DEBUG com.wimfra.tourplanner.dataaccesslayer.DBService - Getting all tours from the database..
2022-07-10 17:01:13.373 [JavaFX Application Thread] DEBUG com.wimfra.tourplanner.dataaccesslayer.DBService - Database connection successfully closed!
2022-07-10 17:01:15.205 [JavaFX Application Thread] DEBUG com.wimfra.tourplanner.dataaccesslayer.DBService - Database connection successfully established!
2022-07-10 17:01:15.206 [JavaFX Application Thread] DEBUG com.wimfra.tourplanner.dataaccesslayer.DBService - Getting a (specific) single tour from the database..
2022-07-10 17:01:15.208 [JavaFX Application Thread] DEBUG com.wimfra.tourplanner.dataaccesslayer.DBService - Database connection successfully closed!
2022-07-10 17:01:17.566 [JavaFX Application Thread] DEBUG com.wimfra.tourplanner.dataaccesslayer.DBService - Database connection successfully established!
2022-07-10 17:01:17.567 [JavaFX Application Thread] DEBUG com.wimfra.tourplanner.dataaccesslayer.DBService - Getting a (specific) single tour from the database..
2022-07-10 17:01:17.569 [JavaFX Application Thread] DEBUG com.wimfra.tourplanner.dataaccesslayer.DBService - Database connection successfully closed!
2022-07-10 17:01:17.937 [JavaFX Application Thread] DEBUG com.wimfra.tourplanner.dataaccesslayer.DBService - Database connection successfully established!
2022-07-10 17:01:17.937 [JavaFX Application Thread] DEBUG com.wimfra.tourplanner.dataaccesslayer.DBService - Getting a (specific) single tour from the database..
2022-07-10 17:01:17.939 [JavaFX Application Thread] DEBUG com.wimfra.tourplanner.dataaccesslayer.DBService - Database connection successfully closed!
2022-07-10 17:01:17.957 [JavaFX Application Thread] DEBUG com.wimfra.tourplanner.view.EditTourController - Setting up 'edit-tour-view.fxml'
2022-07-10 17:01:17.971 [JavaFX Application Thread] DEBUG com.wimfra.tourplanner.dataaccesslayer.DBService - Database connection successfully established!
2022-07-10 17:01:17.971 [JavaFX Application Thread] DEBUG com.wimfra.tourplanner.dataaccesslayer.DBService - Getting a (specific) single tour from the database..
2022-07-10 17:01:17.973 [JavaFX Application Thread] DEBUG com.wimfra.tourplanner.dataaccesslayer.DBService - Database connection successfully closed!
2022-07-10 17:01:17.973 [JavaFX Application Thread] DEBUG com.wimfra.tourplanner.view.EditTourController - Loading selected tour data...
2022-07-10 17:01:20.646 [JavaFX Application Thread] DEBUG com.wimfra.tourplanner.dataaccesslayer.DBService - Database connection successfully established!
2022-07-10 17:01:20.646 [JavaFX Application Thread] DEBUG com.wimfra.tourplanner.dataaccesslayer.DBService - Getting a (specific) single tour from the database..
2022-07-10 17:01:20.648 [JavaFX Application Thread] DEBUG com.wimfra.tourplanner.dataaccesslayer.DBService - Database connection successfully closed!
2022-07-10 17:01:20.678 [JavaFX Application Thread] DEBUG com.wimfra.tourplanner.view.AddLogController - Setting up 'add-log-view.fxml'
2022-07-10 17:01:27.239 [JavaFX Application Thread] DEBUG com.wimfra.tourplanner.view.AddLogController - Creating a new log...
2022-07-10 17:01:27.253 [JavaFX Application Thread] DEBUG com.wimfra.tourplanner.dataaccesslayer.DBService - Database connection successfully established!
2022-07-10 17:01:27.253 [JavaFX Application Thread] DEBUG com.wimfra.tourplanner.dataaccesslayer.DBService - Creating a new log in the database..
2022-07-10 17:01:27.258 [JavaFX Application Thread] DEBUG com.wimfra.tourplanner.dataaccesslayer.DBService - Database connection successfully closed!
2022-07-10 17:01:27.259 [JavaFX Application Thread] DEBUG com.wimfra.tourplanner.viewmodel.AddLogViewModel - Creating new log finished!
2022-07-10 17:01:27.272 [JavaFX Application Thread] DEBUG com.wimfra.tourplanner.dataaccesslayer.DBService - Database connection successfully established!
2022-07-10 17:01:27.272 [JavaFX Application Thread] DEBUG com.wimfra.tourplanner.dataaccesslayer.DBService - Getting all logs from the database..
2022-07-10 17:01:27.288 [JavaFX Application Thread] DEBUG com.wimfra.tourplanner.dataaccesslayer.DBService - Database connection successfully established!
2022-07-10 17:01:27.288 [JavaFX Application Thread] DEBUG com.wimfra.tourplanner.dataaccesslayer.DBService - Getting a (specific) single tour from the database..
2022-07-10 17:01:27.291 [JavaFX Application Thread] DEBUG com.wimfra.tourplanner.dataaccesslayer.DBService - Database connection successfully closed!
2022-07-10 17:01:27.291 [JavaFX Application Thread] DEBUG com.wimfra.tourplanner.dataaccesslayer.DBService - Database connection successfully closed!
2022-07-10 17:01:27.305 [JavaFX Application Thread] DEBUG com.wimfra.tourplanner.dataaccesslayer.DBService - Database connection successfully established!
2022-07-10 17:01:27.305 [JavaFX Application Thread] DEBUG com.wimfra.tourplanner.dataaccesslayer.DBService - Getting a (specific) single tour from the database..
2022-07-10 17:01:27.307 [JavaFX Application Thread] DEBUG com.wimfra.tourplanner.dataaccesslayer.DBService - Database connection successfully closed!
2022-07-10 17:01:27.328 [JavaFX Application Thread] DEBUG com.wimfra.tourplanner.dataaccesslayer.DBService - Database connection successfully established!
2022-07-10 17:01:27.328 [JavaFX Application Thread] DEBUG com.wimfra.tourplanner.dataaccesslayer.DBService - Getting all tours from the database..
2022-07-10 17:01:27.330 [JavaFX Application Thread] DEBUG com.wimfra.tourplanner.dataaccesslayer.DBService - Database connection successfully closed!
2022-07-10 17:01:31.170 [JavaFX Application Thread] DEBUG com.wimfra.tourplanner.dataaccesslayer.DBService - Database connection successfully established!
2022-07-10 17:01:31.170 [JavaFX Application Thread] DEBUG com.wimfra.tourplanner.dataaccesslayer.DBService - Getting all logs from the database..
2022-07-10 17:01:31.185 [JavaFX Application Thread] DEBUG com.wimfra.tourplanner.dataaccesslayer.DBService - Database connection successfully established!
2022-07-10 17:01:31.185 [JavaFX Application Thread] DEBUG com.wimfra.tourplanner.dataaccesslayer.DBService - Getting a (specific) single tour from the database..
2022-07-10 17:01:31.187 [JavaFX Application Thread] DEBUG com.wimfra.tourplanner.dataaccesslayer.DBService - Database connection successfully closed!
2022-07-10 17:01:31.188 [JavaFX Application Thread] DEBUG com.wimfra.tourplanner.dataaccesslayer.DBService - Database connection successfully closed!
2022-07-10 17:01:32.624 [JavaFX Application Thread] DEBUG com.wimfra.tourplanner.dataaccesslayer.DBService - Database connection successfully established!
2022-07-10 17:01:32.624 [JavaFX Application Thread] DEBUG com.wimfra.tourplanner.dataaccesslayer.DBService - Getting all tours from the database..
2022-07-10 17:01:32.626 [JavaFX Application Thread] DEBUG com.wimfra.tourplanner.dataaccesslayer.DBService - Database connection successfully closed!
2022-07-10 17:01:34.288 [JavaFX Application Thread] DEBUG com.wimfra.tourplanner.dataaccesslayer.DBService - Database connection successfully established!
2022-07-10 17:01:34.289 [JavaFX Application Thread] DEBUG com.wimfra.tourplanner.dataaccesslayer.DBService - Deleting a specific log from the database..
2022-07-10 17:01:34.291 [JavaFX Application Thread] DEBUG com.wimfra.tourplanner.dataaccesslayer.DBService - Database connection successfully closed!
2022-07-10 17:01:34.292 [JavaFX Application Thread] DEBUG com.wimfra.tourplanner.dataaccesslayer.DBService - Database connection successfully closed!
2022-07-10 17:01:34.304 [JavaFX Application Thread] DEBUG com.wimfra.tourplanner.dataaccesslayer.DBService - Database connection successfully established!
2022-07-10 17:01:34.305 [JavaFX Application Thread] DEBUG com.wimfra.tourplanner.dataaccesslayer.DBService - Getting all logs from the database..
2022-07-10 17:01:34.306 [JavaFX Application Thread] DEBUG com.wimfra.tourplanner.dataaccesslayer.DBService - Database connection successfully closed!
2022-07-10 17:01:37.848 [JavaFX Application Thread] DEBUG com.wimfra.tourplanner.dataaccesslayer.DBService - Database connection successfully established!
2022-07-10 17:01:37.848 [JavaFX Application Thread] DEBUG com.wimfra.tourplanner.dataaccesslayer.DBService - Getting a (specific) single tour from the database..
2022-07-10 17:01:37.850 [JavaFX Application Thread] DEBUG com.wimfra.tourplanner.dataaccesslayer.DBService - Database connection successfully closed!
2022-07-10 17:01:40.479 [JavaFX Application Thread] DEBUG com.wimfra.tourplanner.businesslayer.mapquest.MapQuestAPI - Generating a report of a single tour..
2022-07-10 17:01:41.596 [JavaFX Application Thread] WARN  com.itextpdf.layout.renderer.RootRenderer - Element does not fit current area. 
2022-07-10 17:01:41.689 [JavaFX Application Thread] DEBUG com.wimfra.tourplanner.dataaccesslayer.DBService - Database connection successfully established!
2022-07-10 17:01:41.689 [JavaFX Application Thread] DEBUG com.wimfra.tourplanner.dataaccesslayer.DBService - Getting a (specific) single tour from the database..
2022-07-10 17:01:41.692 [JavaFX Application Thread] DEBUG com.wimfra.tourplanner.dataaccesslayer.DBService - Database connection successfully closed!
2022-07-10 17:01:41.707 [JavaFX Application Thread] WARN  com.itextpdf.layout.renderer.TableRenderer - Last row is not completed. Table bottom border may collapse as you do not expect it
2022-07-10 17:01:41.709 [JavaFX Application Thread] WARN  com.itextpdf.layout.renderer.TableRenderer - Last row is not completed. Table bottom border may collapse as you do not expect it
2022-07-10 17:01:41.737 [JavaFX Application Thread] DEBUG com.wimfra.tourplanner.dataaccesslayer.DBService - Database connection successfully established!
2022-07-10 17:01:41.737 [JavaFX Application Thread] DEBUG com.wimfra.tourplanner.dataaccesslayer.DBService - Getting all logs for a specific tour from the database..
2022-07-10 17:01:41.739 [JavaFX Application Thread] DEBUG com.wimfra.tourplanner.dataaccesslayer.DBService - Database connection successfully closed!
2022-07-10 17:01:41.750 [JavaFX Application Thread] WARN  com.itextpdf.layout.renderer.RootRenderer - Element does not fit current area. 
2022-07-10 17:01:41.762 [JavaFX Application Thread] DEBUG com.wimfra.tourplanner.businesslayer.mapquest.MapQuestAPI - Generating a report of a single tour finished!
2022-07-10 17:01:44.135 [JavaFX Application Thread] DEBUG com.wimfra.tourplanner.view.MenubarController - Generating a summarized report of all tours...
2022-07-10 17:01:44.136 [JavaFX Application Thread] DEBUG com.wimfra.tourplanner.businesslayer.mapquest.MapQuestAPI - Generating a summarized tour report...
2022-07-10 17:01:44.270 [JavaFX Application Thread] WARN  com.itextpdf.layout.renderer.RootRenderer - Element does not fit current area. 
2022-07-10 17:01:44.287 [JavaFX Application Thread] DEBUG com.wimfra.tourplanner.dataaccesslayer.DBService - Database connection successfully established!
2022-07-10 17:01:44.287 [JavaFX Application Thread] DEBUG com.wimfra.tourplanner.dataaccesslayer.DBService - Getting all tours from the database..
2022-07-10 17:01:44.289 [JavaFX Application Thread] DEBUG com.wimfra.tourplanner.dataaccesslayer.DBService - Database connection successfully closed!
2022-07-10 17:01:44.305 [JavaFX Application Thread] DEBUG com.wimfra.tourplanner.dataaccesslayer.DBService - Database connection successfully established!
2022-07-10 17:01:44.305 [JavaFX Application Thread] DEBUG com.wimfra.tourplanner.dataaccesslayer.DBService - Getting all logs for a specific tour from the database..
2022-07-10 17:01:44.308 [JavaFX Application Thread] DEBUG com.wimfra.tourplanner.dataaccesslayer.DBService - Database connection successfully closed!
2022-07-10 17:01:44.322 [JavaFX Application Thread] DEBUG com.wimfra.tourplanner.dataaccesslayer.DBService - Database connection successfully established!
2022-07-10 17:01:44.323 [JavaFX Application Thread] DEBUG com.wimfra.tourplanner.dataaccesslayer.DBService - Getting all logs for a specific tour from the database..
2022-07-10 17:01:44.325 [JavaFX Application Thread] DEBUG com.wimfra.tourplanner.dataaccesslayer.DBService - Database connection successfully closed!
2022-07-10 17:01:44.334 [JavaFX Application Thread] DEBUG com.wimfra.tourplanner.businesslayer.mapquest.MapQuestAPI - Generating a summarized tour report finished!
2022-07-10 17:01:44.334 [JavaFX Application Thread] DEBUG com.wimfra.tourplanner.viewmodel.MenubarViewModel - Summarized Tour Report has been created successfully!
2022-07-10 17:01:49.012 [JavaFX Application Thread] DEBUG com.wimfra.tourplanner.businesslayer.file.CSVFileExport - Starting the export of a single tour into a csv file...
2022-07-10 17:01:49.028 [JavaFX Application Thread] DEBUG com.wimfra.tourplanner.dataaccesslayer.DBService - Database connection successfully established!
2022-07-10 17:01:49.029 [JavaFX Application Thread] DEBUG com.wimfra.tourplanner.dataaccesslayer.DBService - Getting a (specific) single tour from the database..
2022-07-10 17:01:49.030 [JavaFX Application Thread] DEBUG com.wimfra.tourplanner.dataaccesslayer.DBService - Database connection successfully closed!
2022-07-10 17:01:49.032 [JavaFX Application Thread] DEBUG com.wimfra.tourplanner.businesslayer.file.CSVFileExport - Export of tour into csv file finished successfully!
2022-07-10 17:01:59.367 [JavaFX Application Thread] DEBUG com.wimfra.tourplanner.businesslayer.file.CSVFileImport - Starting import of a new tour...
2022-07-10 17:01:59.367 [JavaFX Application Thread] DEBUG com.wimfra.tourplanner.businesslayer.file.CSVFileImport - Reading tourdata from chosen file..
2022-07-10 17:01:59.368 [JavaFX Application Thread] DEBUG com.wimfra.tourplanner.businesslayer.file.CSVFileImport - Reading tourdata finsihed!
2022-07-10 17:01:59.381 [JavaFX Application Thread] DEBUG com.wimfra.tourplanner.dataaccesslayer.DBService - Database connection successfully established!
2022-07-10 17:01:59.381 [JavaFX Application Thread] DEBUG com.wimfra.tourplanner.dataaccesslayer.DBService - Creating new tour in the database..
2022-07-10 17:01:59.385 [JavaFX Application Thread] DEBUG com.wimfra.tourplanner.dataaccesslayer.DBService - Database connection successfully closed!
2022-07-10 17:01:59.398 [JavaFX Application Thread] DEBUG com.wimfra.tourplanner.dataaccesslayer.DBService - Database connection successfully established!
2022-07-10 17:01:59.399 [JavaFX Application Thread] DEBUG com.wimfra.tourplanner.dataaccesslayer.DBService - Getting a (specific) single tour from the database..
2022-07-10 17:01:59.400 [JavaFX Application Thread] DEBUG com.wimfra.tourplanner.dataaccesslayer.DBService - Database connection successfully closed!
2022-07-10 17:01:59.402 [JavaFX Application Thread] DEBUG com.wimfra.tourplanner.businesslayer.mapquest.MapQuestAPI - Getting directions from MapQuestAPI...
2022-07-10 17:02:00.369 [JavaFX Application Thread] DEBUG com.wimfra.tourplanner.businesslayer.mapquest.MapQuestAPI - Received directions from MapQuestAPI successfully!
2022-07-10 17:02:00.369 [JavaFX Application Thread] DEBUG com.wimfra.tourplanner.businesslayer.mapquest.MapQuestAPI - Getting map from MapQuestAPI...
2022-07-10 17:02:01.514 [JavaFX Application Thread] DEBUG com.wimfra.tourplanner.businesslayer.mapquest.MapQuestAPI - Received map from MapQuestAPI successfully!
2022-07-10 17:02:01.516 [JavaFX Application Thread] INFO  com.wimfra.tourplanner.businesslayer.ManageTourServiceImpl - Tour image created
2022-07-10 17:02:01.532 [JavaFX Application Thread] DEBUG com.wimfra.tourplanner.dataaccesslayer.DBService - Database connection successfully established!
2022-07-10 17:02:01.532 [JavaFX Application Thread] DEBUG com.wimfra.tourplanner.dataaccesslayer.DBService - Getting all tours from the database..
2022-07-10 17:02:01.534 [JavaFX Application Thread] DEBUG com.wimfra.tourplanner.dataaccesslayer.DBService - Database connection successfully closed!
2022-07-10 17:02:01.547 [JavaFX Application Thread] DEBUG com.wimfra.tourplanner.dataaccesslayer.DBService - Database connection successfully established!
2022-07-10 17:02:01.547 [JavaFX Application Thread] DEBUG com.wimfra.tourplanner.dataaccesslayer.DBService - Getting a (specific) single tour from the database..
2022-07-10 17:02:01.549 [JavaFX Application Thread] DEBUG com.wimfra.tourplanner.dataaccesslayer.DBService - Database connection successfully closed!
2022-07-10 17:02:01.557 [JavaFX Application Thread] DEBUG com.wimfra.tourplanner.businesslayer.file.CSVFileImport - Import of new tour finished successfully!
2022-07-10 17:02:01.570 [JavaFX Application Thread] DEBUG com.wimfra.tourplanner.dataaccesslayer.DBService - Database connection successfully established!
2022-07-10 17:02:01.571 [JavaFX Application Thread] DEBUG com.wimfra.tourplanner.dataaccesslayer.DBService - Getting all logs from the database..
2022-07-10 17:02:01.572 [JavaFX Application Thread] DEBUG com.wimfra.tourplanner.dataaccesslayer.DBService - Database connection successfully closed!
2022-07-10 17:02:01.584 [JavaFX Application Thread] DEBUG com.wimfra.tourplanner.dataaccesslayer.DBService - Database connection successfully established!
2022-07-10 17:02:01.585 [JavaFX Application Thread] DEBUG com.wimfra.tourplanner.dataaccesslayer.DBService - Getting a (specific) single tour from the database..
2022-07-10 17:02:01.586 [JavaFX Application Thread] DEBUG com.wimfra.tourplanner.dataaccesslayer.DBService - Database connection successfully closed!
2022-07-10 17:02:01.607 [JavaFX Application Thread] DEBUG com.wimfra.tourplanner.dataaccesslayer.DBService - Database connection successfully established!
2022-07-10 17:02:01.607 [JavaFX Application Thread] DEBUG com.wimfra.tourplanner.dataaccesslayer.DBService - Getting all tours from the database..
2022-07-10 17:02:01.609 [JavaFX Application Thread] DEBUG com.wimfra.tourplanner.dataaccesslayer.DBService - Database connection successfully closed!
2022-07-10 17:02:02.585 [JavaFX Application Thread] DEBUG com.wimfra.tourplanner.dataaccesslayer.DBService - Database connection successfully established!
2022-07-10 17:02:02.585 [JavaFX Application Thread] DEBUG com.wimfra.tourplanner.dataaccesslayer.DBService - Getting a (specific) single tour from the database..
2022-07-10 17:02:02.587 [JavaFX Application Thread] DEBUG com.wimfra.tourplanner.dataaccesslayer.DBService - Database connection successfully closed!
2022-07-10 17:02:06.424 [JavaFX Application Thread] DEBUG com.wimfra.tourplanner.dataaccesslayer.DBService - Database connection successfully established!
2022-07-10 17:02:06.424 [JavaFX Application Thread] DEBUG com.wimfra.tourplanner.dataaccesslayer.DBService - Getting a (specific) single tour from the database..
2022-07-10 17:02:06.426 [JavaFX Application Thread] DEBUG com.wimfra.tourplanner.dataaccesslayer.DBService - Database connection successfully closed!
2022-07-10 17:02:06.692 [JavaFX Application Thread] DEBUG com.wimfra.tourplanner.dataaccesslayer.DBService - Database connection successfully established!
2022-07-10 17:02:06.692 [JavaFX Application Thread] DEBUG com.wimfra.tourplanner.dataaccesslayer.DBService - Getting a (specific) single tour from the database..
2022-07-10 17:02:06.694 [JavaFX Application Thread] DEBUG com.wimfra.tourplanner.dataaccesslayer.DBService - Database connection successfully closed!
2022-07-10 17:02:07.540 [JavaFX Application Thread] DEBUG com.wimfra.tourplanner.view.ClickMeController - Setting up 'click-me-view.fxml'
2022-07-10 17:02:08.479 [JavaFX Application Thread] DEBUG com.wimfra.tourplanner.view.ClickMeController - Loading the secret information...
2022-07-10 17:02:13.978 [JavaFX Application Thread] DEBUG com.wimfra.tourplanner.dataaccesslayer.DBService - Database connection successfully established!
2022-07-10 17:02:13.978 [JavaFX Application Thread] DEBUG com.wimfra.tourplanner.dataaccesslayer.DBService - Getting a (specific) single tour from the database..
2022-07-10 17:02:13.980 [JavaFX Application Thread] DEBUG com.wimfra.tourplanner.dataaccesslayer.DBService - Database connection successfully closed!
2022-07-10 17:02:14.311 [JavaFX Application Thread] DEBUG com.wimfra.tourplanner.dataaccesslayer.DBService - Database connection successfully established!
2022-07-10 17:02:14.311 [JavaFX Application Thread] DEBUG com.wimfra.tourplanner.dataaccesslayer.DBService - Getting a (specific) single tour from the database..
2022-07-10 17:02:14.313 [JavaFX Application Thread] DEBUG com.wimfra.tourplanner.dataaccesslayer.DBService - Database connection successfully closed!
2022-07-10 17:02:14.594 [JavaFX Application Thread] DEBUG com.wimfra.tourplanner.dataaccesslayer.DBService - Database connection successfully established!
2022-07-10 17:02:14.594 [JavaFX Application Thread] DEBUG com.wimfra.tourplanner.dataaccesslayer.DBService - Getting a (specific) single tour from the database..
2022-07-10 17:02:14.596 [JavaFX Application Thread] DEBUG com.wimfra.tourplanner.dataaccesslayer.DBService - Database connection successfully closed!
2022-07-10 17:02:16.058 [JavaFX Application Thread] DEBUG com.wimfra.tourplanner.businesslayer.file.CSVFileExport - Starting the export of a single tour into a csv file...
2022-07-10 17:02:16.071 [JavaFX Application Thread] DEBUG com.wimfra.tourplanner.dataaccesslayer.DBService - Database connection successfully established!
2022-07-10 17:02:16.071 [JavaFX Application Thread] DEBUG com.wimfra.tourplanner.dataaccesslayer.DBService - Getting a (specific) single tour from the database..
2022-07-10 17:02:16.073 [JavaFX Application Thread] DEBUG com.wimfra.tourplanner.dataaccesslayer.DBService - Database connection successfully closed!
2022-07-10 17:02:16.074 [JavaFX Application Thread] DEBUG com.wimfra.tourplanner.businesslayer.file.CSVFileExport - Export of tour into csv file finished successfully!
2022-07-10 17:02:27.988 [JavaFX Application Thread] DEBUG com.wimfra.tourplanner.businesslayer.file.CSVFileImport - Starting import of a new tour...
2022-07-10 17:02:27.989 [JavaFX Application Thread] DEBUG com.wimfra.tourplanner.businesslayer.file.CSVFileImport - Reading tourdata from chosen file..
2022-07-10 17:02:27.989 [JavaFX Application Thread] DEBUG com.wimfra.tourplanner.businesslayer.file.CSVFileImport - Reading tourdata finsihed!
2022-07-10 17:02:28.004 [JavaFX Application Thread] DEBUG com.wimfra.tourplanner.dataaccesslayer.DBService - Database connection successfully established!
2022-07-10 17:02:28.004 [JavaFX Application Thread] DEBUG com.wimfra.tourplanner.dataaccesslayer.DBService - Creating new tour in the database..
2022-07-10 17:02:28.007 [JavaFX Application Thread] DEBUG com.wimfra.tourplanner.dataaccesslayer.DBService - Database connection successfully closed!
2022-07-10 17:02:28.021 [JavaFX Application Thread] DEBUG com.wimfra.tourplanner.dataaccesslayer.DBService - Database connection successfully established!
2022-07-10 17:02:28.021 [JavaFX Application Thread] DEBUG com.wimfra.tourplanner.dataaccesslayer.DBService - Getting a (specific) single tour from the database..
2022-07-10 17:02:28.023 [JavaFX Application Thread] DEBUG com.wimfra.tourplanner.dataaccesslayer.DBService - Database connection successfully closed!
2022-07-10 17:02:28.024 [JavaFX Application Thread] DEBUG com.wimfra.tourplanner.businesslayer.mapquest.MapQuestAPI - Getting directions from MapQuestAPI...
2022-07-10 17:02:29.428 [JavaFX Application Thread] DEBUG com.wimfra.tourplanner.businesslayer.mapquest.MapQuestAPI - Received directions from MapQuestAPI successfully!
2022-07-10 17:02:29.428 [JavaFX Application Thread] DEBUG com.wimfra.tourplanner.businesslayer.mapquest.MapQuestAPI - Getting map from MapQuestAPI...
2022-07-10 17:02:31.389 [JavaFX Application Thread] DEBUG com.wimfra.tourplanner.businesslayer.mapquest.MapQuestAPI - Received map from MapQuestAPI successfully!
2022-07-10 17:02:31.390 [JavaFX Application Thread] INFO  com.wimfra.tourplanner.businesslayer.ManageTourServiceImpl - Tour image created
2022-07-10 17:02:31.405 [JavaFX Application Thread] DEBUG com.wimfra.tourplanner.dataaccesslayer.DBService - Database connection successfully established!
2022-07-10 17:02:31.406 [JavaFX Application Thread] DEBUG com.wimfra.tourplanner.dataaccesslayer.DBService - Getting all tours from the database..
2022-07-10 17:02:31.408 [JavaFX Application Thread] DEBUG com.wimfra.tourplanner.dataaccesslayer.DBService - Database connection successfully closed!
2022-07-10 17:02:31.423 [JavaFX Application Thread] DEBUG com.wimfra.tourplanner.dataaccesslayer.DBService - Database connection successfully established!
2022-07-10 17:02:31.423 [JavaFX Application Thread] DEBUG com.wimfra.tourplanner.dataaccesslayer.DBService - Getting a (specific) single tour from the database..
2022-07-10 17:02:31.425 [JavaFX Application Thread] DEBUG com.wimfra.tourplanner.dataaccesslayer.DBService - Database connection successfully closed!
2022-07-10 17:02:31.432 [JavaFX Application Thread] DEBUG com.wimfra.tourplanner.businesslayer.file.CSVFileImport - Import of new tour finished successfully!
2022-07-10 17:02:31.448 [JavaFX Application Thread] DEBUG com.wimfra.tourplanner.dataaccesslayer.DBService - Database connection successfully established!
2022-07-10 17:02:31.449 [JavaFX Application Thread] DEBUG com.wimfra.tourplanner.dataaccesslayer.DBService - Getting all logs from the database..
2022-07-10 17:02:31.451 [JavaFX Application Thread] DEBUG com.wimfra.tourplanner.dataaccesslayer.DBService - Database connection successfully closed!
2022-07-10 17:02:31.464 [JavaFX Application Thread] DEBUG com.wimfra.tourplanner.dataaccesslayer.DBService - Database connection successfully established!
2022-07-10 17:02:31.465 [JavaFX Application Thread] DEBUG com.wimfra.tourplanner.dataaccesslayer.DBService - Getting a (specific) single tour from the database..
2022-07-10 17:02:31.467 [JavaFX Application Thread] DEBUG com.wimfra.tourplanner.dataaccesslayer.DBService - Database connection successfully closed!
2022-07-10 17:02:31.487 [JavaFX Application Thread] DEBUG com.wimfra.tourplanner.dataaccesslayer.DBService - Database connection successfully established!
2022-07-10 17:02:31.487 [JavaFX Application Thread] DEBUG com.wimfra.tourplanner.dataaccesslayer.DBService - Getting all tours from the database..
2022-07-10 17:02:31.489 [JavaFX Application Thread] DEBUG com.wimfra.tourplanner.dataaccesslayer.DBService - Database connection successfully closed!
2022-07-10 17:02:32.411 [JavaFX Application Thread] DEBUG com.wimfra.tourplanner.dataaccesslayer.DBService - Database connection successfully established!
2022-07-10 17:02:32.411 [JavaFX Application Thread] DEBUG com.wimfra.tourplanner.dataaccesslayer.DBService - Getting a (specific) single tour from the database..
2022-07-10 17:02:32.413 [JavaFX Application Thread] DEBUG com.wimfra.tourplanner.dataaccesslayer.DBService - Database connection successfully closed!
2022-07-10 17:02:32.979 [JavaFX Application Thread] DEBUG com.wimfra.tourplanner.dataaccesslayer.DBService - Database connection successfully established!
2022-07-10 17:02:32.979 [JavaFX Application Thread] DEBUG com.wimfra.tourplanner.dataaccesslayer.DBService - Getting a (specific) single tour from the database..
2022-07-10 17:02:32.981 [JavaFX Application Thread] DEBUG com.wimfra.tourplanner.dataaccesslayer.DBService - Database connection successfully closed!
2022-07-10 17:02:33.377 [JavaFX Application Thread] DEBUG com.wimfra.tourplanner.dataaccesslayer.DBService - Database connection successfully established!
2022-07-10 17:02:33.377 [JavaFX Application Thread] DEBUG com.wimfra.tourplanner.dataaccesslayer.DBService - Getting a (specific) single tour from the database..
2022-07-10 17:02:33.379 [JavaFX Application Thread] DEBUG com.wimfra.tourplanner.dataaccesslayer.DBService - Database connection successfully closed!
2022-07-10 17:02:33.705 [JavaFX Application Thread] DEBUG com.wimfra.tourplanner.dataaccesslayer.DBService - Database connection successfully established!
2022-07-10 17:02:33.705 [JavaFX Application Thread] DEBUG com.wimfra.tourplanner.dataaccesslayer.DBService - Getting a (specific) single tour from the database..
2022-07-10 17:02:33.706 [JavaFX Application Thread] DEBUG com.wimfra.tourplanner.dataaccesslayer.DBService - Database connection successfully closed!
2022-07-10 17:02:34.354 [JavaFX Application Thread] DEBUG com.wimfra.tourplanner.dataaccesslayer.DBService - Database connection successfully established!
2022-07-10 17:02:34.354 [JavaFX Application Thread] DEBUG com.wimfra.tourplanner.dataaccesslayer.DBService - Getting a (specific) single tour from the database..
2022-07-10 17:02:34.356 [JavaFX Application Thread] DEBUG com.wimfra.tourplanner.dataaccesslayer.DBService - Database connection successfully closed!
2022-07-10 17:02:34.683 [JavaFX Application Thread] DEBUG com.wimfra.tourplanner.dataaccesslayer.DBService - Database connection successfully established!
2022-07-10 17:02:34.683 [JavaFX Application Thread] DEBUG com.wimfra.tourplanner.dataaccesslayer.DBService - Getting a (specific) single tour from the database..
2022-07-10 17:02:34.685 [JavaFX Application Thread] DEBUG com.wimfra.tourplanner.dataaccesslayer.DBService - Database connection successfully closed!
2022-07-10 17:02:35.048 [JavaFX Application Thread] DEBUG com.wimfra.tourplanner.dataaccesslayer.DBService - Database connection successfully established!
2022-07-10 17:02:35.048 [JavaFX Application Thread] DEBUG com.wimfra.tourplanner.dataaccesslayer.DBService - Getting a (specific) single tour from the database..
2022-07-10 17:02:35.051 [JavaFX Application Thread] DEBUG com.wimfra.tourplanner.dataaccesslayer.DBService - Database connection successfully closed!
2022-07-10 17:02:35.517 [JavaFX Application Thread] DEBUG com.wimfra.tourplanner.dataaccesslayer.DBService - Database connection successfully established!
2022-07-10 17:02:35.517 [JavaFX Application Thread] DEBUG com.wimfra.tourplanner.dataaccesslayer.DBService - Getting a (specific) single tour from the database..
2022-07-10 17:02:35.520 [JavaFX Application Thread] DEBUG com.wimfra.tourplanner.dataaccesslayer.DBService - Database connection successfully closed!
2022-07-10 17:02:35.948 [JavaFX Application Thread] DEBUG com.wimfra.tourplanner.dataaccesslayer.DBService - Database connection successfully established!
2022-07-10 17:02:35.948 [JavaFX Application Thread] DEBUG com.wimfra.tourplanner.dataaccesslayer.DBService - Getting a (specific) single tour from the database..
2022-07-10 17:02:35.950 [JavaFX Application Thread] DEBUG com.wimfra.tourplanner.dataaccesslayer.DBService - Database connection successfully closed!
2022-07-10 17:02:36.302 [JavaFX Application Thread] DEBUG com.wimfra.tourplanner.dataaccesslayer.DBService - Database connection successfully established!
2022-07-10 17:02:36.302 [JavaFX Application Thread] DEBUG com.wimfra.tourplanner.dataaccesslayer.DBService - Getting a (specific) single tour from the database..
2022-07-10 17:02:36.304 [JavaFX Application Thread] DEBUG com.wimfra.tourplanner.dataaccesslayer.DBService - Database connection successfully closed!
2022-07-10 17:02:37.700 [JavaFX Application Thread] DEBUG com.wimfra.tourplanner.dataaccesslayer.DBService - Database connection successfully established!
2022-07-10 17:02:37.700 [JavaFX Application Thread] DEBUG com.wimfra.tourplanner.dataaccesslayer.DBService - Getting a (specific) single tour from the database..
2022-07-10 17:02:37.703 [JavaFX Application Thread] DEBUG com.wimfra.tourplanner.dataaccesslayer.DBService - Database connection successfully closed!
2022-07-10 17:02:37.994 [JavaFX Application Thread] DEBUG com.wimfra.tourplanner.dataaccesslayer.DBService - Database connection successfully established!
2022-07-10 17:02:37.994 [JavaFX Application Thread] DEBUG com.wimfra.tourplanner.dataaccesslayer.DBService - Getting a (specific) single tour from the database..
2022-07-10 17:02:37.996 [JavaFX Application Thread] DEBUG com.wimfra.tourplanner.dataaccesslayer.DBService - Database connection successfully closed!
2022-07-10 17:02:38.276 [JavaFX Application Thread] DEBUG com.wimfra.tourplanner.dataaccesslayer.DBService - Database connection successfully established!
2022-07-10 17:02:38.276 [JavaFX Application Thread] DEBUG com.wimfra.tourplanner.dataaccesslayer.DBService - Getting a (specific) single tour from the database..
2022-07-10 17:02:38.278 [JavaFX Application Thread] DEBUG com.wimfra.tourplanner.dataaccesslayer.DBService - Database connection successfully closed!
2022-07-10 17:02:38.660 [JavaFX Application Thread] DEBUG com.wimfra.tourplanner.dataaccesslayer.DBService - Database connection successfully established!
2022-07-10 17:02:38.660 [JavaFX Application Thread] DEBUG com.wimfra.tourplanner.dataaccesslayer.DBService - Getting a (specific) single tour from the database..
2022-07-10 17:02:38.662 [JavaFX Application Thread] DEBUG com.wimfra.tourplanner.dataaccesslayer.DBService - Database connection successfully closed!
2022-07-10 17:02:42.741 [JavaFX Application Thread] DEBUG com.wimfra.tourplanner.dataaccesslayer.DBService - Database connection successfully established!
2022-07-10 17:02:42.741 [JavaFX Application Thread] DEBUG com.wimfra.tourplanner.dataaccesslayer.DBService - Getting all tours from the database..
2022-07-10 17:02:42.743 [JavaFX Application Thread] DEBUG com.wimfra.tourplanner.dataaccesslayer.DBService - Database connection successfully closed!
2022-07-10 17:02:43.318 [JavaFX Application Thread] DEBUG com.wimfra.tourplanner.dataaccesslayer.DBService - Database connection successfully established!
2022-07-10 17:02:43.318 [JavaFX Application Thread] DEBUG com.wimfra.tourplanner.dataaccesslayer.DBService - Getting a (specific) single tour from the database..
2022-07-10 17:02:43.320 [JavaFX Application Thread] DEBUG com.wimfra.tourplanner.dataaccesslayer.DBService - Database connection successfully closed!
2022-07-10 17:02:48.459 [JavaFX Application Thread] DEBUG com.wimfra.tourplanner.dataaccesslayer.DBService - Database connection successfully established!
2022-07-10 17:02:48.461 [JavaFX Application Thread] DEBUG com.wimfra.tourplanner.dataaccesslayer.DBService - Database connection successfully closed!
2022-07-10 17:02:48.474 [JavaFX Application Thread] DEBUG com.wimfra.tourplanner.dataaccesslayer.DBService - Database connection successfully established!
2022-07-10 17:02:48.474 [JavaFX Application Thread] DEBUG com.wimfra.tourplanner.dataaccesslayer.DBService - Deleting a single tour from the database..
2022-07-10 17:02:48.477 [JavaFX Application Thread] DEBUG com.wimfra.tourplanner.dataaccesslayer.DBService - Database connection successfully closed!
2022-07-10 17:02:48.478 [JavaFX Application Thread] DEBUG com.wimfra.tourplanner.dataaccesslayer.DBService - Database connection successfully closed!
2022-07-10 17:02:48.491 [JavaFX Application Thread] DEBUG com.wimfra.tourplanner.dataaccesslayer.DBService - Database connection successfully established!
2022-07-10 17:02:48.491 [JavaFX Application Thread] DEBUG com.wimfra.tourplanner.dataaccesslayer.DBService - Getting all logs from the database..
2022-07-10 17:02:48.492 [JavaFX Application Thread] DEBUG com.wimfra.tourplanner.dataaccesslayer.DBService - Database connection successfully closed!
2022-07-10 17:02:48.505 [JavaFX Application Thread] DEBUG com.wimfra.tourplanner.dataaccesslayer.DBService - Database connection successfully established!
2022-07-10 17:02:48.505 [JavaFX Application Thread] DEBUG com.wimfra.tourplanner.dataaccesslayer.DBService - Getting a (specific) single tour from the database..
2022-07-10 17:02:48.519 [JavaFX Application Thread] DEBUG com.wimfra.tourplanner.dataaccesslayer.DBService - Database connection successfully established!
2022-07-10 17:02:48.520 [JavaFX Application Thread] DEBUG com.wimfra.tourplanner.dataaccesslayer.DBService - Getting all tours from the database..
2022-07-10 17:02:48.522 [JavaFX Application Thread] DEBUG com.wimfra.tourplanner.dataaccesslayer.DBService - Database connection successfully closed!
2022-07-10 17:02:48.536 [JavaFX Application Thread] DEBUG com.wimfra.tourplanner.dataaccesslayer.DBService - Database connection successfully established!
2022-07-10 17:02:48.536 [JavaFX Application Thread] DEBUG com.wimfra.tourplanner.dataaccesslayer.DBService - Getting all tours from the database..
2022-07-10 17:02:48.538 [JavaFX Application Thread] DEBUG com.wimfra.tourplanner.dataaccesslayer.DBService - Database connection successfully closed!
2022-07-10 17:02:48.551 [JavaFX Application Thread] DEBUG com.wimfra.tourplanner.dataaccesslayer.DBService - Database connection successfully established!
2022-07-10 17:02:48.551 [JavaFX Application Thread] DEBUG com.wimfra.tourplanner.dataaccesslayer.DBService - Getting a (specific) single tour from the database..
2022-07-10 17:02:55.717 [JavaFX Application Thread] DEBUG com.wimfra.tourplanner.dataaccesslayer.DBService - Database connection successfully established!
2022-07-10 17:02:55.717 [JavaFX Application Thread] DEBUG com.wimfra.tourplanner.dataaccesslayer.DBService - Getting a (specific) single tour from the database..
2022-07-10 17:02:55.719 [JavaFX Application Thread] DEBUG com.wimfra.tourplanner.dataaccesslayer.DBService - Database connection successfully closed!
