2022-07-08 21:01:08.150 [JavaFX Application Thread] DEBUG com.wimfra.tourplanner.TourPlannerApplication - Program is starting
2022-07-08 21:01:08.152 [JavaFX Application Thread] DEBUG com.wimfra.tourplanner.TourPlannerApplication - Loading stage...
2022-07-08 21:01:08.173 [JavaFX Application Thread] DEBUG com.wimfra.tourplanner.configuration.PropertyConfigurationReader - Reading properties from file
2022-07-08 21:01:08.320 [JavaFX Application Thread] DEBUG com.wimfra.tourplanner.view.MenubarController - Setting up 'menubar-view.fxml'..
2022-07-08 21:01:08.480 [JavaFX Application Thread] DEBUG com.wimfra.tourplanner.view.TourListController - Setting up 'tour-list-view.fxml'..
2022-07-08 21:01:08.840 [JavaFX Application Thread] DEBUG com.wimfra.tourplanner.view.RouteController - Setting up 'route-view.fxml'..
2022-07-08 21:01:08.872 [JavaFX Application Thread] DEBUG com.wimfra.tourplanner.view.LogViewController - Setting up 'log-view.fxml'..
2022-07-08 21:01:09.420 [JavaFX Application Thread] DEBUG com.wimfra.tourplanner.TourPlannerApplication - Loading completed!
2022-07-08 21:01:16.122 [JavaFX Application Thread] DEBUG com.wimfra.tourplanner.view.EditTourController - Setting up 'edit-tour-view.fxml'..
2022-07-08 21:01:37.975 [JavaFX Application Thread] DEBUG com.wimfra.tourplanner.TourPlannerApplication - Program is starting
2022-07-08 21:01:37.977 [JavaFX Application Thread] DEBUG com.wimfra.tourplanner.TourPlannerApplication - Loading stage...
2022-07-08 21:01:37.997 [JavaFX Application Thread] DEBUG com.wimfra.tourplanner.configuration.PropertyConfigurationReader - Reading properties from file
2022-07-08 21:01:38.141 [JavaFX Application Thread] DEBUG com.wimfra.tourplanner.view.MenubarController - Setting up 'menubar-view.fxml'..
2022-07-08 21:01:38.299 [JavaFX Application Thread] DEBUG com.wimfra.tourplanner.view.TourListController - Setting up 'tour-list-view.fxml'..
2022-07-08 21:01:38.647 [JavaFX Application Thread] DEBUG com.wimfra.tourplanner.view.RouteController - Setting up 'route-view.fxml'..
2022-07-08 21:01:38.680 [JavaFX Application Thread] DEBUG com.wimfra.tourplanner.view.LogViewController - Setting up 'log-view.fxml'..
2022-07-08 21:01:39.207 [JavaFX Application Thread] DEBUG com.wimfra.tourplanner.TourPlannerApplication - Loading completed!
2022-07-08 21:04:19.718 [JavaFX Application Thread] DEBUG com.wimfra.tourplanner.TourPlannerApplication - Program is starting
2022-07-08 21:04:19.720 [JavaFX Application Thread] DEBUG com.wimfra.tourplanner.TourPlannerApplication - Loading stage...
2022-07-08 21:04:19.740 [JavaFX Application Thread] DEBUG com.wimfra.tourplanner.configuration.PropertyConfigurationReader - Reading properties from file
2022-07-08 21:04:19.914 [JavaFX Application Thread] DEBUG com.wimfra.tourplanner.view.MenubarController - Setting up 'menubar-view.fxml'
2022-07-08 21:04:20.073 [JavaFX Application Thread] DEBUG com.wimfra.tourplanner.view.TourListController - Setting up 'tour-list-view.fxml'
2022-07-08 21:04:20.420 [JavaFX Application Thread] DEBUG com.wimfra.tourplanner.view.RouteController - Setting up 'route-view.fxml'
2022-07-08 21:04:20.451 [JavaFX Application Thread] DEBUG com.wimfra.tourplanner.view.LogViewController - Setting up 'log-view.fxml'
2022-07-08 21:04:20.993 [JavaFX Application Thread] DEBUG com.wimfra.tourplanner.TourPlannerApplication - Loading completed!
2022-07-08 21:04:44.046 [JavaFX Application Thread] DEBUG com.wimfra.tourplanner.view.ClickMeController - Setting up 'add-log-view.fxml'
2022-07-08 21:04:51.603 [JavaFX Application Thread] DEBUG com.wimfra.tourplanner.view.ClickMeController - Setting up 'add-log-view.fxml'
2022-07-08 21:05:14.161 [JavaFX Application Thread] DEBUG com.wimfra.tourplanner.view.EditTourController - Setting up 'edit-tour-view.fxml'
2022-07-08 21:05:19.987 [JavaFX Application Thread] DEBUG com.wimfra.tourplanner.view.AddLogController - Setting up 'add-log-view.fxml'
2022-07-08 21:05:31.719 [JavaFX Application Thread] DEBUG com.wimfra.tourplanner.view.AddLogController - Creating new log in database...
2022-07-08 21:05:31.736 [JavaFX Application Thread] DEBUG com.wimfra.tourplanner.viewmodel.AddLogViewModel - Creating new log finished!
2022-07-08 21:06:44.617 [JavaFX Application Thread] DEBUG com.wimfra.tourplanner.TourPlannerApplication - Program is starting
2022-07-08 21:06:44.619 [JavaFX Application Thread] DEBUG com.wimfra.tourplanner.TourPlannerApplication - Loading stage...
2022-07-08 21:06:44.638 [JavaFX Application Thread] DEBUG com.wimfra.tourplanner.configuration.PropertyConfigurationReader - Reading properties from file
2022-07-08 21:06:44.786 [JavaFX Application Thread] DEBUG com.wimfra.tourplanner.view.MenubarController - Setting up 'menubar-view.fxml'
2022-07-08 21:06:44.942 [JavaFX Application Thread] DEBUG com.wimfra.tourplanner.view.TourListController - Setting up 'tour-list-view.fxml'
2022-07-08 21:06:45.293 [JavaFX Application Thread] DEBUG com.wimfra.tourplanner.view.RouteController - Setting up 'route-view.fxml'
2022-07-08 21:06:45.323 [JavaFX Application Thread] DEBUG com.wimfra.tourplanner.view.LogViewController - Setting up 'log-view.fxml'
2022-07-08 21:06:45.848 [JavaFX Application Thread] DEBUG com.wimfra.tourplanner.TourPlannerApplication - Loading completed!
2022-07-08 21:17:44.842 [JavaFX Application Thread] DEBUG com.wimfra.tourplanner.view.EditLogController - Setting up 'edit-log-view.fxml'
2022-07-08 21:18:16.182 [JavaFX Application Thread] WARN  com.itextpdf.layout.renderer.RootRenderer - Element does not fit current area. 
2022-07-08 21:18:16.291 [JavaFX Application Thread] WARN  com.itextpdf.layout.renderer.TableRenderer - Last row is not completed. Table bottom border may collapse as you do not expect it
2022-07-08 21:18:16.293 [JavaFX Application Thread] WARN  com.itextpdf.layout.renderer.TableRenderer - Last row is not completed. Table bottom border may collapse as you do not expect it
2022-07-08 21:25:10.829 [JavaFX Application Thread] DEBUG com.wimfra.tourplanner.TourPlannerApplication - Program is starting
2022-07-08 21:25:10.831 [JavaFX Application Thread] DEBUG com.wimfra.tourplanner.TourPlannerApplication - Loading stage...
2022-07-08 21:25:10.851 [JavaFX Application Thread] DEBUG com.wimfra.tourplanner.configuration.PropertyConfigurationReader - Reading properties from file
2022-07-08 21:25:11.027 [JavaFX Application Thread] DEBUG com.wimfra.tourplanner.view.MenubarController - Setting up 'menubar-view.fxml'
2022-07-08 21:25:11.196 [JavaFX Application Thread] DEBUG com.wimfra.tourplanner.view.TourListController - Setting up 'tour-list-view.fxml'
2022-07-08 21:25:11.555 [JavaFX Application Thread] DEBUG com.wimfra.tourplanner.view.RouteController - Setting up 'route-view.fxml'
2022-07-08 21:25:11.591 [JavaFX Application Thread] DEBUG com.wimfra.tourplanner.view.LogViewController - Setting up 'log-view.fxml'
2022-07-08 21:25:12.159 [JavaFX Application Thread] DEBUG com.wimfra.tourplanner.TourPlannerApplication - Loading completed!
2022-07-08 21:25:16.242 [JavaFX Application Thread] WARN  com.itextpdf.layout.renderer.RootRenderer - Element does not fit current area. 
2022-07-08 21:25:16.342 [JavaFX Application Thread] WARN  com.itextpdf.layout.renderer.TableRenderer - Last row is not completed. Table bottom border may collapse as you do not expect it
2022-07-08 21:25:16.344 [JavaFX Application Thread] WARN  com.itextpdf.layout.renderer.TableRenderer - Last row is not completed. Table bottom border may collapse as you do not expect it
2022-07-08 21:25:49.809 [JavaFX Application Thread] DEBUG com.wimfra.tourplanner.TourPlannerApplication - Program is starting
2022-07-08 21:25:49.811 [JavaFX Application Thread] DEBUG com.wimfra.tourplanner.TourPlannerApplication - Loading stage...
2022-07-08 21:25:49.831 [JavaFX Application Thread] DEBUG com.wimfra.tourplanner.configuration.PropertyConfigurationReader - Reading properties from file
2022-07-08 21:25:49.978 [JavaFX Application Thread] DEBUG com.wimfra.tourplanner.view.MenubarController - Setting up 'menubar-view.fxml'
2022-07-08 21:25:50.133 [JavaFX Application Thread] DEBUG com.wimfra.tourplanner.view.TourListController - Setting up 'tour-list-view.fxml'
2022-07-08 21:25:50.484 [JavaFX Application Thread] DEBUG com.wimfra.tourplanner.view.RouteController - Setting up 'route-view.fxml'
2022-07-08 21:25:50.517 [JavaFX Application Thread] DEBUG com.wimfra.tourplanner.view.LogViewController - Setting up 'log-view.fxml'
2022-07-08 21:25:51.094 [JavaFX Application Thread] DEBUG com.wimfra.tourplanner.TourPlannerApplication - Loading completed!
2022-07-08 21:25:54.796 [JavaFX Application Thread] WARN  com.itextpdf.layout.renderer.RootRenderer - Element does not fit current area. 
2022-07-08 21:25:54.891 [JavaFX Application Thread] WARN  com.itextpdf.layout.renderer.TableRenderer - Last row is not completed. Table bottom border may collapse as you do not expect it
2022-07-08 21:25:54.894 [JavaFX Application Thread] WARN  com.itextpdf.layout.renderer.TableRenderer - Last row is not completed. Table bottom border may collapse as you do not expect it
2022-07-08 21:26:23.024 [JavaFX Application Thread] DEBUG com.wimfra.tourplanner.TourPlannerApplication - Program is starting
2022-07-08 21:26:23.026 [JavaFX Application Thread] DEBUG com.wimfra.tourplanner.TourPlannerApplication - Loading stage...
2022-07-08 21:26:23.046 [JavaFX Application Thread] DEBUG com.wimfra.tourplanner.configuration.PropertyConfigurationReader - Reading properties from file
2022-07-08 21:26:23.196 [JavaFX Application Thread] DEBUG com.wimfra.tourplanner.view.MenubarController - Setting up 'menubar-view.fxml'
2022-07-08 21:26:23.349 [JavaFX Application Thread] DEBUG com.wimfra.tourplanner.view.TourListController - Setting up 'tour-list-view.fxml'
2022-07-08 21:26:23.690 [JavaFX Application Thread] DEBUG com.wimfra.tourplanner.view.RouteController - Setting up 'route-view.fxml'
2022-07-08 21:26:23.724 [JavaFX Application Thread] DEBUG com.wimfra.tourplanner.view.LogViewController - Setting up 'log-view.fxml'
2022-07-08 21:26:24.260 [JavaFX Application Thread] DEBUG com.wimfra.tourplanner.TourPlannerApplication - Loading completed!
2022-07-08 21:26:33.188 [JavaFX Application Thread] WARN  com.itextpdf.layout.renderer.RootRenderer - Element does not fit current area. 
2022-07-08 21:26:33.287 [JavaFX Application Thread] WARN  com.itextpdf.layout.renderer.TableRenderer - Last row is not completed. Table bottom border may collapse as you do not expect it
2022-07-08 21:26:33.289 [JavaFX Application Thread] WARN  com.itextpdf.layout.renderer.TableRenderer - Last row is not completed. Table bottom border may collapse as you do not expect it
2022-07-08 21:27:24.210 [JavaFX Application Thread] DEBUG com.wimfra.tourplanner.TourPlannerApplication - Program is starting
2022-07-08 21:27:24.212 [JavaFX Application Thread] DEBUG com.wimfra.tourplanner.TourPlannerApplication - Loading stage...
2022-07-08 21:27:24.231 [JavaFX Application Thread] DEBUG com.wimfra.tourplanner.configuration.PropertyConfigurationReader - Reading properties from file
2022-07-08 21:27:24.387 [JavaFX Application Thread] DEBUG com.wimfra.tourplanner.view.MenubarController - Setting up 'menubar-view.fxml'
2022-07-08 21:27:24.542 [JavaFX Application Thread] DEBUG com.wimfra.tourplanner.view.TourListController - Setting up 'tour-list-view.fxml'
2022-07-08 21:27:24.904 [JavaFX Application Thread] DEBUG com.wimfra.tourplanner.view.RouteController - Setting up 'route-view.fxml'
2022-07-08 21:27:24.937 [JavaFX Application Thread] DEBUG com.wimfra.tourplanner.view.LogViewController - Setting up 'log-view.fxml'
2022-07-08 21:27:25.498 [JavaFX Application Thread] DEBUG com.wimfra.tourplanner.TourPlannerApplication - Loading completed!
2022-07-08 21:27:27.399 [JavaFX Application Thread] DEBUG com.wimfra.tourplanner.view.MenubarController - Generating a summarized report of all tours...
2022-07-08 21:27:28.088 [JavaFX Application Thread] WARN  com.itextpdf.layout.renderer.RootRenderer - Element does not fit current area. 
2022-07-08 21:27:28.524 [JavaFX Application Thread] DEBUG com.wimfra.tourplanner.viewmodel.MenubarViewModel - Summarized Tour Report has been created successfully!
2022-07-08 21:27:31.993 [JavaFX Application Thread] WARN  com.itextpdf.layout.renderer.RootRenderer - Element does not fit current area. 
2022-07-08 21:27:32.013 [JavaFX Application Thread] WARN  com.itextpdf.layout.renderer.TableRenderer - Last row is not completed. Table bottom border may collapse as you do not expect it
2022-07-08 21:27:32.015 [JavaFX Application Thread] WARN  com.itextpdf.layout.renderer.TableRenderer - Last row is not completed. Table bottom border may collapse as you do not expect it
2022-07-08 21:27:46.763 [JavaFX Application Thread] DEBUG com.wimfra.tourplanner.TourPlannerApplication - Program is starting
2022-07-08 21:27:46.765 [JavaFX Application Thread] DEBUG com.wimfra.tourplanner.TourPlannerApplication - Loading stage...
2022-07-08 21:27:46.786 [JavaFX Application Thread] DEBUG com.wimfra.tourplanner.configuration.PropertyConfigurationReader - Reading properties from file
2022-07-08 21:27:46.938 [JavaFX Application Thread] DEBUG com.wimfra.tourplanner.view.MenubarController - Setting up 'menubar-view.fxml'
2022-07-08 21:27:47.097 [JavaFX Application Thread] DEBUG com.wimfra.tourplanner.view.TourListController - Setting up 'tour-list-view.fxml'
2022-07-08 21:27:47.471 [JavaFX Application Thread] DEBUG com.wimfra.tourplanner.view.RouteController - Setting up 'route-view.fxml'
2022-07-08 21:27:47.504 [JavaFX Application Thread] DEBUG com.wimfra.tourplanner.view.LogViewController - Setting up 'log-view.fxml'
2022-07-08 21:27:48.025 [JavaFX Application Thread] DEBUG com.wimfra.tourplanner.TourPlannerApplication - Loading completed!
2022-07-08 21:27:50.855 [JavaFX Application Thread] WARN  com.itextpdf.layout.renderer.RootRenderer - Element does not fit current area. 
2022-07-08 21:27:50.964 [JavaFX Application Thread] WARN  com.itextpdf.layout.renderer.TableRenderer - Last row is not completed. Table bottom border may collapse as you do not expect it
2022-07-08 21:27:50.967 [JavaFX Application Thread] WARN  com.itextpdf.layout.renderer.TableRenderer - Last row is not completed. Table bottom border may collapse as you do not expect it
2022-07-08 21:28:56.327 [JavaFX Application Thread] DEBUG com.wimfra.tourplanner.TourPlannerApplication - Program is starting
2022-07-08 21:28:56.329 [JavaFX Application Thread] DEBUG com.wimfra.tourplanner.TourPlannerApplication - Loading stage...
2022-07-08 21:28:56.350 [JavaFX Application Thread] DEBUG com.wimfra.tourplanner.configuration.PropertyConfigurationReader - Reading properties from file
2022-07-08 21:28:56.505 [JavaFX Application Thread] DEBUG com.wimfra.tourplanner.view.MenubarController - Setting up 'menubar-view.fxml'
2022-07-08 21:28:56.670 [JavaFX Application Thread] DEBUG com.wimfra.tourplanner.view.TourListController - Setting up 'tour-list-view.fxml'
2022-07-08 21:28:57.019 [JavaFX Application Thread] DEBUG com.wimfra.tourplanner.view.RouteController - Setting up 'route-view.fxml'
2022-07-08 21:28:57.051 [JavaFX Application Thread] DEBUG com.wimfra.tourplanner.view.LogViewController - Setting up 'log-view.fxml'
2022-07-08 21:28:57.597 [JavaFX Application Thread] DEBUG com.wimfra.tourplanner.TourPlannerApplication - Loading completed!
2022-07-08 21:29:01.445 [JavaFX Application Thread] WARN  com.itextpdf.layout.renderer.RootRenderer - Element does not fit current area. 
2022-07-08 21:29:01.541 [JavaFX Application Thread] WARN  com.itextpdf.layout.renderer.TableRenderer - Last row is not completed. Table bottom border may collapse as you do not expect it
2022-07-08 21:29:01.543 [JavaFX Application Thread] WARN  com.itextpdf.layout.renderer.TableRenderer - Last row is not completed. Table bottom border may collapse as you do not expect it
2022-07-08 21:29:01.583 [JavaFX Application Thread] WARN  com.itextpdf.layout.renderer.RootRenderer - Element does not fit current area. 
